Reading MSA file...
Removing fixed positions...

Library size limit:		1000000000
Sublibrary count limit:		2
Number of targets:		94
Number of variable positions:	73

Using approximate library size.

Academic license - for non-commercial use only
Parameter OutputFlag unchanged
   Value: 1  Min: 0  Max: 1  Default: 1
Changed value of parameter QCPDual to 1
   Prev: 0  Min: 0  Max: 1  Default: 0
Changed value of parameter TimeLimit to 172800.0
   Prev: 1e+100  Min: 0.0  Max: 1e+100  Default: 1e+100
Changed value of parameter Threads to 12
   Prev: 0  Min: 0  Max: 1024  Default: 0
Optimize a model with 719 rows, 123268 columns and 7322574 nonzeros
Variable types: 0 continuous, 123268 integer (123268 binary)
Coefficient statistics:
  Matrix range     [7e-01, 1e+09]
  Objective range  [1e+00, 1e+00]
  Bounds range     [1e+00, 1e+00]
  RHS range        [1e+00, 1e+09]
Warning: Model contains large matrix coefficients
         Consider reformulating model or setting NumericFocus parameter
         to avoid numerical issues.
Found heuristic solution: objective 0.0000000
Presolve removed 0 rows and 111688 columns (presolve time = 8s) ...
Presolve removed 188 rows and 111692 columns (presolve time = 10s) ...
Presolve removed 190 rows and 119810 columns (presolve time = 16s) ...
Presolve removed 188 rows and 119808 columns
Presolve time: 16.30s
Presolved: 531 rows, 3460 columns, 213758 nonzeros
Variable types: 2 continuous, 3458 integer (3458 binary)

Root simplex log...

Iteration    Objective       Primal Inf.    Dual Inf.      Time
       0   -9.4000000e+01   2.400000e+02   0.000000e+00     17s
     651   -9.4000000e+01   0.000000e+00   0.000000e+00     17s

Root relaxation: objective -9.400000e+01, 651 iterations, 0.06 seconds

    Nodes    |    Current Node    |     Objective Bounds      |     Work
 Expl Unexpl |  Obj  Depth IntInf | Incumbent    BestBd   Gap | It/Node Time

     0     0  -94.00000    0  178    0.00000  -94.00000      -     -   17s
H    0     0                      -2.0000000  -94.00000  4600%     -   18s
     0     0  -94.00000    0  208   -2.00000  -94.00000  4600%     -   19s
     0     0  -94.00000    0  244   -2.00000  -94.00000  4600%     -   19s
H    0     0                      -8.0000000  -94.00000  1075%     -   20s
H    0     0                     -10.0000000  -94.00000   840%     -   21s
H    0     0                     -17.0000000  -94.00000   453%     -   21s
     0     0  -94.00000    0  253  -17.00000  -94.00000   453%     -   21s
H    0     0                     -18.0000000  -94.00000   422%     -   21s
     0     0  -94.00000    0  236  -18.00000  -94.00000   422%     -   21s
H    0     0                     -26.0000000  -94.00000   262%     -   22s
H    0     0                     -28.0000000  -94.00000   236%     -   24s
H    0     0                     -32.0000000  -94.00000   194%     -   24s
     0     0  -94.00000    0  260  -32.00000  -94.00000   194%     -   24s
     0     0  -94.00000    0  233  -32.00000  -94.00000   194%     -   25s
H    0     0                     -35.0000000  -94.00000   169%     -   25s
     0     2  -94.00000    0  225  -35.00000  -94.00000   169%     -   27s
H   27    40                     -37.0000000  -94.00000   154%   539   30s
H   28    40                     -45.0000000  -94.00000   109%   537   30s
H   38    40                     -46.0000000  -94.00000   104%   466   30s
H   86    83                     -48.0000000  -94.00000  95.8%   299   32s
H   94    92                     -50.0000000  -94.00000  88.0%   291   32s
H  139   133                     -52.0000000  -94.00000  80.8%   222   34s
H  143   137                     -53.0000000  -94.00000  77.4%   236   34s
H  150   144                     -55.0000000  -94.00000  70.9%   225   34s
   151   142  -94.00000   10  249  -55.00000  -94.00000  70.9%   224   35s
   245   226  -94.00000   13  264  -55.00000  -94.00000  70.9%   174   49s
H  253   235                     -56.0000000  -94.00000  67.9%   171   49s
H  254   236                     -57.0000000  -94.00000  64.9%   170   49s
   257   240  -93.69523   14  343  -57.00000  -94.00000  64.9%   173   50s
  1186  1144  -94.00000   24  247  -57.00000  -94.00000  64.9%  77.5   55s
  2464  2242  -94.00000   34  286  -57.00000  -94.00000  64.9%  65.5   60s
  3058  2781  -94.00000   40  229  -57.00000  -94.00000  64.9%  78.5   65s
  3615  3227  -92.48226   49  355  -57.00000  -94.00000  64.9%  82.5   80s
  4721  4214  -91.66094  160  345  -57.00000  -94.00000  64.9%  78.1   85s
  4913  4357  -85.73231  100  165  -57.00000  -94.00000  64.9%  79.4   90s
  4915  4359  -93.94341   37  300  -57.00000  -94.00000  64.9%  79.3   96s
  4916  4359  -92.47817   89  279  -57.00000  -94.00000  64.9%  79.3  100s
  4918  4361  -84.10096  422  313  -57.00000  -94.00000  64.9%  79.3  106s
  4920  4362  -93.98339   13  317  -57.00000  -94.00000  64.9%  79.3  111s
  4922  4363  -62.51590  100  324  -57.00000  -94.00000  64.9%  79.2  119s
  4923  4364  -92.62366   37  394  -57.00000  -94.00000  64.9%  79.2  122s
  4924  4365  -82.23750  125  348  -57.00000  -94.00000  64.9%  79.2  126s
  4927  4370  -93.00000   16  248  -57.00000  -94.00000  64.9%  82.2  132s
  4941  4389  -93.00000   19  235  -57.00000  -94.00000  64.9%  82.5  135s
  5041  4438  -93.00000   23  261  -57.00000  -94.00000  64.9%  83.4  155s
  5338  4568  -91.85419   34  287  -57.00000  -94.00000  64.9%  84.3  160s
  5817  4728  -87.00000   48  241  -57.00000  -94.00000  64.9%  83.7  165s
  6462  4866 infeasible   72       -57.00000  -94.00000  64.9%  82.7  179s
  6478  4864  -77.93839   74  188  -57.00000  -94.00000  64.9%  82.6  180s
  7127  4981  -68.00000  100  148  -57.00000  -94.00000  64.9%  80.2  185s
  7781  5269  -77.88214   62  189  -57.00000  -94.00000  64.9%  79.0  190s
  8089  5380  -64.00000   90  144  -57.00000  -94.00000  64.9%  78.1  217s
  8378  5497  -89.00000   35  244  -57.00000  -94.00000  64.9%  77.8  220s
  9213  5860  -67.00000   92  118  -57.00000  -94.00000  64.9%  75.7  225s
  9820  6100  -85.90346   37  225  -57.00000  -93.87815  64.7%  75.0  232s
 10269  6305  -77.00000   60  171  -57.00000  -93.87815  64.7%  75.8  235s
 10772  6493  -93.22282   30  278  -57.00000  -93.77602  64.5%  76.8  240s
 11336  6704  -78.48336   61  180  -57.00000  -93.60042  64.2%  77.4  245s
 11910  6897  -59.97705  105  120  -57.00000  -93.43888  63.9%  78.6  250s
 12594  7157  -71.00000   72  152  -57.00000  -93.43888  63.9%  81.3  256s
 13422  7398  -83.00000   44  185  -57.00000  -93.31105  63.7%  82.7  278s
 13444  7398  -81.98541   47  192  -57.00000  -93.31105  63.7%  82.7  281s
 14288  7791  -90.87024   29  287  -57.00000  -93.04836  63.2%  84.4  287s
 14719  7994  -80.83829   51  240  -57.00000  -93.04836  63.2%  85.2  301s
 15615  8276  -91.83278   32  266  -57.00000  -93.00000  63.2%  86.9  308s
 16211  8492  -72.83082   75  178  -57.00000  -93.00000  63.2%  87.6  312s
 16743  8640 infeasible   42       -57.00000  -93.00000  63.2%  88.6  316s
 17272  8871  -86.63408   36  245  -57.00000  -93.00000  63.2%  89.9  320s
 17860  9121  -91.64423   26  281  -57.00000  -93.00000  63.2%  90.5  326s
 18528  9583  -74.00000   64  170  -57.00000  -93.00000  63.2%  90.8  330s
 19896 10546  -72.00000   66  169  -57.00000  -93.00000  63.2%  91.5  340s
 20538 10963  -86.75362   32  256  -57.00000  -93.00000  63.2%  92.6  345s
 21256 11472  -58.00000   98  125  -57.00000  -93.00000  63.2%  93.1  350s
 21930 11910  -74.00000   60  196  -57.00000  -92.99116  63.1%  93.9  356s
 22821 12444  -88.90788   30  275  -57.00000  -92.99116  63.1%  93.7  362s
 23633 12974  -68.98630   71  164  -57.00000  -92.96120  63.1%  93.8  384s
 24185 13367  -89.20739   37  275  -57.00000  -92.96120  63.1%  94.2  391s
 24891 13957  -63.00000   92  139  -57.00000  -92.91277  63.0%  94.1  398s
 25599 14485  -80.83067   57  214  -57.00000  -92.91277  63.0%  94.0  404s
 26406 15037 infeasible   30       -57.00000  -92.89772  63.0%  93.3  411s
 27275 15620 infeasible   71       -57.00000  -92.87940  62.9%  92.5  418s
 28115 16116  -66.97131   80  165  -57.00000  -92.87827  62.9%  92.6  446s
 28489 16362  -75.96955   59  193  -57.00000  -92.86205  62.9%  92.8  454s
 29419 17036  -80.89530   48  211  -57.00000  -92.83781  62.9%  92.9  463s
 30405 17758  -77.98317   55  207  -57.00000  -92.83611  62.9%  92.8  471s
 31493 18591  -61.26067  101   88  -57.00000  -92.83135  62.9%  92.3  479s
 32651 19372  -79.84214   51  220  -57.00000  -92.76773  62.8%  92.0  489s
 33717 20143  -82.57274   48  228  -57.00000  -92.74204  62.7%  92.1  498s
 34943 21074  -71.98824   64  123  -57.00000  -92.71836  62.7%  91.3  507s
 36246 22010  -88.62974   29  233  -57.00000  -92.69756  62.6%  90.8  758s
 36248 22011  -83.00000   67  165  -57.00000  -92.69756  62.6%  90.8  761s
 36250 22013  -78.00000   74  444  -57.00000  -92.69756  62.6%  90.8  770s
 36251 22013  -74.69735   68  450  -57.00000  -92.69756  62.6%  90.8  783s
 36252 22014  -67.98571   81  600  -57.00000  -92.69756  62.6%  90.8  793s
 36253 22015  -86.13996   35  660  -57.00000  -92.05816  61.5%  90.8  801s
 36261 22020  -72.00000   68  679  -57.00000  -90.84969  59.4%  90.8  805s
 36279 22032  -63.00000   96  691  -57.00000  -90.82834  59.3%  90.7  813s
 36280 22033  -84.47123   40  685  -57.00000  -90.74677  59.2%  90.7  819s
 36282 22034  -73.86461   69  688  -57.00000  -90.70384  59.1%  90.7  820s
 36297 22044  -75.00000   66  666  -57.00000  -90.66020  59.1%  90.7  827s
 36298 22045  -80.92941   57  667  -57.00000  -90.62273  59.0%  90.7  833s
 36307 22051  -59.90213  104  698  -57.00000  -90.55782  58.9%  90.7  835s
 36311 22053  -80.69216   52  690  -57.00000  -90.50684  58.8%  90.7  847s
 36318 22058  -63.00000   93  693  -57.00000  -90.45414  58.7%  90.6  855s
 36319 22059  -88.32849   38  674  -57.00000  -90.40992  58.6%  90.6  863s
 36331 22067  -90.36843   36  703  -57.00000  -90.36843  58.5%  90.6  865s
 36332 22067  -82.79182   47  702  -57.00000  -90.36836  58.5%  90.6  870s
 36333 22068  -62.94474  102  683  -57.00000  -90.35098  58.5%  90.6  879s
 36339 22072  -85.63619   46  701  -57.00000  -90.31999  58.5%  90.6  880s
 36345 22076  -65.99504   88  710  -57.00000  -90.31746  58.5%  90.6  886s
 36346 22077  -88.62974   29  676  -57.00000  -90.29924  58.4%  90.6  891s
 36359 22085  -88.96988   47  717  -57.00000  -90.26942  58.4%  90.5  897s
 36360 22086  -90.25336   34  690  -57.00000  -90.25336  58.3%  90.5  903s
 36369 22092  -84.82279   48  713  -57.00000  -90.23443  58.3%  90.5  905s
 36373 22095  -73.75513   72  719  -57.00000  -90.23359  58.3%  90.5  911s
 36374 22095  -87.60244   36  712  -57.00000  -90.23163  58.3%  90.5  919s
 36380 22099  -84.47123   40  709  -57.00000  -90.21854  58.3%  90.5  920s
 36384 22102  -85.60030   46  720  -57.00000  -90.21763  58.3%  90.5  926s
 36385 22103  -64.90640   96  686  -57.00000  -90.21215  58.3%  90.5  938s
 36394 22109  -86.11314   36  723  -57.00000  -90.18876  58.2%  90.5  945s
 36395 22109  -73.60559   60  694  -57.00000  -90.17394  58.2%  90.5  950s
 36405 22116  -69.93037   77  730  -57.00000  -90.15528  58.2%  90.4  958s
 36406 22117  -78.96594   56  689  -57.00000  -90.13822  58.1%  90.4  965s
 36415 22123  -85.90772   44  710  -57.00000  -90.12652  58.1%  90.4  973s
 36416 22123  -72.54315   67  697  -57.00000  -90.11987  58.1%  90.4 1001s
 36428 22131  -69.86533   81  700  -57.00000  -90.09905  58.1%  90.4 1008s
 36429 22132  -81.26682   41  698  -57.00000  -90.09059  58.1%  90.4 1014s
 36431 22133  -90.07894   36  695  -57.00000  -90.07894  58.0%  90.4 1015s
 36436 22137  -72.73896   70  712  -57.00000  -90.07585  58.0%  90.4 1020s
 36437 22137  -70.11989   76  689  -57.00000  -90.05985  58.0%  90.3 1026s
 36455 22149  -61.00000   98  718  -57.00000  -90.03240  58.0%  90.3 1030s
 36456 22150  -71.00000   74  713  -57.00000  -90.03240  58.0%  90.3 1035s
 36457 22151  -67.91979   81  692  -57.00000  -90.02162  57.9%  90.3 1040s
 36471 22160  -64.00000   86  711  -57.00000  -89.99898  57.9%  90.3 1048s
 36472 22161  -82.85566   43  688  -57.00000  -89.98690  57.9%  90.3 1054s
 36476 22163  -81.43633   53  700  -57.00000  -89.97636  57.9%  90.3 1055s
 36484 22169  -85.60030   46  711  -57.00000  -89.97113  57.8%  90.2 1062s
 36485 22169  -64.90640   96  692  -57.00000  -89.96192  57.8%  90.2 1068s
 36495 22176  -73.60559   60  691  -57.00000  -89.95336  57.8%  90.2 1075s
 36496 22177  -72.99280   65  663  -57.00000  -89.94944  57.8%  90.2 1081s
 36503 22181  -82.47631   48  706  -57.00000  -89.94589  57.8%  90.2 1088s
 36504 22182  -80.00000   68  681  -57.00000  -89.94007  57.8%  90.2 1095s
 36533 22201  -62.94474  102  713  -57.00000  -89.89399  57.7%  90.1 1104s
 36534 22202  -59.00000  103  687  -57.00000  -89.88217  57.7%  90.1 1110s
 36546 22210  -88.62974   29  695  -57.00000  -89.85433  57.6%  90.1 1116s
 36547 22211  -60.00000  109  682  -57.00000  -89.85001  57.6%  90.1 1121s
 36558 22218  -77.92930   53  696  -57.00000  -89.83514  57.6%  90.0 1127s
 36559 22219  -88.96988   47  692  -57.00000  -89.82653  57.6%  90.0 1132s
 36576 22230  -81.43633   53  702  -57.00000  -89.80572  57.6%  90.0 1135s
 36578 22231  -89.20192   31  682  -57.00000  -89.79862  57.5%  90.0 1147s
 36595 22243  -73.60559   60  704  -57.00000  -89.78675  57.5%  90.0 1154s
 36596 22243  -72.99280   65  689  -57.00000  -89.78302  57.5%  90.0 1161s
 36614 22255  -73.00000   65  691  -57.00000  -89.77042  57.5%  89.9 1168s
 36615 22256  -85.90772   44  665  -57.00000  -89.76026  57.5%  89.9 1175s
 36625 22263  -82.87028   50  688  -57.00000  -89.74980  57.5%  89.9 1182s
 36626 22263  -63.00000   90  690  -57.00000  -89.74970  57.5%  89.9 1187s
 36629 22265  -81.26682   41  697  -57.00000  -89.74931  57.5%  89.9 1190s
 36630 22266  -62.00000  101  687  -57.00000  -89.74620  57.4%  89.9 1196s
 36636 22270  -72.73896   70  685  -57.00000  -89.73944  57.4%  89.9 1201s
 36637 22271  -70.11989   76  681  -57.00000  -89.73941  57.4%  89.9 1206s
 36651 22280  -74.69735   68  683  -57.00000  -89.73250  57.4%  89.8 1214s
 36652 22281  -67.98571   81  647  -57.00000  -89.73250  57.4%  89.8 1220s
 36653 22281  -86.13996   35  683  -57.00000  -89.73250  57.4%  89.8 1226s
 36654 22282  -87.49910   43  662  -57.00000  -89.73250  57.4%  89.8 1233s
 36655 22283  -61.00000   98  672  -57.00000  -89.73250  57.4%  89.8 1237s
 36656 22283  -71.00000   74  682  -57.00000  -89.73250  57.4%  89.8 1245s
 36657 22284  -67.91979   81  700  -57.00000  -89.73249  57.4%  89.8 1250s
 36658 22285  -77.92930   53  636  -57.00000  -89.71121  57.4%  89.8 1258s
 36659 22285  -88.96988   47  665  -57.00000  -89.71119  57.4%  89.8 1264s
 36660 22286  -89.70960   34  658  -57.00000  -89.70960  57.4%  89.8 1269s
 36663 22288  -66.89135   82  652  -57.00000  -89.70325  57.4%  89.8 1270s
 36670 22293  -76.00000   58  697  -57.00000  -89.70012  57.4%  89.8 1276s
 36671 22293  -64.00000   86  685  -57.00000  -89.69837  57.4%  89.8 1283s
 36682 22301  -73.86461   69  700  -57.00000  -89.69008  57.4%  89.7 1285s
 36684 22302  -85.60030   46  690  -57.00000  -89.68938  57.3%  89.7 1295s
 36692 22307  -72.92142   69  710  -57.00000  -89.67118  57.3%  89.7 1301s
 36693 22308  -64.78472   88  688  -57.00000  -89.66841  57.3%  89.7 1307s
 36694 22309  -86.11314   36  681  -57.00000  -89.66841  57.3%  89.7 1311s
 36695 22309  -73.60559   60  671  -57.00000  -89.66759  57.3%  89.7 1316s
 36696 22310  -72.99280   65  682  -57.00000  -89.66759  57.3%  89.7 1321s
 36697 22311  -75.00000   66  661  -57.00000  -89.66753  57.3%  89.7 1328s
 36698 22311  -80.92941   57  662  -57.00000  -89.66747  57.3%  89.7 1333s
 36699 22312  -67.00000   85  666  -57.00000  -89.66746  57.3%  89.7 1339s
 36700 22313  -89.66746   27  659  -57.00000  -89.66746  57.3%  89.7 1345s
 36701 22313  -89.66746   35  671  -57.00000  -89.66746  57.3%  89.7 1352s
 36702 22314  -82.21337   40  650  -57.00000  -89.66746  57.3%  89.7 1358s
 36703 22315  -82.47631   48  672  -57.00000  -89.66687  57.3%  89.7 1364s
 36708 22318  -79.87265   59  702  -57.00000  -89.66099  57.3%  89.7 1365s
 36714 22322  -73.00000   65  702  -57.00000  -89.65781  57.3%  89.7 1371s
 36715 22323  -85.90772   44  675  -57.00000  -89.64896  57.3%  89.7 1376s
 36724 22329  -81.95066   54  697  -57.00000  -89.63287  57.3%  89.6 1384s
 36725 22329  -82.87028   50  668  -57.00000  -89.60936  57.2%  89.6 1389s
 36727 22331  -79.00000   55  693  -57.00000  -89.59635  57.2%  89.6 1390s
 36732 22334  -82.79182   47  705  -57.00000  -89.59357  57.2%  89.6 1395s
 36733 22335  -62.94474  102  684  -57.00000  -89.57904  57.2%  89.6 1402s
 36747 22344  -60.00000  109  711  -57.00000  -89.56883  57.1%  89.6 1409s
 36748 22345  -83.00000   67  690  -57.00000  -89.56395  57.1%  89.6 1414s
 36751 22347  -74.69735   68  709  -57.00000  -89.56090  57.1%  89.6 1415s
 36758 22351  -77.92930   53  719  -57.00000  -89.55936  57.1%  89.6 1420s
 36759 22352  -88.96988   47  692  -57.00000  -89.55487  57.1%  89.6 1426s
 36765 22356  -89.54771   28  714  -57.00000  -89.54771  57.1%  89.5 1431s
 36766 22357  -61.00000   94  685  -57.00000  -89.54701  57.1%  89.5 1437s
 36769 22359  -84.82279   48  714  -57.00000  -89.54613  57.1%  89.5 1442s
 36770 22359  -76.00000   58  693  -57.00000  -89.54370  57.1%  89.5 1448s
 36777 22364  -72.00000   75  718  -57.00000  -89.54073  57.1%  89.5 1454s
 36778 22365  -89.20192   31  692  -57.00000  -89.53821  57.1%  89.5 1459s
 36781 22367  -77.98630   54  693  -57.00000  -89.53479  57.1%  89.5 1460s
 36790 22373  -67.99296   86  715  -57.00000  -89.53210  57.1%  89.5 1466s
 36791 22373  -79.00000   75  688  -57.00000  -89.53162  57.1%  89.5 1472s
 36795 22376  -73.60559   60  711  -57.00000  -89.52832  57.1%  89.5 1478s
 36796 22377  -72.99280   65  693  -57.00000  -89.52707  57.1%  89.5 1483s
 36801 22380  -89.52533   35  707  -57.00000  -89.52533  57.1%  89.5 1489s
 36802 22381  -82.21337   40  672  -57.00000  -89.52269  57.1%  89.5 1496s
 36815 22389  -85.90772   44  720  -57.00000  -89.51661  57.0%  89.4 1503s
 36816 22390  -72.54315   67  681  -57.00000  -89.51290  57.0%  89.4 1509s
 36822 22394  -66.00000   83  712  -57.00000  -89.51062  57.0%  89.4 1510s
 36826 22397  -63.00000   90  704  -57.00000  -89.50953  57.0%  89.4 1519s
 36828 22398  -69.86533   81  709  -57.00000  -89.50762  57.0%  89.4 1520s
 36834 22402  -59.00000  103  713  -57.00000  -89.50499  57.0%  89.4 1526s
 36835 22403  -83.94484   45  712  -57.00000  -89.50493  57.0%  89.4 1531s
 36836 22403  -72.73896   70  713  -57.00000  -89.50487  57.0%  89.4 1535s
 36837 22404  -70.11989   76  705  -57.00000  -89.50392  57.0%  89.4 1551s
 36848 22411  -83.00000   67  713  -57.00000  -89.49580  57.0%  89.3 1557s
 36849 22412  -81.63096   54  694  -57.00000  -89.49470  57.0%  89.3 1563s
 36857 22417  -67.91979   81  685  -57.00000  -89.49274  57.0%  89.3 1569s
 36858 22418  -77.92930   53  667  -57.00000  -89.49274  57.0%  89.3 1576s
 36859 22419  -88.96988   47  678  -57.00000  -89.49274  57.0%  89.3 1580s
 36861 22420  -72.00000   68  679  -57.00000  -89.49065  57.0%  89.3 1585s
 36872 22427  -82.85566   43  710  -57.00000  -89.48394  57.0%  89.3 1592s
 36873 22428  -73.75513   72  675  -57.00000  -89.47990  57.0%  89.3 1597s
 36883 22435  -70.00000   75  710  -57.00000  -89.47486  57.0%  89.3 1603s
 36884 22435  -85.60030   46  695  -57.00000  -89.47342  57.0%  89.3 1608s
 36888 22438  -88.61823   34  701  -57.00000  -89.47222  57.0%  89.2 1613s
 36889 22439  -63.00000   88  675  -57.00000  -89.47206  57.0%  89.2 1619s
 36890 22439  -67.99296   86  696  -57.00000  -89.47201  57.0%  89.2 1622s
 36891 22440  -79.00000   75  693  -57.00000  -89.47200  57.0%  89.2 1625s
 36893 22441  -64.78472   88  690  -57.00000  -89.47200  57.0%  89.2 1632s
 36894 22442  -86.11314   36  694  -57.00000  -89.47193  57.0%  89.2 1635s
 36896 22443  -72.99280   65  689  -57.00000  -89.47179  57.0%  89.2 1641s
 36898 22445  -80.92941   57  687  -57.00000  -89.47171  57.0%  89.2 1647s
 36899 22445  -67.00000   85  699  -57.00000  -89.47167  57.0%  89.2 1650s
 36903 22448  -82.47631   48  705  -57.00000  -89.47107  57.0%  89.2 1657s
 36911 22453  -80.69216   52  714  -57.00000  -89.46892  57.0%  89.2 1660s
 36913 22455  -78.92748   52  701  -57.00000  -89.46858  57.0%  89.2 1666s
 36915 22456  -85.90772   44  715  -57.00000  -89.46847  57.0%  89.2 1672s
 36916 22457  -72.54315   67  679  -57.00000  -89.46812  57.0%  89.2 1675s
 36924 22462  -81.95066   54  707  -57.00000  -89.46460  57.0%  89.2 1681s
 36926 22463  -63.00000   90  675  -57.00000  -89.46409  57.0%  89.2 1687s
 36927 22464  -79.00000   55  694  -57.00000  -89.46403  57.0%  89.1 1690s
 36931 22467  -89.46088   36  694  -57.00000  -89.46088  56.9%  89.1 1696s
 36933 22468  -62.94474  102  664  -57.00000  -89.45431  56.9%  89.1 1700s
 36938 22471  -70.00000   86  631  -57.00000  -89.45208  56.9%  89.1 1707s
 36939 22472  -85.63619   46  663  -57.00000  -89.45208  56.9%  89.1 1710s
 36941 22473  -70.00000   78  651  -57.00000  -89.45208  56.9%  89.1 1717s
 36942 22474  -87.57984   40  670  -57.00000  -89.45205  56.9%  89.1 1722s
 36943 22475  -89.43027   29  682  -57.00000  -89.45200  56.9%  89.1 1725s
 36944 22475  -88.56618   35  646  -57.00000  -89.45159  56.9%  89.1 1738s
 36945 22476  -65.99504   88  689  -57.00000  -89.45089  56.9%  89.1 1741s
 36965 22489  -89.44160   28  706  -57.00000  -89.44160  56.9%  89.1 1748s
 36966 22490  -61.00000   94  692  -57.00000  -89.43768  56.9%  89.1 1753s
 36984 22502  -85.60030   46  717  -57.00000  -89.42890  56.9%  89.0 1755s
 36986 22503  -89.42872   32  714  -57.00000  -89.42872  56.9%  89.0 1760s
 36987 22504  -61.38998   92  699  -57.00000  -89.42779  56.9%  89.0 1765s
 36997 22511  -75.00000   66  709  -57.00000  -89.42418  56.9%  89.0 1771s
 36998 22511  -80.92941   57  684  -57.00000  -89.42225  56.9%  89.0 1776s
 37013 22521  -78.92748   52  718  -57.00000  -89.41696  56.9%  88.9 1782s
 37014 22522  -73.00000   65  699  -57.00000  -89.41611  56.9%  88.9 1786s
 37026 22530  -63.00000   90  711  -57.00000  -89.41081  56.9%  88.9 1792s
 37027 22531  -79.00000   55  684  -57.00000  -89.41075  56.9%  88.9 1796s
 37028 22531  -69.86533   81  692  -57.00000  -89.41064  56.9%  88.9 1801s
 37029 22532  -81.26682   41  674  -57.00000  -89.40723  56.9%  88.9 1806s
 37042 22541  -87.57984   40  718  -57.00000  -89.40059  56.8%  88.9 1812s
 37043 22541  -89.39722   29  692  -57.00000  -89.39722  56.8%  88.9 1817s
 37045 22543  -65.99504   88  696  -57.00000  -89.39692  56.8%  88.9 1822s
 37046 22543  -88.62974   29  689  -57.00000  -89.39692  56.8%  88.9 1826s
 37047 22544  -60.00000  109  689  -57.00000  -89.39692  56.8%  88.9 1832s
 37048 22545  -83.00000   67  684  -57.00000  -89.39687  56.8%  88.9 1837s
 37049 22545  -81.63096   54  698  -57.00000  -89.39678  56.8%  88.9 1842s
 37050 22546  -78.00000   74  687  -57.00000  -89.39634  56.8%  88.9 1847s
 37051 22547  -74.69735   68  688  -57.00000  -89.39634  56.8%  88.9 1852s
 37052 22547  -67.98571   81  693  -57.00000  -89.39631  56.8%  88.8 1858s
 37053 22548  -86.13996   35  674  -57.00000  -89.39631  56.8%  88.8 1862s
 37054 22549  -87.49910   43  682  -57.00000  -89.39631  56.8%  88.8 1868s
 37055 22549  -61.00000   98  687  -57.00000  -89.39631  56.8%  88.8 1873s
 37056 22550  -71.00000   74  681  -57.00000  -89.39618  56.8%  88.8 1880s
 37057 22551  -67.91979   81  706  -57.00000  -89.39615  56.8%  88.8 1885s
 37058 22551  -77.92930   53  683  -57.00000  -89.39577  56.8%  88.8 1890s
 37068 22558  -75.00000   67  715  -57.00000  -89.39205  56.8%  88.8 1896s
 37069 22559  -84.82279   48  692  -57.00000  -89.39068  56.8%  88.8 1901s
 37074 22562  -87.60244   36  710  -57.00000  -89.38586  56.8%  88.8 1906s
 37075 22563  -71.00000   82  711  -57.00000  -89.38491  56.8%  88.8 1910s
 37076 22563  -81.43633   53  708  -57.00000  -89.38491  56.8%  88.8 1915s
 37077 22564  -72.00000   75  685  -57.00000  -89.38235  56.8%  88.8 1920s
 37078 22565  -89.20192   31  673  -57.00000  -89.38230  56.8%  88.8 1926s
 37081 22570  -89.31496   31  639  -57.00000  -89.38230  56.8%  93.1 1934s
 37083 22573  -89.26300   32  617  -57.00000  -89.30799  56.7%  93.2 1955s
 37095 22587  -88.74388   34  601  -57.00000  -89.03243  56.2%  93.5 1961s
 37107 22595  -87.93817   35  613  -57.00000  -88.74385  55.7%  93.6 1979s
 37119 22603  -85.03147   35  493  -57.00000  -87.93570  54.3%  93.8 1980s
 37204 22650  -86.00000   38  538  -57.00000  -86.58629  51.9%  94.1 1985s
 37330 22729  -81.41426   40  465  -57.00000  -86.14359  51.1%  94.3 1990s
 37547 22829  -81.00000   44  482  -57.00000  -85.23838  49.5%  94.9 1995s
 37756 22927  -78.00000   47  482  -57.00000  -85.03067  49.2%  96.0 2000s
 38039 23051  -72.51968   50  415  -57.00000  -85.03067  49.2%  96.8 2005s
 38268 23156  -71.00000   54  450  -57.00000  -85.03067  49.2%  97.7 2011s
 38457 23225  -70.05290   56  473  -57.00000  -85.03067  49.2%  98.8 2015s
 38741 23341  -68.87865   60  482  -57.00000  -85.03067  49.2%   100 2021s
 39012 23443  -76.00000   56  511  -57.00000  -85.03067  49.2%   101 2025s
 39348 23574  -62.06118   69  315  -57.00000  -83.45299  46.4%   101 2030s
 39740 23699  -58.75145   75  265  -57.00000  -83.45299  46.4%   102 2036s
 40000 23837  -60.00000   82  304  -57.00000  -83.45299  46.4%   103 2041s
 40265 23905  -71.10442   37  351  -57.00000  -82.26393  44.3%   103 2046s
 40603 24023     cutoff   53       -57.00000  -82.15218  44.1%   104 2051s
 41021 24161  -75.56858   53  434  -57.00000  -81.98700  43.8%   105 2057s
 41215 24244  -71.67336   63  378  -57.00000  -81.82357  43.6%   105 2060s
 41690 24423  -61.66461   89  304  -57.00000  -81.79187  43.5%   105 2066s
 41909 24503  -58.69898   97  261  -57.00000  -81.69021  43.3%   105 2070s
 42444 24677  -67.03882   45  332  -57.00000  -81.58649  43.1%   105 2077s
 42753 24808  -61.77409   67  293  -57.00000  -81.58649  43.1%   106 2080s
 43280 24977  -66.85271   66  303  -57.00000  -81.31398  42.7%   106 2088s
 43567 25091     cutoff   91       -57.00000  -81.15979  42.4%   106 2092s
 43834 25203  -67.85015   61  280  -57.00000  -81.12747  42.3%   106 2097s
 44043 25296  -61.68589   80  249  -57.00000  -81.06280  42.2%   107 2101s
 44289 25385  -67.65929   44  300  -57.00000  -81.06280  42.2%   107 2106s
 44594 25504  -59.93194   75  263  -57.00000  -81.06280  42.2%   108 2111s
 44955 25624  -65.83222   62  287  -57.00000  -80.99341  42.1%   108 2120s
 45205 25708  -70.16736   49  376  -57.00000  -80.99341  42.1%   109 2143s
 45497 25829  -61.98943   72  321  -57.00000  -80.80274  41.8%   109 2148s
 45934 25962  -67.99579   50  291  -57.00000  -80.42705  41.1%   109 2154s
 46452 26126  -66.17372   49  303  -57.00000  -80.41664  41.1%   109 2160s
 46992 26318  -68.40715   54  293  -57.00000  -80.28005  40.8%   109 2166s
 47604 26521  -73.34655   50  313  -57.00000  -80.17395  40.7%   109 2172s
 48151 26701     cutoff   95       -57.00000  -80.17395  40.7%   109 2181s
 48564 26887  -77.01975   50  434  -57.00000  -79.82650  40.0%   109 2189s
 49235 27090  -67.55041   73  389  -57.00000  -79.82650  40.0%   109 2196s
 49703 27235  -58.98404   95  325  -57.00000  -79.82650  40.0%   109 2203s
 50244 27401  -75.22214   47  395  -57.00000  -79.42973  39.4%   110 2211s
 50939 27576  -60.09353   76  295  -57.00000  -79.27332  39.1%   110 2219s
 51639 27767  -69.14134   68  415  -57.00000  -79.05837  38.7%   110 2227s
 52440 27999  -66.36578   42  399  -57.00000  -78.93073  38.5%   111 2235s
 53148 28191  -62.86418   74  328  -57.00000  -78.78720  38.2%   111 2244s
 54004 28341  -61.49310   79  254  -57.00000  -78.48829  37.7%   112 2254s
 54846 28667  -60.76582   80  312  -57.00000  -78.40014  37.5%   112 2263s
 55603 28878  -61.92235   50  242  -57.00000  -78.30199  37.4%   113 2273s
 56509 29123  -61.27827   84  291  -57.00000  -78.28952  37.4%   113 2283s
 57366 29346  -63.54958   62  307  -57.00000  -78.00057  36.8%   114 2294s
 58385 29683  -70.67405   51  298  -57.00000  -78.00057  36.8%   114 2305s
 59312 30006  -60.68629   70  286  -57.00000  -77.67671  36.3%   114 2316s
 60303 30254  -63.12488   65  301  -57.00000  -77.39490  35.8%   114 2328s
 61380 30541  -69.32351   48  298  -57.00000  -77.27021  35.6%   115 2340s
 62494 30844  -60.38406   59  250  -57.00000  -77.02239  35.1%   115 2359s
 63271 31071  -61.71665   66  284  -57.00000  -77.00000  35.1%   115 2371s
 64389 31384 infeasible   95       -57.00000  -76.93895  35.0%   116 2386s
 65723 31745  -60.75555   59  251  -57.00000  -76.69213  34.5%   116 2419s
 67125 32159  -65.43585   53  254  -57.00000  -76.67053  34.5%   116 2434s
 68464 32570  -65.17495   56  313  -57.00000  -76.30926  33.9%   116 2448s
 69659 32894 infeasible   49       -57.00000  -76.18133  33.7%   116 2463s
 71008 33225  -59.55773   53  299  -57.00000  -75.97222  33.3%   117 2477s
 72143 33567  -59.58009   81  303  -57.00000  -75.85306  33.1%   117 2492s
 73365 33835  -65.13501   70  341  -57.00000  -75.69361  32.8%   117 2510s
 74460 34075  -68.97515   44  387  -57.00000  -75.59438  32.6%   117 2524s
 75676 34418  -59.96933   81  326  -57.00000  -75.48392  32.4%   117 2539s
 76893 34630  -58.98218   76  278  -57.00000  -75.33736  32.2%   117 2553s
 77945 34825  -59.62420   53  364  -57.00000  -75.13935  31.8%   118 2568s
 78825 35067  -70.66190   62  402  -57.00000  -75.08223  31.7%   118 2583s
 79991 35297  -67.09690   64  367  -57.00000  -74.98250  31.5%   119 2599s
H81295 30262                     -59.0000000  -74.90939  27.0%   119 2599s
 81508 30237  -65.57263   62  273  -59.00000  -74.84438  26.9%   119 2662s
H81598 26212                     -60.0000000  -74.84438  24.7%   119 2662s
H82282 22541                     -61.0000000  -74.74695  22.5%   119 2662s
 82646 22451     cutoff   55       -61.00000  -74.65969  22.4%   119 2678s
 84278 22546  -64.51664   41  339  -61.00000  -74.42244  22.0%   119 2694s
H84947 19021                     -62.0000000  -74.31649  19.9%   120 2694s
 85657 18913     cutoff   46       -62.00000  -74.19192  19.7%   120 2709s
 87141 18939  -69.62825   61  407  -62.00000  -73.95748  19.3%   121 2724s
 88207 18853  -68.58063   65  381  -62.00000  -73.72340  18.9%   122 2739s
 89641 18862  -68.69278   55  351  -62.00000  -73.46245  18.5%   123 2753s
 90917 18768  -69.84190   53  352  -62.00000  -73.19716  18.1%   124 2777s
 92364 18778     cutoff   63       -62.00000  -73.00851  17.8%   125 2791s
 93721 19200  -69.88538   40  346  -62.00000  -72.79801  17.4%   125 2805s
 94804 19411     cutoff   51       -62.00000  -72.64227  17.2%   126 2819s
 96053 19711     cutoff   63       -62.00000  -72.45310  16.9%   127 2832s
 97322 20053  -67.88120   59  334  -62.00000  -72.33461  16.7%   128 2846s
 98600 20353  -64.75563   54  310  -62.00000  -72.07617  16.3%   129 2859s
 99961 20699     cutoff   74       -62.00000  -71.96119  16.1%   129 2872s
 101142 20883  -66.93164   53  235  -62.00000  -71.75508  15.7%   130 2886s
 102295 21107  -64.06983   70  285  -62.00000  -71.54476  15.4%   131 2900s
 103509 21309  -64.46588   48  256  -62.00000  -71.45552  15.3%   132 2913s
 104717 21553  -67.10078   58  343  -62.00000  -71.25551  14.9%   133 2928s
 105916 21809     cutoff   64       -62.00000  -71.12586  14.7%   133 2947s
 106999 21958  -68.14152   62  354  -62.00000  -70.99254  14.5%   134 2964s
 108126 22135  -66.45524   72  348  -62.00000  -70.91579  14.4%   135 2980s
 109485 22339  -63.34993   55  310  -62.00000  -70.71862  14.1%   135 2994s
 110674 22556     cutoff   64       -62.00000  -70.55827  13.8%   136 3008s
 111892 22713  -64.26696   74  382  -62.00000  -70.43808  13.6%   137 3023s
 112908 22807 infeasible   52       -62.00000  -70.31156  13.4%   137 3038s
 114051 22978  -68.65957   62  384  -62.00000  -70.19813  13.2%   138 3054s
 115295 23179  -66.15260   67  374  -62.00000  -70.08172  13.0%   139 3068s
 116334 23305  -63.71883   79  383  -62.00000  -70.00000  12.9%   139 3089s
 117501 23495     cutoff   46       -62.00000  -69.89919  12.7%   140 3106s
 118294 23518  -65.51537   69  355  -62.00000  -69.81154  12.6%   141 3120s
 119285 23547     cutoff   81       -62.00000  -69.70014  12.4%   141 3134s
 120334 23604     cutoff   74       -62.00000  -69.54489  12.2%   142 3150s
 121387 23647  -65.10146   68  317  -62.00000  -69.44098  12.0%   143 3164s
 122423 23647  -63.45243   51  322  -62.00000  -69.32300  11.8%   144 3179s
 123466 23697  -66.12958   53  356  -62.00000  -69.19532  11.6%   144 3193s
 124592 23711  -68.37412   53  359  -62.00000  -69.11523  11.5%   145 3219s
 125632 23726  -65.36631   59  246  -62.00000  -69.00000  11.3%   146 3234s
 126593 23698  -66.24315   67  369  -62.00000  -68.91514  11.2%   147 3247s
 127702 23715  -65.00637   55  261  -62.00000  -68.79934  11.0%   147 3262s
 128607 23664  -67.33425   54  342  -62.00000  -68.72182  10.8%   148 3278s
 129630 23606     cutoff   49       -62.00000  -68.65803  10.7%   149 3290s
 130680 23628     cutoff   58       -62.00000  -68.51302  10.5%   149 3304s
 131553 23545     cutoff   58       -62.00000  -68.46425  10.4%   150 3320s
 132631 23550     cutoff   61       -62.00000  -68.35988  10.3%   151 3334s
 133696 23535  -68.20797   53  274  -62.00000  -68.26684  10.1%   151 3347s
 134704 23493     cutoff   58       -62.00000  -68.18239  10.0%   152 3361s
 135685 23460 infeasible   47       -62.00000  -68.09278  9.83%   152 3375s
 136616 23431  -66.44926   71  414  -62.00000  -68.01121  9.70%   153 3392s
 137519 23374     cutoff   51       -62.00000  -67.99407  9.67%   153 3411s
 138397 23307     cutoff   54       -62.00000  -67.89608  9.51%   154 3426s
 139213 23212     cutoff   50       -62.00000  -67.80157  9.36%   154 3441s
 140043 23126     cutoff   60       -62.00000  -67.72497  9.23%   155 3457s
 140986 23079  -67.30557   61  359  -62.00000  -67.65751  9.13%   155 3473s
 141805 22978     cutoff   71       -62.00000  -67.58377  9.01%   156 3486s
 142635 22887  -63.36827   51  239  -62.00000  -67.51385  8.89%   156 3498s
 143442 22754     cutoff   54       -62.00000  -67.45305  8.80%   157 3517s
 144210 22615     cutoff   70       -62.00000  -67.39519  8.70%   157 3536s
 144963 22476     cutoff   68       -62.00000  -67.33439  8.60%   158 3557s
 145696 22350  -66.81656   66  367  -62.00000  -67.26656  8.49%   158 3573s
 146465 22202     cutoff   71       -62.00000  -67.20399  8.39%   159 3585s
 147189 22071  -63.16502   60  239  -62.00000  -67.14810  8.30%   159 3596s
 147958 21932     cutoff   70       -62.00000  -67.08523  8.20%   160 3610s
 148589 21769     cutoff   57       -62.00000  -67.03061  8.11%   160 3626s
 149311 21613     cutoff   68       -62.00000  -66.97597  8.03%   161 3641s
 150078 21490     cutoff   59       -62.00000  -66.91790  7.93%   161 3653s
 150717 21318     cutoff   61       -62.00000  -66.86005  7.84%   161 3666s
 151409 21151     cutoff   54       -62.00000  -66.80826  7.76%   162 3676s
 152071 20993     cutoff   61       -62.00000  -66.75909  7.68%   162 3686s
 152637 20806     cutoff   47       -62.00000  -66.71007  7.60%   163 3694s
 153250 20629     cutoff   56       -62.00000  -66.65514  7.51%   163 3706s
 153865 20433     cutoff   74       -62.00000  -66.60881  7.43%   163 3716s
 154422 20238  -65.55547   69  321  -62.00000  -66.56019  7.36%   164 3727s
 155081 20084  -65.82757   64  369  -62.00000  -66.51052  7.28%   164 3749s
 155630 19894     cutoff   56       -62.00000  -66.48292  7.23%   165 3761s
 156361 19757     cutoff   69       -62.00000  -66.41296  7.12%   165 3773s
 156971 19590     cutoff   47       -62.00000  -66.36301  7.04%   165 3781s
 157521 19384     cutoff   62       -62.00000  -66.31715  6.96%   166 3789s
 158082 19169     cutoff   60       -62.00000  -66.27610  6.90%   166 3797s
 158647 18977     cutoff   50       -62.00000  -66.23007  6.82%   167 3806s
 159292 18815     cutoff   67       -62.00000  -66.18481  6.75%   167 3817s
 159933 18639     cutoff   76       -62.00000  -66.14450  6.68%   167 3826s
 160355 18409 infeasible   75       -62.00000  -66.10213  6.62%   168 3835s
 160952 18234     cutoff   52       -62.00000  -66.06511  6.56%   168 3845s
 161547 18047     cutoff   56       -62.00000  -66.02517  6.49%   168 3854s
 162200 17963     cutoff   73       -62.00000  -65.98722  6.43%   169 3932s
 162485 17711     cutoff   60       -62.00000  -65.98277  6.42%   169 3943s
 162968 17497     cutoff   60       -62.00000  -65.92431  6.33%   169 3954s
 163518 17293  -65.42937   53  269  -62.00000  -65.87984  6.26%   170 3962s
 164101 17099     cutoff   60       -62.00000  -65.83991  6.19%   170 3971s
 164594 16890  -65.75323   67  351  -62.00000  -65.80211  6.13%   170 3980s
 165082 16683     cutoff   78       -62.00000  -65.76196  6.07%   171 3989s
 165615 16461     cutoff   56       -62.00000  -65.72362  6.01%   171 3998s
 166110 16243     cutoff   60       -62.00000  -65.68242  5.94%   171 4012s
 166658 16045  -65.25888   69  347  -62.00000  -65.65784  5.90%   171 4020s
 167163 15831  -63.63024   66  261  -62.00000  -65.62063  5.84%   172 4036s
 167598 15599     cutoff   74       -62.00000  -65.58220  5.78%   172 4045s
 168047 15378     cutoff   56       -62.00000  -65.54760  5.72%   172 4053s
 168537 15158     cutoff   76       -62.00000  -65.51416  5.67%   173 4061s
 169004 14933     cutoff   80       -62.00000  -65.47983  5.61%   173 4068s
 169465 14701  -64.48685   78  338  -62.00000  -65.44449  5.56%   173 4074s
 169901 14473     cutoff   58       -62.00000  -65.41123  5.50%   173 4081s
 170335 14249     cutoff   48       -62.00000  -65.37916  5.45%   174 4087s
 170770 14015     cutoff   49       -62.00000  -65.34902  5.40%   174 4095s
 171228 13788  -63.51676   63  272  -62.00000  -65.31603  5.35%   174 4103s
 171678 13550     cutoff   61       -62.00000  -65.28089  5.29%   174 4109s
 172128 13329     cutoff   76       -62.00000  -65.25349  5.25%   175 4117s
 172621 13109     cutoff   65       -62.00000  -65.22408  5.20%   175 4123s
 173068 12879  -64.43672   64  281  -62.00000  -65.19440  5.15%   175 4133s
 173630 12674  -64.88695   66  320  -62.00000  -65.17551  5.12%   175 4140s
 174008 12436     cutoff   75       -62.00000  -65.12903  5.05%   176 4150s
 174504 12215     cutoff   57       -62.00000  -65.10028  5.00%   176 4157s
 174983 11990     cutoff   56       -62.00000  -65.07346  4.96%   176 4165s
 175453 11753     cutoff   72       -62.00000  -65.04294  4.91%   176 4171s
 175918 11523     cutoff   60       -62.00000  -65.01453  4.86%   177 4182s
 176376 11291     cutoff   55       -62.00000  -64.99135  4.82%   177 4188s
 176751 11054     cutoff   71       -62.00000  -64.96435  4.78%   177 4199s
 177196 10825     cutoff   57       -62.00000  -64.93229  4.73%   177 4207s
 177610 10583     cutoff   73       -62.00000  -64.90619  4.69%   178 4214s
 178033 10345  -64.06693   75  327  -62.00000  -64.88006  4.65%   178 4222s
 178462 10103     cutoff   68       -62.00000  -64.84971  4.60%   178 4231s
 178903  9865     cutoff   74       -62.00000  -64.82059  4.55%   178 4239s
 179303  9623  -63.67573   64  345  -62.00000  -64.79249  4.50%   179 4244s
 179710  9380     cutoff   66       -62.00000  -64.76446  4.46%   179 4251s
 180164  9140     cutoff   66       -62.00000  -64.73773  4.42%   179 4259s
 180536  8898     cutoff   59       -62.00000  -64.71003  4.37%   179 4265s
 180926  8651     cutoff   68       -62.00000  -64.68358  4.33%   179 4270s
 181307  8408     cutoff   56       -62.00000  -64.65621  4.28%   180 4277s
 181737  8160     cutoff   59       -62.00000  -64.62718  4.24%   180 4283s
 182171  7921  -64.33452   53  245  -62.00000  -64.60089  4.19%   180 4289s
 182562  7676 infeasible   65       -62.00000  -64.57180  4.15%   180 4296s
 182966  7440     cutoff   63       -62.00000  -64.54165  4.10%   180 4310s
 183355  7194     cutoff   77       -62.00000  -64.51932  4.06%   181 4317s
 183818  6953     cutoff   65       -62.00000  -64.48538  4.01%   181 4324s
 184248  6707     cutoff   81       -62.00000  -64.45659  3.96%   181 4329s
 184569  6457     cutoff   72       -62.00000  -64.42218  3.91%   181 4335s
 185011  6208     cutoff   66       -62.00000  -64.38901  3.85%   181 4340s
 185404  5961     cutoff   69       -62.00000  -64.35939  3.81%   181 4345s
 185807  5718     cutoff   51       -62.00000  -64.32710  3.75%   182 4351s
 186160  5470     cutoff   80       -62.00000  -64.29378  3.70%   182 4356s
 186562  5230     cutoff   72       -62.00000  -64.26392  3.65%   182 4363s
 186945  4984     cutoff   70       -62.00000  -64.22774  3.59%   182 4367s
 187292  4733     cutoff   57       -62.00000  -64.19012  3.53%   182 4372s
 187676  4491  -63.57633   71  282  -62.00000  -64.15221  3.47%   182 4378s
 188021  4242     cutoff   79       -62.00000  -64.11489  3.41%   182 4385s
 188439  3993     cutoff   71       -62.00000  -64.07266  3.34%   183 4390s
 188768  3742     cutoff   75       -62.00000  -64.03191  3.28%   183 4396s
 189135  3493     cutoff   58       -62.00000  -63.98947  3.21%   183 4400s
 189491  3244 infeasible   74       -62.00000  -63.94447  3.14%   183 4405s
 189839  2992     cutoff   51       -62.00000  -63.89399  3.05%   183 4411s
 190198  2742  -63.45794   68  355  -62.00000  -63.84579  2.98%   183 4416s
 190580  2495     cutoff   50       -62.00000  -63.79363  2.89%   183 4420s
 191205  1992     cutoff   54       -62.00000  -63.66197  2.68%   183 4428s
 191521  1763     cutoff   60       -62.00000  -63.59361  2.57%   183 4449s
 191792  1510     cutoff   55       -62.00000  -63.57227  2.54%   183 4453s
 192080  1261     cutoff   50       -62.00000  -63.46379  2.36%   183 4456s
 192630   757     cutoff   56       -62.00000  -63.32513  2.14%   183 4462s
 192895   505     cutoff   62       -62.00000  -63.24319  2.01%   183 4465s
 193669     0     cutoff   84       -62.00000  -62.99994  1.61%   183 4470s

Cutting planes:
  Gomory: 101
  Cover: 4
  Clique: 23
  MIR: 54
  Flow cover: 93
  GUB cover: 1321
  Inf proof: 9
  Zero half: 256

Explored 193670 nodes (35479910 simplex iterations) in 4471.80 seconds
Thread count was 12 (of 40 available processors)

Solution count 10: -62 -61 -60 ... -50

Optimal solution found (tolerance 1.00e-04)
Best objective -6.200000000000e+01, best bound -6.200000000000e+01, gap 0.0000%

Number of covered targets:	62
Total library size:		759693312
Probability on target:		0.00000

Writing output...
