Reading MSA file...
Removing fixed positions...

Library size limit:		100000000
Sublibrary count limit:		2
Number of targets:		94
Number of variable positions:	73

Using approximate library size.

Academic license - for non-commercial use only
Parameter OutputFlag unchanged
   Value: 1  Min: 0  Max: 1  Default: 1
Changed value of parameter QCPDual to 1
   Prev: 0  Min: 0  Max: 1  Default: 0
Changed value of parameter TimeLimit to 172800.0
   Prev: 1e+100  Min: 0.0  Max: 1e+100  Default: 1e+100
Changed value of parameter Threads to 12
   Prev: 0  Min: 0  Max: 1024  Default: 0
Optimize a model with 719 rows, 123268 columns and 7322574 nonzeros
Variable types: 0 continuous, 123268 integer (123268 binary)
Coefficient statistics:
  Matrix range     [7e-01, 1e+08]
  Objective range  [1e+00, 1e+00]
  Bounds range     [1e+00, 1e+00]
  RHS range        [1e+00, 1e+08]
Warning: Model contains large matrix coefficients
         Consider reformulating model or setting NumericFocus parameter
         to avoid numerical issues.
Found heuristic solution: objective 0.0000000
Presolve removed 0 rows and 111688 columns (presolve time = 8s) ...
Presolve removed 188 rows and 111692 columns (presolve time = 10s) ...
Presolve removed 190 rows and 119810 columns (presolve time = 15s) ...
Presolve removed 188 rows and 119808 columns
Presolve time: 15.47s
Presolved: 531 rows, 3460 columns, 213758 nonzeros
Variable types: 2 continuous, 3458 integer (3458 binary)

Root simplex log...

Iteration    Objective       Primal Inf.    Dual Inf.      Time
       0   -9.4000000e+01   2.400000e+02   0.000000e+00     16s
     635   -9.4000000e+01   0.000000e+00   0.000000e+00     16s

Root relaxation: objective -9.400000e+01, 635 iterations, 0.06 seconds

    Nodes    |    Current Node    |     Objective Bounds      |     Work
 Expl Unexpl |  Obj  Depth IntInf | Incumbent    BestBd   Gap | It/Node Time

     0     0  -94.00000    0  190    0.00000  -94.00000      -     -   16s
H    0     0                      -1.0000000  -94.00000  9300%     -   16s
H    0     0                      -3.0000000  -94.00000  3033%     -   16s
H    0     0                      -4.0000000  -94.00000  2250%     -   17s
H    0     0                      -6.0000000  -94.00000  1467%     -   17s
H    0     0                      -9.0000000  -94.00000   944%     -   18s
     0     0  -94.00000    0  219   -9.00000  -94.00000   944%     -   18s
H    0     0                     -12.0000000  -94.00000   683%     -   18s
     0     0  -94.00000    0  241  -12.00000  -94.00000   683%     -   18s
H    0     0                     -33.0000000  -94.00000   185%     -   20s
     0     0  -94.00000    0  243  -33.00000  -94.00000   185%     -   20s
     0     0  -94.00000    0  238  -33.00000  -94.00000   185%     -   20s
     0     2  -94.00000    0  221  -33.00000  -94.00000   185%     -   23s
H   27    40                     -35.0000000  -94.00000   169%   270   25s
H   28    40                     -37.0000000  -94.00000   154%   264   25s
H   32    40                     -39.0000000  -94.00000   141%   258   25s
H   82    81                     -40.0000000  -94.00000   135%   183   26s
H   83    82                     -41.0000000  -94.00000   129%   189   26s
H   84    83                     -43.0000000  -94.00000   119%   186   26s
H   85    84                     -44.0000000  -94.00000   114%   184   26s
H  138   134                     -45.0000000  -94.00000   109%   146   27s
H  184   178                     -46.0000000  -94.00000   104%   119   28s
H  185   179                     -47.0000000  -94.00000   100%   118   28s
   229   219  -94.00000   12  228  -47.00000  -94.00000   100%   110   36s
H  230   219                     -49.0000000  -94.00000  91.8%   110   36s
H  233   221                     -50.0000000  -94.00000  88.0%   109   36s
H  240   224                     -52.0000000  -94.00000  80.8%   108   36s
  1551  1307  -94.00000   23  228  -52.00000  -94.00000  80.8%  39.6   40s
  3090  2635  -94.00000   35  230  -52.00000  -94.00000  80.8%  36.2   45s
  3550  2916  -94.00000   39  239  -52.00000  -94.00000  80.8%  39.3   58s
H 3552  2915                     -54.0000000  -94.00000  74.1%  39.2   58s
  3818  3161  -94.00000   41  230  -54.00000  -94.00000  74.1%  43.0   60s
  4286  3574  -81.18629   36  170  -54.00000  -94.00000  74.1%  44.1   65s
  4288  3576  -87.40963  188  278  -54.00000  -94.00000  74.1%  44.1   72s
  4289  3576  -91.89126   18  275  -54.00000  -94.00000  74.1%  44.1   75s
  4291  3578  -91.96696   70  306  -54.00000  -94.00000  74.1%  44.1   82s
  4293  3579  -84.77776  110  308  -54.00000  -94.00000  74.1%  44.0   86s
  4295  3580  -90.20829   56  334  -54.00000  -94.00000  74.1%  44.0   96s
  4296  3581  -90.84328   53  390  -54.00000  -94.00000  74.1%  44.0  100s
  4297  3582  -83.27875  112  343  -54.00000  -94.00000  74.1%  44.0  106s
  4299  3583  -90.86086  100  301  -54.00000  -94.00000  74.1%  44.0  110s
  4306  3595  -94.00000   18  255  -54.00000  -94.00000  74.1%  48.1  115s
  4413  3645  -90.00000   24  233  -54.00000  -94.00000  74.1%  51.8  129s
H 4414  3467                     -55.0000000  -94.00000  70.9%  51.8  129s
  4444  3475  -90.00000   25  235  -55.00000  -94.00000  70.9%  52.2  130s
  4876  3685  -87.31231   42  238  -55.00000  -94.00000  70.9%  55.2  135s
H 5278  3684                     -57.0000000  -94.00000  64.9%  57.3  149s
  5291  3675 infeasible   56       -57.00000  -94.00000  64.9%  57.4  150s
  6049  3874  -81.97921   55  149  -57.00000  -94.00000  64.9%  60.9  155s
  6815  4170  -91.82841   27  271  -57.00000  -94.00000  64.9%  61.6  215s
  7211  4361  -83.87633   47  176  -57.00000  -94.00000  64.9%  62.8  220s
  7914  4603  -61.84980   96   72  -57.00000  -94.00000  64.9%  63.8  225s
  8689  4920  -80.93901   51  228  -57.00000  -94.00000  64.9%  64.5  230s
  9255  5119  -92.73780   27  299  -57.00000  -93.98351  64.9%  65.5  235s
  9897  5342  -79.00000   59  168  -57.00000  -93.91062  64.8%  70.5  240s
 10515  5558  -86.94740   32  238  -57.00000  -93.74366  64.5%  76.6  246s
 10930  5734  -73.00000   60  171  -57.00000  -93.74366  64.5%  81.0  250s
 11704  6026  -89.80631   34  239  -57.00000  -93.73523  64.4%  86.1  256s
 11955  6108  -81.00000   54  153  -57.00000  -93.73523  64.4%  87.8  302s
 12066  6149  -75.00000   68  120  -57.00000  -93.73523  64.4%  88.1  305s
 13036  6533  -77.93599   55  199  -57.00000  -93.00000  63.2%  95.3  312s
 13349  6669  -59.86658   94   95  -57.00000  -93.00000  63.2%  98.8  315s
 14096  7017  -77.00000   55  199  -57.00000  -93.00000  63.2%   103  320s
 14879  7549 infeasible   32       -57.00000  -93.00000  63.2%   108  326s
 15453  7855  -71.00000   72  134  -57.00000  -92.95673  63.1%   109  330s
 16388  8503  -74.00000   64  149  -57.00000  -92.83942  62.9%   112  337s
 16876  8830  -88.79712   36  241  -57.00000  -92.83188  62.9%   114  341s
 17890  9575  -87.98630   32  238  -57.00000  -92.75154  62.7%   117  350s
 18383  9920  -73.88770   63  148  -57.00000  -92.75154  62.7%   118  381s
 18410  9930  -73.00000   64  158  -57.00000  -92.70629  62.6%   118  385s
 18968 10383  -82.67248   48  223  -57.00000  -92.67685  62.6%   120  391s
 19614 10822  -90.07068   28  264  -57.00000  -92.61475  62.5%   120  396s
 20277 11342  -73.00000   63  171  -57.00000  -92.61475  62.5%   121  401s
 21004 11809  -77.85433   52  201  -57.00000  -92.50631  62.3%   123  408s
 21615 12235  -59.99064   88  138  -57.00000  -92.46319  62.2%   124  413s
 22324 12743  -75.00000   60  178  -57.00000  -92.31534  62.0%   125  419s
 23015 13152  -90.93558   32  259  -57.00000  -92.10303  61.6%   126  426s
 23840 13700 infeasible   81       -57.00000  -92.00000  61.4%   127  432s
 24636 14120  -82.98630   39  218  -57.00000  -92.00000  61.4%   128  439s
 25620 14718 infeasible   41       -57.00000  -92.00000  61.4%   129  446s
 26392 15212 infeasible   84       -57.00000  -92.00000  61.4%   130  453s
 27356 15857  -86.50250   29  274  -57.00000  -92.00000  61.4%   131  459s
 28110 16347  -64.00000   71  159  -57.00000  -91.99958  61.4%   133  467s
 29188 17127  -80.00000   56  160  -57.00000  -91.95997  61.3%   134  474s
 30102 17737  -89.95573   25  273  -57.00000  -91.91454  61.3%   135  483s
 31237 18502  -77.98630   49  195  -57.00000  -91.85214  61.1%   136  493s
 32522 19366  -63.94983   86  120  -57.00000  -91.79558  61.0%   136  501s
 33604 20171  -87.02163   31  253  -57.00000  -91.74990  61.0%   137  509s
 34259 20629  -62.00000   79  153  -57.00000  -91.72568  60.9%   137  510s
 34882 21049  -71.00000   61  175  -57.00000  -91.72027  60.9%   138  518s
 35940 21797  -84.00000   55  238  -57.00000  -91.68976  60.9%   138  706s
 35943 21799  -85.72273   32  231  -57.00000  -91.68976  60.9%   138  710s
 35944 21800  -75.99134   59  383  -57.00000  -91.68976  60.9%   138  715s
 35945 21800  -73.00000   59  439  -57.00000  -91.68976  60.9%   138  728s
 35946 21801  -60.00000   88  600  -57.00000  -91.51998  60.6%   138  737s
 35947 21802  -87.77062   31  585  -57.00000  -89.78531  57.5%   138  745s
 35961 21811  -84.62552   41  649  -57.00000  -88.16044  54.7%   138  754s
 35962 21812  -63.93508   89  646  -57.00000  -88.05600  54.5%   138  759s
 35964 21813  -67.00000   78  641  -57.00000  -87.98301  54.4%   138  760s
 35973 21819  -78.00000   49  665  -57.00000  -87.94665  54.3%   138  766s
 35974 21820  -73.90032   47  649  -57.00000  -87.86179  54.1%   138  773s
 35981 21824  -71.81258   59  661  -57.00000  -87.77993  54.0%   138  775s
 35990 21830  -77.00000   55  656  -57.00000  -87.77524  54.0%   138  781s
 35991 21831  -83.97939   46  654  -57.00000  -87.68351  53.8%   138  787s
 36003 21839  -84.97465   41  661  -57.00000  -87.64457  53.8%   138  794s
 36004 21840  -84.00000   66  654  -57.00000  -87.58265  53.7%   138  800s
 36018 21849  -73.71165   48  677  -57.00000  -87.50905  53.5%   138  805s
 36019 21850  -86.26746   33  642  -57.00000  -87.42880  53.4%   138  836s
 36032 21858  -82.00000   44  674  -57.00000  -87.38123  53.3%   138  842s
 36033 21859  -71.00000   68  627  -57.00000  -87.34132  53.2%   138  850s
 36047 21868  -87.29010   31  685  -57.00000  -87.29010  53.1%   138  857s
 36048 21869  -87.25807   32  639  -57.00000  -87.25807  53.1%   138  863s
 36060 21877  -61.72764   83  680  -57.00000  -87.21969  53.0%   138  869s
 36061 21878  -84.62552   41  639  -57.00000  -87.15820  52.9%   138  876s
 36075 21887  -74.99106   73  683  -57.00000  -87.12699  52.9%   138  882s
 36076 21888  -77.92598   64  657  -57.00000  -87.08179  52.8%   138  886s
 36089 21896  -65.92997   83  681  -57.00000  -87.03938  52.7%   138  891s
 36090 21897  -77.00000   55  651  -57.00000  -86.94994  52.5%   138  895s
 36103 21906  -84.97465   41  676  -57.00000  -86.87769  52.4%   138  902s
 36104 21906  -84.00000   66  655  -57.00000  -86.84475  52.4%   138  906s
 36116 21914  -61.00000   93  680  -57.00000  -86.79036  52.3%   138  913s
 36117 21915  -86.75983   36  631  -57.00000  -86.75983  52.2%   138  919s
 36120 21917  -64.00000   84  656  -57.00000  -86.74769  52.2%   138  920s
 36129 21923  -67.00000   73  688  -57.00000  -86.74071  52.2%   137  926s
 36130 21924  -61.75769   89  667  -57.00000  -86.73650  52.2%   137  934s
 36134 21926  -68.96546   84  666  -57.00000  -86.73429  52.2%   137  940s
 36135 21927  -61.82097   88  641  -57.00000  -86.72657  52.2%   137  946s
 36146 21934  -60.00000   88  686  -57.00000  -86.71094  52.1%   137  953s
 36147 21935  -86.66763   31  649  -57.00000  -86.66763  52.0%   137  959s
 36150 21937  -59.98651   93  671  -57.00000  -86.64165  52.0%   137  960s
 36167 21948  -74.83146   56  684  -57.00000  -86.62882  52.0%   137  966s
 36168 21949  -66.00000   90  668  -57.00000  -86.60143  51.9%   137  974s
 36172 21952  -83.35877   46  660  -57.00000  -86.58381  51.9%   137  975s
 36175 21954  -74.99106   73  658  -57.00000  -86.58207  51.9%   137  981s
 36176 21954  -77.92598   64  648  -57.00000  -86.57420  51.9%   137  988s
 36184 21960  -86.55970   31  685  -57.00000  -86.55970  51.9%   137  990s
 36185 21960  -60.00000   71  679  -57.00000  -86.55967  51.9%   137  995s
 36186 21961  -63.00000   94  645  -57.00000  -86.55649  51.9%   137 1000s
 36201 21971  -75.87737   64  685  -57.00000  -86.54577  51.8%   137 1005s
 36202 21972  -67.41186   77  643  -57.00000  -86.54086  51.8%   137 1010s
 36214 21980  -71.00000   75  648  -57.00000  -86.52267  51.8%   137 1018s
 36215 21980  -67.00000   90  649  -57.00000  -86.51037  51.8%   137 1023s
 36220 21984  -64.00000   84  624  -57.00000  -86.47407  51.7%   137 1025s
 36231 21991  -85.78338   41  657  -57.00000  -86.46830  51.7%   137 1031s
 36232 21992  -82.00000   44  627  -57.00000  -86.43943  51.6%   137 1037s
 36244 22000  -75.99134   59  646  -57.00000  -86.41932  51.6%   137 1045s
 36245 22000  -73.00000   59  651  -57.00000  -86.41196  51.6%   137 1052s
 36256 22008  -86.38514   28  645  -57.00000  -86.38514  51.6%   137 1055s
 36267 22015  -74.83146   56  642  -57.00000  -86.36923  51.5%   137 1061s
 36268 22016  -66.00000   90  625  -57.00000  -86.36775  51.5%   137 1068s
 36278 22022  -81.09122   40  657  -57.00000  -86.35924  51.5%   137 1074s
 36279 22023  -70.00000   79  639  -57.00000  -86.35412  51.5%   137 1081s
 36282 22025  -71.97665   71  641  -57.00000  -86.35265  51.5%   137 1086s
 36283 22026  -86.35114   38  633  -57.00000  -86.35114  51.5%   137 1094s
 36286 22028  -63.00000   94  652  -57.00000  -86.33973  51.5%   137 1095s
 36301 22038  -75.87737   64  657  -57.00000  -86.32585  51.4%   137 1102s
 36302 22038  -67.41186   77  631  -57.00000  -86.29369  51.4%   137 1110s
 36316 22048  -61.00000   93  668  -57.00000  -86.25693  51.3%   137 1117s
 36317 22048  -86.24080   36  660  -57.00000  -86.24080  51.3%   137 1121s
 36324 22053  -86.23480   33  646  -57.00000  -86.23480  51.3%   137 1125s
 36328 22056  -75.91936   48  642  -57.00000  -86.21061  51.2%   137 1130s
 36339 22063  -67.00000   65  648  -57.00000  -86.20436  51.2%   137 1135s
 36340 22064  -84.00000   55  640  -57.00000  -86.18792  51.2%   137 1141s
 36357 22075  -80.00000   57  665  -57.00000  -86.16425  51.2%   137 1148s
 36358 22076  -80.00000   53  661  -57.00000  -86.15870  51.2%   137 1155s
 36361 22078  -84.62552   41  668  -57.00000  -86.15576  51.2%   137 1161s
 36362 22078  -63.93508   89  673  -57.00000  -86.15543  51.1%   137 1169s
 36363 22079  -79.00000   51  676  -57.00000  -86.15537  51.1%   137 1175s
 36364 22080  -67.00000   78  662  -57.00000  -86.15460  51.1%   137 1183s
 36368 22082  -66.00000   90  684  -57.00000  -86.15261  51.1%   137 1190s
 36369 22083  -86.15150   29  645  -57.00000  -86.15150  51.1%   137 1197s
 36370 22084  -86.15146   35  631  -57.00000  -86.15146  51.1%   137 1204s
 36371 22084  -78.98630   56  601  -57.00000  -86.14485  51.1%   137 1211s
 36372 22085  -83.35877   46  610  -57.00000  -86.14480  51.1%   137 1218s
 36373 22086  -78.00000   49  644  -57.00000  -86.14293  51.1%   137 1226s
 36374 22086  -73.90032   47  642  -57.00000  -86.14291  51.1%   137 1232s
 36375 22087  -74.99106   73  634  -57.00000  -86.14207  51.1%   137 1239s
 36377 22088  -86.13718   39  653  -57.00000  -86.13718  51.1%   137 1240s
 36379 22090  -70.00000   79  654  -57.00000  -86.13525  51.1%   137 1245s
 36380 22090  -65.00000   86  651  -57.00000  -86.13427  51.1%   137 1254s
 36382 22092  -71.97665   71  653  -57.00000  -86.13375  51.1%   137 1261s
 36383 22092  -86.13374   38  637  -57.00000  -86.13374  51.1%   137 1268s
 36387 22095  -86.13172   29  640  -57.00000  -86.13172  51.1%   137 1275s
 36388 22096  -85.33392   44  621  -57.00000  -86.13036  51.1%   137 1283s
 36390 22097  -77.00000   55  629  -57.00000  -86.12974  51.1%   136 1291s
 36391 22098  -83.97939   46  612  -57.00000  -86.12974  51.1%   136 1300s
 36392 22098  -74.17590   59  609  -57.00000  -86.12973  51.1%   136 1307s
 36393 22099  -73.94343   69  631  -57.00000  -86.11822  51.1%   136 1316s
 36395 22100  -62.11096   76  628  -57.00000  -86.11801  51.1%   136 1321s
 36396 22101  -73.00000   68  630  -57.00000  -86.11728  51.1%   136 1327s
 36402 22105  -67.41186   77  656  -57.00000  -86.11119  51.1%   136 1334s
 36403 22106  -84.97465   41  646  -57.00000  -86.11042  51.1%   136 1339s
 36406 22108  -86.10863   29  663  -57.00000  -86.10863  51.1%   136 1344s
 36407 22108  -83.96166   35  633  -57.00000  -86.10839  51.1%   136 1349s
 36408 22109  -77.91859   58  641  -57.00000  -86.10831  51.1%   136 1354s
 36409 22110  -71.00000   69  638  -57.00000  -86.10826  51.1%   136 1359s
 36412 22112  -86.10713   28  634  -57.00000  -86.10713  51.1%   136 1360s
 36416 22114  -61.00000   93  666  -57.00000  -86.10422  51.1%   136 1365s
 36417 22115  -86.10126   36  639  -57.00000  -86.10126  51.1%   136 1371s
 36419 22116  -86.10084   33  620  -57.00000  -86.10084  51.1%   136 1377s
 36420 22117  -64.00000   84  613  -57.00000  -86.10084  51.1%   136 1383s
 36421 22118  -86.10084   35  627  -57.00000  -86.10084  51.1%   136 1389s
 36422 22118  -83.90909   42  615  -57.00000  -86.10084  51.1%   136 1395s
 36423 22119  -72.00000   61  607  -57.00000  -86.10084  51.1%   136 1401s
 36424 22120  -86.10084   33  634  -57.00000  -86.10084  51.1%   136 1419s
 36426 22121  -67.53950   66  633  -57.00000  -86.09906  51.1%   136 1426s
 36427 22122  -63.00000  102  660  -57.00000  -86.09072  51.0%   136 1434s
 36429 22123  -67.00000   73  670  -57.00000  -86.08625  51.0%   136 1435s
 36431 22124  -85.78338   41  648  -57.00000  -86.08524  51.0%   136 1440s
 36432 22125  -82.00000   44  635  -57.00000  -86.06119  51.0%   136 1445s
 36435 22127  -61.82097   88  646  -57.00000  -86.06065  51.0%   136 1450s
 36436 22128  -81.90173   46  614  -57.00000  -86.05887  51.0%   136 1458s
 36445 22134  -73.00000   59  653  -57.00000  -86.05235  51.0%   136 1464s
 36446 22134  -60.00000   88  640  -57.00000  -86.03084  50.9%   136 1468s
 36453 22139  -63.69357   86  622  -57.00000  -86.00774  50.9%   136 1474s
 36454 22140  -77.00000   52  633  -57.00000  -86.00752  50.9%   136 1479s
 36455 22140  -61.00000   86  610  -57.00000  -86.00750  50.9%   136 1484s
 36456 22141  -86.00746   28  636  -57.00000  -86.00746  50.9%   136 1489s
 36457 22142  -80.00000   57  634  -57.00000  -86.00746  50.9%   136 1496s
 36458 22142  -80.00000   53  629  -57.00000  -86.00746  50.9%   136 1502s
 36459 22143  -86.00746   28  612  -57.00000  -86.00746  50.9%   136 1506s
 36460 22144  -61.72764   83  621  -57.00000  -86.00742  50.9%   136 1510s
 36462 22145  -63.93508   89  633  -57.00000  -86.00730  50.9%   136 1520s
 36464 22146  -67.00000   78  622  -57.00000  -86.00729  50.9%   136 1530s
 36465 22147  -60.00000   97  620  -57.00000  -86.00729  50.9%   136 1535s
 36466 22148  -84.98397   38  620  -57.00000  -86.00729  50.9%   136 1541s
 36467 22148  -74.83146   56  626  -57.00000  -86.00729  50.9%   136 1546s
 36468 22149  -66.00000   90  615  -57.00000  -86.00386  50.9%   136 1552s
 36470 22150  -85.99854   35  601  -57.00000  -85.99854  50.9%   136 1558s
 36471 22151  -78.98630   56  580  -57.00000  -85.99396  50.9%   136 1565s
 36477 22155  -85.98049   39  613  -57.00000  -85.98049  50.8%   136 1572s
 36478 22156  -81.09122   40  614  -57.00000  -85.98045  50.8%   136 1579s
 36480 22157  -65.00000   86  614  -57.00000  -85.97993  50.8%   136 1583s
 36481 22158  -71.81258   59  610  -57.00000  -85.97993  50.8%   136 1594s
 36483 22159  -85.97836   38  640  -57.00000  -85.97836  50.8%   136 1600s
 36484 22160  -85.97334   31  622  -57.00000  -85.97334  50.8%   136 1605s
 36505 22174  -70.88626   69  679  -57.00000  -85.94545  50.8%   136 1613s
 36506 22174  -85.94003   29  634  -57.00000  -85.94003  50.8%   136 1620s
 36511 22178  -77.00000   52  676  -57.00000  -85.92961  50.8%   136 1626s
 36512 22178  -85.92495   28  653  -57.00000  -85.92495  50.7%   136 1632s
 36516 22181  -61.00000   93  648  -57.00000  -85.91876  50.7%   136 1638s
 36517 22182  -85.91829   36  618  -57.00000  -85.91829  50.7%   136 1645s
 36518 22182  -73.71165   48  638  -57.00000  -85.91828  50.7%   136 1650s
 36519 22183  -85.91797   33  646  -57.00000  -85.91797  50.7%   136 1656s
 36527 22188  -63.00000  102  648  -57.00000  -85.90433  50.7%   136 1664s
 36528 22189  -75.91936   48  626  -57.00000  -85.89400  50.7%   136 1670s
 36547 22202  -85.86894   31  685  -57.00000  -85.86894  50.6%   136 1678s
 36548 22202  -85.86193   32  658  -57.00000  -85.86193  50.6%   136 1684s
 36549 22203  -74.95780   59  646  -57.00000  -85.85583  50.6%   136 1685s
 36560 22210  -61.72764   83  686  -57.00000  -85.83530  50.6%   136 1690s
 36561 22211  -84.62552   41  660  -57.00000  -85.82124  50.6%   136 1695s
 36570 22217  -85.80924   35  642  -57.00000  -85.80924  50.5%   136 1713s
 36589 22230  -65.92997   83  690  -57.00000  -85.79159  50.5%   136 1720s
 36590 22230  -77.00000   55  644  -57.00000  -85.77368  50.5%   136 1727s
 36596 22234  -73.00000   68  638  -57.00000  -85.75390  50.4%   136 1734s
 36597 22235  -85.35876   44  634  -57.00000  -85.75383  50.4%   136 1741s
 36598 22236  -73.00000   70  631  -57.00000  -85.75382  50.4%   136 1745s
 36599 22236  -64.49782   89  613  -57.00000  -85.75045  50.4%   136 1753s
 36601 22238  -75.87737   64  644  -57.00000  -85.74679  50.4%   136 1759s
 36602 22238  -67.41186   77  595  -57.00000  -85.74557  50.4%   136 1768s
 36603 22239  -84.97465   41  601  -57.00000  -85.74557  50.4%   136 1773s
 36604 22240  -84.00000   66  578  -57.00000  -85.74557  50.4%   136 1805s
 36605 22240  -70.88626   69  619  -57.00000  -85.74557  50.4%   136 1813s
 36606 22241  -85.74547   29  610  -57.00000  -85.74547  50.4%   136 1820s
 36607 22242  -83.96166   35  653  -57.00000  -85.74547  50.4%   136 1826s
 36608 22242  -77.91859   58  607  -57.00000  -85.74547  50.4%   136 1833s
 36611 22244  -77.00000   52  662  -57.00000  -85.74454  50.4%   136 1840s
 36612 22245  -85.74199   28  591  -57.00000  -85.74199  50.4%   136 1847s
 36615 22247  -67.00000   90  609  -57.00000  -85.74126  50.4%   136 1853s
 36616 22248  -61.00000   93  597  -57.00000  -85.73894  50.4%   136 1861s
 36617 22248  -85.73887   36  618  -57.00000  -85.73887  50.4%   136 1867s
 36618 22249  -73.71165   48  620  -57.00000  -85.73856  50.4%   136 1871s
 36620 22250  -64.00000   84  591  -57.00000  -85.73727  50.4%   136 1875s
 36621 22251  -85.73727   35  589  -57.00000  -85.73727  50.4%   136 1882s
 36622 22252  -83.90909   42  588  -57.00000  -85.73727  50.4%   136 1889s
 36623 22252  -72.00000   61  577  -57.00000  -85.73727  50.4%   136 1899s
 36624 22253  -85.73727   33  608  -57.00000  -85.73727  50.4%   136 1907s
 36625 22254  -66.00000   77  621  -57.00000  -85.73707  50.4%   136 1915s
 36627 22255  -63.00000  102  644  -57.00000  -85.73662  50.4%   136 1922s
 36628 22256  -75.91936   48  629  -57.00000  -85.73172  50.4%   136 1930s
 36637 22262  -75.93432   61  674  -57.00000  -85.71137  50.4%   136 1938s
 36638 22262  -68.93639   77  655  -57.00000  -85.70743  50.4%   136 1946s
 36642 22265  -61.90099   98  634  -57.00000  -85.68291  50.3%   136 1953s
 36643 22266  -85.68278   32  633  -57.00000  -85.68278  50.3%   136 1961s
 36646 22268  -60.00000   88  660  -57.00000  -85.68204  50.3%   136 1967s
 36647 22268  -85.68115   31  659  -57.00000  -85.68115  50.3%   136 1973s
 36648 22269  -85.68103   32  680  -57.00000  -85.68103  50.3%   136 1979s
 36649 22270  -74.95780   59  671  -57.00000  -85.68031  50.3%   136 1986s
 36653 22272  -63.69357   86  676  -57.00000  -85.67912  50.3%   136 1993s
 36654 22273  -77.00000   52  651  -57.00000  -85.67750  50.3%   136 2000s
 36655 22274  -61.00000   86  678  -57.00000  -85.67742  50.3%   136 2006s
 36656 22274  -85.67738   28  679  -57.00000  -85.67738  50.3%   136 2012s
 36658 22276  -80.00000   53  680  -57.00000  -85.67647  50.3%   135 2016s
 36659 22276  -85.67557   28  652  -57.00000  -85.67557  50.3%   135 2021s
 36667 22282  -74.83146   56  625  -57.00000  -85.66020  50.3%   135 2029s
 36668 22282  -66.00000   90  619  -57.00000  -85.65963  50.3%   135 2037s
 36671 22284  -78.98630   56  626  -57.00000  -85.65880  50.3%   135 2043s
 36672 22285  -83.35877   46  633  -57.00000  -85.65836  50.3%   135 2048s
 36673 22286  -78.00000   49  643  -57.00000  -85.65831  50.3%   135 2055s
 36676 22291  -85.41201   31  579  -57.00000  -85.65746  50.3%   140 2093s
 36678 22294  -85.36051   32  621  -57.00000  -85.41031  49.8%   140 2102s
 36682 22299  -85.16622   33  628  -57.00000  -85.35361  49.7%   140 2123s
 36690 22308  -84.44137   34  634  -57.00000  -85.15225  49.4%   140 2127s
 36702 22316  -83.52491   35  629  -57.00000  -84.55326  48.3%   141 2140s
 36757 22344  -82.80139   37  600  -57.00000  -83.93203  47.2%   141 2145s
 36894 22421  -81.38019   40  555  -57.00000  -83.46317  46.4%   141 2150s
 37049 22489  -75.10421   42  451  -57.00000  -83.46317  46.4%   141 2156s
 37183 22530  -79.68186   44  549  -57.00000  -83.46317  46.4%   141 2160s
 37324 22614  -78.51487   48  534  -57.00000  -83.46317  46.4%   142 2165s
 37477 22695  -74.24178   51  429  -57.00000  -83.46317  46.4%   142 2170s
 37556 22734  -73.95848   53  445  -57.00000  -83.46214  46.4%   142 2175s
 37749 22839  -72.28935   60  413  -57.00000  -83.46214  46.4%   143 2180s
 37999 22957  -69.88125   66  389  -57.00000  -83.46214  46.4%   143 2185s
 38213 23020  -67.53223   71  383  -57.00000  -83.46214  46.4%   143 2191s
 38423 23089  -65.45531   76  352  -57.00000  -83.46214  46.4%   144 2195s
 38709 23214  -62.63842   85  329  -57.00000  -82.47676  44.7%   144 2202s
 38913 23272     cutoff   91       -57.00000  -82.47676  44.7%   144 2206s
 39122 23368     cutoff  100       -57.00000  -80.84352  41.8%   144 2211s
 39340 23460  -59.85822   62  199  -57.00000  -80.17836  40.7%   145 2216s
 39587 23569  -77.72765   50  519  -57.00000  -80.17788  40.7%   145 2222s
 39724 23610  -75.82927   54  518  -57.00000  -80.17788  40.7%   145 2225s
 40027 23720  -71.91617   63  515  -57.00000  -80.17788  40.7%   146 2231s
 40367 23850  -68.10564   75  506  -57.00000  -79.86892  40.1%   146 2237s
 40563 23911  -64.99918   82  456  -57.00000  -79.86892  40.1%   146 2240s
 40957 24055  -58.78303  100  347  -57.00000  -78.77072  38.2%   147 2247s
 41160 24126  -71.92619   48  405  -57.00000  -78.74719  38.2%   147 2252s
 41414 24237  -59.66593   74  244  -57.00000  -78.33399  37.4%   147 2255s
 41646 24305  -69.73186   56  399  -57.00000  -78.33379  37.4%   147 2260s
 42150 24466  -66.95706   39  318  -57.00000  -78.06074  36.9%   147 2269s
 42450 24553  -66.57553   54  432  -57.00000  -77.96115  36.8%   147 2273s
 42741 24584  -66.27316   56  392  -57.00000  -77.94437  36.7%   148 2278s
 43025 24672  -62.45422   66  394  -57.00000  -77.94437  36.7%   148 2283s
 43327 24766  -67.65277   55  396  -57.00000  -77.60874  36.2%   148 2288s
 43650 24877  -61.25613   73  360  -57.00000  -77.60874  36.2%   148 2293s
 43982 24955  -70.17064   51  394  -57.00000  -77.53112  36.0%   149 2302s
 44183 24993  -67.46266   58  379  -57.00000  -77.53112  36.0%   149 2308s
 44526 25112  -59.33009   83  336  -57.00000  -77.40138  35.8%   149 2314s
 44832 25184  -60.19921   63  377  -57.00000  -77.02903  35.1%   149 2320s
 45229 25282  -62.60017   50  313  -57.00000  -77.02677  35.1%   150 2326s
 45689 25370  -59.35783   50  285  -57.00000  -76.56177  34.3%   150 2332s
 46034 25490  -66.71646   56  410  -57.00000  -76.55188  34.3%   150 2339s
 46499 25591  -76.01263   39  466  -57.00000  -76.42525  34.1%   150 2345s
 47033 25665  -64.79276   48  307  -57.00000  -76.37214  34.0%   151 2353s
 47533 25774  -65.58226   63  407  -57.00000  -76.22163  33.7%   151 2360s
 48157 25847  -58.74498   54  229  -57.00000  -75.90675  33.2%   151 2368s
 48617 25977     cutoff   57       -57.00000  -75.70111  32.8%   151 2377s
 49144 26156  -62.69260   52  403  -57.00000  -75.60226  32.6%   151 2386s
 49650 26276  -61.73986   74  366  -57.00000  -75.43473  32.3%   151 2396s
 50307 26362  -71.73257   53  390  -57.00000  -75.28317  32.1%   151 2405s
 51032 26531  -59.12591   86  330  -57.00000  -75.18257  31.9%   151 2414s
 51670 26655  -63.72433   48  273  -57.00000  -75.10058  31.8%   152 2424s
 52279 26790  -61.04747   59  357  -57.00000  -74.90426  31.4%   152 2434s
 52960 26915  -71.76970   48  439  -57.00000  -74.82371  31.3%   152 2445s
 53632 27045  -58.30363   68  352  -57.00000  -74.60797  30.9%   152 2458s
 54433 27220  -60.43372   44  252  -57.00000  -74.44651  30.6%   153 2471s
 55154 27301  -62.67693   53  364  -57.00000  -74.23774  30.2%   153 2482s
 56014 27462  -63.49693   64  412  -57.00000  -74.15507  30.1%   153 2496s
 56954 27581  -69.76666   53  412  -57.00000  -73.89846  29.6%   154 2510s
 57764 27711  -62.63896   46  370  -57.00000  -73.72063  29.3%   154 2524s
 58653 27781  -69.90190   56  414  -57.00000  -73.57597  29.1%   154 2537s
 59561 27943  -60.68601   52  290  -57.00000  -73.48397  28.9%   154 2552s
 60673 28188  -59.21872   57  264  -57.00000  -73.31311  28.6%   154 2566s
 61630 28360  -58.96366   83  334  -57.00000  -73.11563  28.3%   154 2582s
 62618 28509     cutoff   55       -57.00000  -72.92650  27.9%   155 2597s
 63767 28686     cutoff   50       -57.00000  -72.75074  27.6%   155 2615s
 64874 28752  -60.31118   63  276  -57.00000  -72.54018  27.3%   155 2632s
 66117 28902  -60.62816   67  359  -57.00000  -72.32069  26.9%   156 2649s
 67492 29067  -61.27053   54  271  -57.00000  -72.08613  26.5%   156 2666s
 68901 29217  -62.22470   45  275  -57.00000  -71.85972  26.1%   156 2687s
 69842 29222  -67.97000   52  425  -57.00000  -71.82949  26.0%   156 2713s
 71164 29269  -62.54849   57  293  -57.00000  -71.55619  25.5%   157 2737s
 72519 29345  -62.84745   64  339  -57.00000  -71.36170  25.2%   157 2755s
 73858 29419  -62.69842   61  365  -57.00000  -71.17637  24.9%   158 2772s
 75106 29479     cutoff   66       -57.00000  -71.03858  24.6%   158 2790s
 76420 29459  -58.39790   60  324  -57.00000  -70.86894  24.3%   159 2808s
 77727 29570     cutoff   80       -57.00000  -70.65419  24.0%   159 2825s
 79054 29607  -62.82585   66  377  -57.00000  -70.51383  23.7%   159 2841s
 80325 29649  -63.95526   69  361  -57.00000  -70.28800  23.3%   159 2857s
 81605 29613  -60.33344   68  371  -57.00000  -70.07016  22.9%   160 2873s
 82948 29633  -64.59256   43  319  -57.00000  -69.88409  22.6%   160 2891s
 84285 29630  -59.33959   67  342  -57.00000  -69.75065  22.4%   160 2909s
 85441 29678  -64.71759   55  360  -57.00000  -69.64692  22.2%   161 2927s
 86356 29696  -63.75458   74  370  -57.00000  -69.60318  22.1%   161 2944s
 87707 29713  -59.92720   60  324  -57.00000  -69.42036  21.8%   161 2969s
 88826 29628  -58.79904   78  332  -57.00000  -69.32109  21.6%   162 2985s
 90055 29468  -58.27437   71  322  -57.00000  -69.25591  21.5%   162 3005s
 91344 29426  -65.53685   59  357  -57.00000  -68.98217  21.0%   163 3025s
 92450 29372  -61.88993   60  324  -57.00000  -68.82506  20.7%   163 3059s
 92919 29262     cutoff   62       -57.00000  -68.81243  20.7%   163 3076s
 94128 29139     cutoff   50       -57.00000  -68.69420  20.5%   164 3092s
 95261 29041  -58.83887   59  263  -57.00000  -68.52959  20.2%   165 3113s
 96446 28930     cutoff   64       -57.00000  -68.43066  20.1%   165 3129s
 97623 28896  -58.67730   85  356  -57.00000  -68.28877  19.8%   166 3148s
 98722 28811     cutoff   70       -57.00000  -68.26900  19.8%   166 3165s
 100026 28681     cutoff   64       -57.00000  -68.07147  19.4%   167 3183s
 101166 28513     cutoff   55       -57.00000  -67.91053  19.1%   167 3204s
 102410 28505  -60.52015   69  336  -57.00000  -67.79154  18.9%   168 3224s
 103043 28350  -60.01022   70  352  -57.00000  -67.77055  18.9%   168 3242s
 104263 28462     cutoff   44       -57.00000  -67.57579  18.6%   169 3260s
 105509 28783  -60.25494   69  332  -57.00000  -67.47704  18.4%   169 3286s
 106667 29042     cutoff   62       -57.00000  -67.36062  18.2%   170 3304s
 107858 29288     cutoff   65       -57.00000  -67.22875  17.9%   170 3322s
 109037 29554  -66.48518   52  364  -57.00000  -67.11320  17.7%   171 3348s
 110147 29836     cutoff   61       -57.00000  -67.03323  17.6%   172 3368s
 111259 30015  -61.31235   68  343  -57.00000  -66.94583  17.4%   172 3387s
 112465 30277  -60.86201   51  248  -57.00000  -66.80379  17.2%   173 3405s
 113669 30564  -63.09331   49  279  -57.00000  -66.66091  16.9%   173 3426s
 114806 30787     cutoff   65       -57.00000  -66.56521  16.8%   174 3445s
 115928 31004     cutoff   74       -57.00000  -66.48133  16.6%   175 3466s
 116937 31157  -60.24887   61  366  -57.00000  -66.36631  16.4%   175 3491s
 118182 31389     cutoff   70       -57.00000  -66.23498  16.2%   176 3513s
 119321 31548  -58.94385   68  338  -57.00000  -66.13497  16.0%   177 3541s
 120334 31700  -65.38045   54  335  -57.00000  -66.03715  15.9%   177 3561s
 121488 31942  -59.28712   81  342  -57.00000  -66.00000  15.8%   178 3581s
 122549 32102  -61.78075   74  338  -57.00000  -65.86681  15.6%   179 3601s
 123632 32323  -65.46323   61  378  -57.00000  -65.78065  15.4%   179 3620s
 124874 32480     cutoff   75       -57.00000  -65.66880  15.2%   180 3640s
 125898 32611     cutoff   70       -57.00000  -65.55591  15.0%   181 3659s
 126989 32794  -61.09279   77  393  -57.00000  -65.47784  14.9%   181 3682s
 127902 32867     cutoff   59       -57.00000  -65.39389  14.7%   182 3703s
 128955 33014     cutoff   52       -57.00000  -65.31992  14.6%   182 3724s
 130228 33277     cutoff   39       -57.00000  -65.22467  14.4%   183 3744s
 131300 33395     cutoff   51       -57.00000  -65.13589  14.3%   183 3769s
 132416 33569     cutoff   84       -57.00000  -65.02235  14.1%   184 3790s
 133438 33659     cutoff   48       -57.00000  -64.98209  14.0%   185 3818s
 134636 33867     cutoff   43       -57.00000  -64.91168  13.9%   185 3839s
 135675 33981  -58.94346   58  261  -57.00000  -64.81665  13.7%   186 3860s
 136692 34059     cutoff   63       -57.00000  -64.73335  13.6%   186 3879s
 137651 34141     cutoff   65       -57.00000  -64.65512  13.4%   187 3903s
 138721 34248  -59.55622   70  346  -57.00000  -64.56719  13.3%   188 3934s
 139642 34285     cutoff   70       -57.00000  -64.52065  13.2%   189 3959s
 140505 34283  -58.64579   75  304  -57.00000  -64.46193  13.1%   189 3996s
 141489 34347 infeasible   57       -57.00000  -64.36439  12.9%   190 4020s
 142695 34434     cutoff   69       -57.00000  -64.27108  12.8%   190 4045s
 143916 34611     cutoff   59       -57.00000  -64.18339  12.6%   190 4062s
 144747 34594     cutoff   84       -57.00000  -64.10868  12.5%   191 4084s
 145598 34584     cutoff   46       -57.00000  -64.03822  12.3%   192 4106s
 146587 34557  -59.54129   68  380  -57.00000  -63.98374  12.3%   192 4128s
 147584 34610  -62.40283   55  349  -57.00000  -63.91717  12.1%   193 4149s
 147691 34643  -62.43974   73  366  -57.00000  -63.91415  12.1%   193 4150s
 148426 34590  -63.37789   62  371  -57.00000  -63.84507  12.0%   193 4173s
 149426 34590     cutoff   65       -57.00000  -63.78983  11.9%   194 4200s
 150337 34542  -61.83728   71  398  -57.00000  -63.71885  11.8%   194 4220s
 151198 34494     cutoff   69       -57.00000  -63.65046  11.7%   195 4239s
 152143 34479     cutoff   78       -57.00000  -63.59527  11.6%   195 4260s
 153076 34610  -62.98905   58  350  -57.00000  -63.53122  11.5%   196 4290s
 153714 34532  -60.82732   61  302  -57.00000  -63.52490  11.4%   196 4313s
 154598 34513     cutoff   55       -57.00000  -63.45929  11.3%   197 4332s
 155504 34491     cutoff   63       -57.00000  -63.38664  11.2%   197 4350s
 156465 34498     cutoff   57       -57.00000  -63.33265  11.1%   198 4371s
 157374 34488  -63.13510   78  368  -57.00000  -63.29402  11.0%   198 4392s
 158174 34414  -63.03396   48  334  -57.00000  -63.22373  10.9%   199 4426s
 159112 34359     cutoff   49       -57.00000  -63.17117  10.8%   199 4447s
 160068 34368     cutoff   70       -57.00000  -63.12931  10.8%   199 4467s
 160979 34312 infeasible   78       -57.00000  -63.07694  10.7%   200 4489s
 161155 34330  -62.85497   59  313  -57.00000  -63.07657  10.7%   200 4490s
 161847 34274     cutoff   75       -57.00000  -63.02491  10.6%   200 4513s
 162539 34173  -58.47136   72  353  -57.00000  -63.00000  10.5%   201 4533s
 163277 34083     cutoff   52       -57.00000  -62.92561  10.4%   201 4555s
 164203 34052     cutoff   72       -57.00000  -62.88246  10.3%   202 4577s
 165017 33956  -62.50395   61  336  -57.00000  -62.84282  10.3%   202 4596s
 165776 33896  -61.95596   67  390  -57.00000  -62.78985  10.2%   203 4616s
 166559 33791     cutoff   63       -57.00000  -62.74448  10.1%   203 4635s
 167314 33694     cutoff   65       -57.00000  -62.69829  10.0%   203 4656s
 168264 33693  -61.77361   51  272  -57.00000  -62.65692  9.92%   204 4676s
 168971 33573  -61.64888   66  332  -57.00000  -62.61711  9.85%   204 4698s
 169609 33433  -60.55540   66  353  -57.00000  -62.57610  9.78%   205 4723s
 170297 33309     cutoff   56       -57.00000  -62.53374  9.71%   205 4745s
 171015 33233 infeasible   65       -57.00000  -62.49217  9.64%   205 4777s
 171633 33097  -59.91177   92  326  -57.00000  -62.47209  9.60%   206 4795s
 172408 32986     cutoff   52       -57.00000  -62.41345  9.50%   206 4811s
 173075 32831     cutoff   55       -57.00000  -62.37362  9.43%   207 4828s
 173852 32746  -60.82890   66  353  -57.00000  -62.34119  9.37%   207 4846s
 174705 32689     cutoff   66       -57.00000  -62.30097  9.30%   207 4865s
 175496 32595  -60.71539   62  252  -57.00000  -62.26184  9.23%   207 4884s
 176318 32512     cutoff   65       -57.00000  -62.22485  9.17%   208 4901s
 176978 32358  -61.61986   51  298  -57.00000  -62.18778  9.10%   208 4925s
 177766 32237     cutoff   80       -57.00000  -62.15205  9.04%   209 4945s
 178473 32123  -60.87890   65  362  -57.00000  -62.11455  8.97%   209 4966s
 179167 31989     cutoff   60       -57.00000  -62.09602  8.94%   209 4991s
 179731 31812     cutoff   62       -57.00000  -62.04577  8.85%   210 5009s
 180459 31678     cutoff   73       -57.00000  -62.01201  8.79%   210 5026s
 181166 31608     cutoff   58       -57.00000  -61.97461  8.73%   210 5054s
 181754 31450     cutoff   47       -57.00000  -61.96485  8.71%   210 5075s
 182405 31283     cutoff   62       -57.00000  -61.91466  8.62%   211 5091s
 183000 31120 infeasible   56       -57.00000  -61.88263  8.57%   211 5107s
 183667 30989     cutoff   55       -57.00000  -61.84632  8.50%   211 5128s
 184457 30864     cutoff   66       -57.00000  -61.81569  8.45%   212 5146s
 185159 30713     cutoff   69       -57.00000  -61.78205  8.39%   212 5165s
 185850 30568  -60.92047   62  314  -57.00000  -61.74514  8.32%   212 5180s
 186482 30385     cutoff   60       -57.00000  -61.71598  8.27%   213 5206s
 187223 30266     cutoff   56       -57.00000  -61.68678  8.22%   213 5223s
 187940 30144     cutoff   81       -57.00000  -61.66083  8.18%   213 5240s
 188532 29984     cutoff   81       -57.00000  -61.63210  8.13%   214 5255s
 189088 29813     cutoff   51       -57.00000  -61.60342  8.08%   214 5271s
 189727 29640     cutoff   73       -57.00000  -61.57243  8.02%   214 5284s
 190431 29492 infeasible   66       -57.00000  -61.54549  7.97%   214 5301s
 190988 29294     cutoff   46       -57.00000  -61.51682  7.92%   215 5318s
 191700 29143  -59.49822   78  334  -57.00000  -61.48929  7.88%   215 5335s
 192292 28979     cutoff   61       -57.00000  -61.45960  7.82%   215 5352s
 192903 28799  -60.81721   54  338  -57.00000  -61.42904  7.77%   216 5370s
 193540 28615     cutoff   42       -57.00000  -61.40225  7.72%   216 5387s
 194208 28460  -60.21968   72  355  -57.00000  -61.37131  7.67%   216 5403s
 194846 28264  -59.47949   55  258  -57.00000  -61.34071  7.62%   217 5417s
 195451 28096  -58.34001   97  320  -57.00000  -61.31532  7.57%   217 5430s
 196078 27925     cutoff   58       -57.00000  -61.29149  7.53%   217 5443s
 196708 27759  -59.76665   76  378  -57.00000  -61.26616  7.48%   217 5456s
 197428 27622     cutoff   61       -57.00000  -61.23942  7.44%   217 5475s
 198042 27451     cutoff   54       -57.00000  -61.21320  7.39%   218 5493s
 198608 27266     cutoff   53       -57.00000  -61.18327  7.34%   218 5507s
 199095 27052     cutoff   62       -57.00000  -61.15876  7.30%   218 5518s
 199549 26877     cutoff   52       -57.00000  -61.13299  7.25%   219 5544s
 200065 26681     cutoff   68       -57.00000  -61.12450  7.24%   219 5555s
 200656 26486     cutoff   58       -57.00000  -61.08899  7.17%   219 5567s
 201232 26285     cutoff   66       -57.00000  -61.06549  7.13%   220 5576s
 201785 26104     cutoff   54       -57.00000  -61.04120  7.09%   220 5587s
 202280 25890 infeasible   46       -57.00000  -61.01521  7.04%   220 5603s
 202944 25710     cutoff   54       -57.00000  -60.98971  7.00%   220 5617s
 203628 25535 infeasible   74       -57.00000  -60.96511  6.96%   220 5632s
 204171 25338     cutoff   75       -57.00000  -60.94119  6.91%   221 5647s
 204831 25177     cutoff   66       -57.00000  -60.91730  6.87%   221 5663s
 205341 24983     cutoff   64       -57.00000  -60.89508  6.83%   221 5678s
 205972 24797  -59.67235   68  298  -57.00000  -60.87258  6.79%   221 5687s
 206378 24641     cutoff   40       -57.00000  -60.85123  6.76%   222 5712s
 206832 24419  -58.34691   68  332  -57.00000  -60.84575  6.75%   222 5724s
 207210 24440     cutoff   59       -57.00000  -60.83810  6.73%   222 5725s
 207313 24197     cutoff   53       -57.00000  -60.81431  6.69%   222 5739s
 207834 23981     cutoff   56       -57.00000  -60.79027  6.65%   223 5754s
 208153 23998     cutoff   67       -57.00000  -60.78976  6.65%   223 5755s
 208364 23764     cutoff   80       -57.00000  -60.76584  6.61%   223 5771s
 208773 23530  -59.86257   57  310  -57.00000  -60.74449  6.57%   223 5783s
 209333 23338     cutoff   71       -57.00000  -60.72358  6.53%   223 5794s
 209796 23109  -60.37471   65  305  -57.00000  -60.70164  6.49%   223 5808s
 210387 22908     cutoff   67       -57.00000  -60.67927  6.45%   224 5821s
 210912 22698     cutoff   79       -57.00000  -60.66016  6.42%   224 5834s
 211456 22495     cutoff   78       -57.00000  -60.63996  6.39%   224 5848s
 211949 22279     cutoff   56       -57.00000  -60.61730  6.35%   224 5859s
 212423 22061  -59.71719   61  292  -57.00000  -60.59448  6.31%   225 5871s
 212943 21843  -58.31502   63  286  -57.00000  -60.57158  6.27%   225 5881s
 213456 21619     cutoff   78       -57.00000  -60.55242  6.23%   225 5892s
 213972 21404     cutoff   56       -57.00000  -60.53287  6.20%   225 5903s
 214486 21193     cutoff   75       -57.00000  -60.51198  6.16%   225 5913s
 214971 20976     cutoff   77       -57.00000  -60.49263  6.13%   226 5926s
 215473 20751     cutoff   52       -57.00000  -60.47225  6.09%   226 5938s
 215955 20527     cutoff   67       -57.00000  -60.45279  6.06%   226 5956s
 216389 20301 infeasible   71       -57.00000  -60.43266  6.02%   226 5975s
 217005 20108  -60.40990   61  269  -57.00000  -60.41306  5.99%   227 5991s
 217598 19887     cutoff   62       -57.00000  -60.39310  5.95%   227 6008s
 218079 19673     cutoff   65       -57.00000  -60.37316  5.92%   227 6020s
 218597 19450     cutoff   63       -57.00000  -60.35221  5.88%   227 6042s
 219094 19231     cutoff   67       -57.00000  -60.33147  5.84%   227 6060s
 219591 18998 infeasible   74       -57.00000  -60.31171  5.81%   228 6074s
 220078 18769     cutoff   82       -57.00000  -60.29342  5.78%   228 6093s
 220585 18542     cutoff   52       -57.00000  -60.27521  5.75%   228 6106s
 221109 18329     cutoff   43       -57.00000  -60.25724  5.71%   228 6120s
 221666 18112     cutoff   88       -57.00000  -60.23862  5.68%   228 6131s
 222085 17876     cutoff   52       -57.00000  -60.22066  5.65%   228 6146s
 222547 17645     cutoff   67       -57.00000  -60.20246  5.62%   229 6163s
 223033 17414     cutoff   60       -57.00000  -60.18330  5.58%   229 6180s
 223517 17182  -58.43670   56  302  -57.00000  -60.16565  5.55%   229 6194s
 224041 16956  -59.36782   69  290  -57.00000  -60.14403  5.52%   229 6210s
 224506 16730     cutoff   77       -57.00000  -60.12437  5.48%   229 6234s
 225035 16505  -58.57128   63  272  -57.00000  -60.10427  5.45%   230 6259s
 225570 16275     cutoff   79       -57.00000  -60.08636  5.41%   230 6271s
 226087 16068     cutoff   55       -57.00000  -60.06846  5.38%   230 6298s
 226508 15829  -59.50989   60  270  -57.00000  -60.05638  5.36%   230 6308s
 226928 15587 infeasible   50       -57.00000  -60.03285  5.32%   230 6324s
 227358 15347  -59.02814   68  269  -57.00000  -60.01529  5.29%   231 6336s
 227731 15105     cutoff   63       -57.00000  -59.99552  5.26%   231 6349s
 228144 14860  -58.81975   63  290  -57.00000  -59.97699  5.22%   231 6364s
 228599 14619     cutoff   82       -57.00000  -59.96177  5.20%   231 6381s
 229056 14383     cutoff   69       -57.00000  -59.94396  5.16%   231 6396s
 229562 14152 infeasible   70       -57.00000  -59.92555  5.13%   232 6415s
 229977 13917     cutoff   83       -57.00000  -59.90972  5.10%   232 6429s
 230463 13677     cutoff   59       -57.00000  -59.89234  5.07%   232 6439s
 230897 13436     cutoff   80       -57.00000  -59.87616  5.05%   232 6464s
 231335 13193     cutoff   67       -57.00000  -59.85783  5.01%   232 6475s
 231802 12954     cutoff   52       -57.00000  -59.84042  4.98%   233 6486s
 232273 12720     cutoff   61       -57.00000  -59.82265  4.95%   233 6500s
 232702 12480     cutoff   57       -57.00000  -59.80417  4.92%   233 6517s
 233124 12244     cutoff   57       -57.00000  -59.78536  4.89%   233 6527s
 233525 12000     cutoff   88       -57.00000  -59.76872  4.86%   233 6536s
 233952 11759     cutoff   52       -57.00000  -59.75201  4.83%   233 6545s
 234353 11514     cutoff   89       -57.00000  -59.73478  4.80%   234 6560s
 234782 11269     cutoff   63       -57.00000  -59.71819  4.77%   234 6571s
 235266 11022     cutoff   48       -57.00000  -59.70186  4.74%   234 6581s
 235686 10779     cutoff   77       -57.00000  -59.68485  4.71%   234 6592s
 236120 10533     cutoff   51       -57.00000  -59.66915  4.68%   234 6603s
 236505 10287     cutoff   62       -57.00000  -59.65222  4.65%   234 6622s
 236929 10041     cutoff   83       -57.00000  -59.63492  4.62%   234 6631s
 237331  9801     cutoff   68       -57.00000  -59.61697  4.59%   235 6642s
 237782  9556     cutoff   48       -57.00000  -59.59909  4.56%   235 6658s
 238218  9312     cutoff   70       -57.00000  -59.58280  4.53%   235 6675s
 238630  9068     cutoff   65       -57.00000  -59.56524  4.50%   235 6692s
 239054  8817     cutoff   80       -57.00000  -59.54632  4.47%   235 6711s
 239541  8575     cutoff   63       -57.00000  -59.53002  4.44%   235 6724s
 239999  8332     cutoff   56       -57.00000  -59.51450  4.41%   236 6747s
 240400  8084     cutoff   60       -57.00000  -59.49699  4.38%   236 6755s
 240719  7833     cutoff   71       -57.00000  -59.47972  4.35%   236 6764s
 241170  7588     cutoff   54       -57.00000  -59.46372  4.32%   236 6772s
 241595  7350  -58.37565   75  367  -57.00000  -59.44553  4.29%   236 6781s
 242018  7103     cutoff   43       -57.00000  -59.42602  4.26%   236 6793s
 242441  6856     cutoff   64       -57.00000  -59.40645  4.22%   236 6808s
 242874  6612     cutoff   59       -57.00000  -59.38762  4.19%   237 6821s
 243284  6367     cutoff   62       -57.00000  -59.36767  4.15%   237 6838s
 243751  6126  -59.22646   84  344  -57.00000  -59.34751  4.12%   237 6852s
 244157  5881 infeasible   68       -57.00000  -59.32713  4.08%   237 6865s
 244560  5634     cutoff   59       -57.00000  -59.30784  4.05%   237 6878s
 244953  5385  -58.83020   61  273  -57.00000  -59.28597  4.01%   237 6894s
 245355  5138     cutoff   53       -57.00000  -59.26545  3.97%   237 6909s
 245522  5139     cutoff   77       -57.00000  -59.26519  3.97%   237 6910s
 245742  4914  -58.89323   92  340  -57.00000  -59.24363  3.94%   237 6948s
 246116  4661     cutoff   86       -57.00000  -59.22757  3.91%   237 6963s
 246513  4410  -59.10371   83  351  -57.00000  -59.19616  3.85%   237 6973s
 246876  4160     cutoff   49       -57.00000  -59.17103  3.81%   238 6982s
 247227  3908     cutoff   52       -57.00000  -59.14573  3.76%   238 6998s
 247620  3659     cutoff   60       -57.00000  -59.11891  3.72%   238 7006s
 247991  3411  -58.86566   90  330  -57.00000  -59.08919  3.67%   238 7032s
 248337  3159     cutoff   51       -57.00000  -59.06162  3.62%   238 7043s
 248749  2909     cutoff   91       -57.00000  -59.03086  3.56%   238 7054s
 249118  2658  -58.61651   62  260  -57.00000  -58.99689  3.50%   238 7065s
 249493  2408     cutoff   66       -57.00000  -58.96101  3.44%   238 7075s
 249839  2156     cutoff   83       -57.00000  -58.91940  3.37%   238 7087s
 250214  1905     cutoff   68       -57.00000  -58.87940  3.30%   238 7097s
 250564  1653 infeasible   56       -57.00000  -58.83822  3.22%   238 7110s
 250932  1401     cutoff   69       -57.00000  -58.78806  3.14%   239 7121s
 251284  1154     cutoff   87       -57.00000  -58.73203  3.04%   239 7133s
 251631   903     cutoff   87       -57.00000  -58.66870  2.93%   239 7146s
 251973   652     cutoff   66       -57.00000  -58.57695  2.77%   239 7158s
 252282   400     cutoff   66       -57.00000  -58.47839  2.59%   239 7166s
 252587   148  -58.22117   84  350  -57.00000  -58.33754  2.35%   239 7172s

Cutting planes:
  Gomory: 109
  Cover: 7
  Clique: 14
  MIR: 100
  StrongCG: 1
  Flow cover: 69
  GUB cover: 1707
  Inf proof: 30
  Zero half: 315

Explored 253007 nodes (60373070 simplex iterations) in 7176.28 seconds
Thread count was 12 (of 40 available processors)

Solution count 10: -57 -55 -54 ... -44

Optimal solution found (tolerance 1.00e-04)
Best objective -5.700000000000e+01, best bound -5.700000000000e+01, gap 0.0000%

Number of covered targets:	57
Total library size:		94371840
Probability on target:		0.00000

Writing output...
