Reading MSA file...
Removing fixed positions...

Library size limit:		100000
Sublibrary count limit:		2
Number of targets:		94
Number of variable positions:	73

Using approximate library size.

Academic license - for non-commercial use only
Parameter OutputFlag unchanged
   Value: 1  Min: 0  Max: 1  Default: 1
Changed value of parameter QCPDual to 1
   Prev: 0  Min: 0  Max: 1  Default: 0
Changed value of parameter TimeLimit to 172800.0
   Prev: 1e+100  Min: 0.0  Max: 1e+100  Default: 1e+100
Changed value of parameter Threads to 12
   Prev: 0  Min: 0  Max: 1024  Default: 0
Optimize a model with 719 rows, 123268 columns and 7322574 nonzeros
Variable types: 0 continuous, 123268 integer (123268 binary)
Coefficient statistics:
  Matrix range     [7e-01, 1e+05]
  Objective range  [1e+00, 1e+00]
  Bounds range     [1e+00, 1e+00]
  RHS range        [1e+00, 1e+05]
Found heuristic solution: objective 0.0000000
Presolve removed 0 rows and 111688 columns (presolve time = 7s) ...
Presolve removed 188 rows and 119810 columns (presolve time = 10s) ...
Presolve removed 188 rows and 119808 columns
Presolve time: 14.95s
Presolved: 531 rows, 3460 columns, 213758 nonzeros
Variable types: 2 continuous, 3458 integer (3458 binary)

Root simplex log...

Iteration    Objective       Primal Inf.    Dual Inf.      Time
       0   -9.4000000e+01   2.400000e+02   0.000000e+00     15s
     641   -9.4000000e+01   0.000000e+00   0.000000e+00     15s

Root relaxation: objective -9.400000e+01, 641 iterations, 0.06 seconds

    Nodes    |    Current Node    |     Objective Bounds      |     Work
 Expl Unexpl |  Obj  Depth IntInf | Incumbent    BestBd   Gap | It/Node Time

     0     0  -94.00000    0  190    0.00000  -94.00000      -     -   15s
H    0     0                      -1.0000000  -94.00000  9300%     -   15s
     0     0  -94.00000    0  244   -1.00000  -94.00000  9300%     -   18s
     0     0  -94.00000    0  216   -1.00000  -94.00000  9300%     -   18s
     0     0  -94.00000    0  222   -1.00000  -94.00000  9300%     -   20s
H    0     0                      -2.0000000  -94.00000  4600%     -   20s
     0     0  -94.00000    0  232   -2.00000  -94.00000  4600%     -   20s
     0     0  -94.00000    0  254   -2.00000  -94.00000  4600%     -   21s
     0     0  -94.00000    0  237   -2.00000  -94.00000  4600%     -   22s
     0     2  -94.00000    0  214   -2.00000  -94.00000  4600%     -   23s
    27    38  -94.00000    5  301   -2.00000  -94.00000  4600%   361   25s
H   29    38                      -3.0000000  -94.00000  3033%   351   25s
H   31    38                      -5.0000000  -94.00000  1780%   346   25s
H   84    83                     -10.0000000  -94.00000   840%   235   28s
H   85    83                     -16.0000000  -94.00000   488%   236   28s
H   92    87                     -17.0000000  -94.00000   453%   222   28s
H   94    89                     -18.0000000  -94.00000   422%   220   28s
H  134   127                     -24.0000000  -94.00000   292%   191   30s
H  141   136                     -31.0000000  -94.00000   203%   188   30s
H 1318   963                     -32.0000000  -94.00000   194%  78.0   36s
H 1319   964                     -33.0000000  -94.00000   185%  78.1   36s
H 2492  1876                     -35.0000000  -94.00000   169%  89.9   40s
  2816  2088  -54.48633   76  262  -35.00000  -94.00000   169%  87.6   47s
  2817  2089  -73.68450   59  312  -35.00000  -94.00000   169%  87.5   50s
  2818  2089  -62.80400  122  316  -35.00000  -94.00000   169%  87.5   55s
  2821  2091  -63.38035  146  355  -35.00000  -94.00000   169%  87.4   60s
  2822  2092  -81.40923   49  338  -35.00000  -94.00000   169%  87.4   67s
  2823  2093  -72.98780   62  372  -35.00000  -94.00000   169%  87.3   71s
  2824  2093  -63.55107  159  345  -35.00000  -94.00000   169%  87.3   76s
H 2824  1988                     -36.0000000  -94.00000   161%  87.3   76s
  2826  1990  -48.72169  117  364  -36.00000  -94.00000   161%  87.2   85s
  2829  1995  -94.00000   16  287  -36.00000  -94.00000   161%  92.6   90s
H 2915  1947                     -38.0000000  -93.99531   147%  95.1   92s
  2960  1970  -92.88634   25  305  -38.00000  -93.99531   147%  94.9   98s
  3345  2161  -88.06616   39  272  -38.00000  -93.99531   147%  96.0  100s
  3603  2254  -85.00000   49  246  -38.00000  -93.99531   147%  97.4  126s
  3978  2383 infeasible   69       -38.00000  -93.99531   147%   101  130s
  5094  2742  -61.65963  113  139  -38.00000  -93.99531   147%   112  135s
  6211  3089  -84.00000   36  256  -38.00000  -93.94600   147%   118  140s
  7450  3589  -62.00000   83  150  -38.00000  -93.75020   147%   125  145s
  8907  4377  -74.00000   62  184  -38.00000  -93.48339   146%   131  150s
  9821  5116  -40.90690  133   94  -38.00000  -93.02595   145%   135  170s
 10954  6019  -72.00000   66  210  -38.00000  -93.02595   145%   141  175s
 12167  6984  -81.98016   45  231  -38.00000  -93.00000   145%   145  180s
 13651  8202  -54.00000   90   86  -38.00000  -92.81106   144%   148  185s
 15372  9522  -53.92465  105  140  -38.00000  -92.76673   144%   147  190s
 16005  9942  -42.82604  129  103  -38.00000  -92.76673   144%   147  208s
 16036  9941  -42.00000  130   98  -38.00000  -92.60586   144%   147  210s
 17785 11038 infeasible   70       -38.00000  -92.38176   143%   149  217s
 19240 11976  -75.00000   59  159  -38.00000  -92.21319   143%   149  221s
 20775 13203  -70.75661   67  194  -38.00000  -91.89661   142%   149  226s
 21753 13994  -81.76745   44  235  -38.00000  -91.88927   142%   148  254s
 22115 14261  -80.89551   45  230  -38.00000  -91.88927   142%   148  257s
 23197 15008  -40.00000  130   75  -38.00000  -91.84652   142%   147  260s
 25213 16526  -44.00000  115  104  -38.00000  -91.68063   141%   146  266s
 27575 18367  -55.81346   98  137  -38.00000  -91.49523   141%   144  272s
 28846 19350  -87.91263   30  284  -38.00000  -91.43894   141%   143  276s
 30230 20366  -48.80029  112  114  -38.00000  -91.30065   140%   142  280s
 31493 21286  -41.39324  118   43  -38.00000  -91.30065   140%   141  285s
 34239 23262  -81.78966   39  231  -38.00000  -91.00000   139%   140  292s
 35577 24275  -68.00000   77  237  -38.00000  -90.92451   139%   140  445s
 35580 24277  -86.39617   28  286  -38.00000  -90.92451   139%   140  450s
 35581 24278  -74.00000   79  462  -38.00000  -90.92451   139%   140  457s
 35582 24278  -56.00000   92  521  -38.00000  -88.91220   134%   140  469s
 35584 24280  -82.31615   45  546  -38.00000  -82.31615   117%   140  470s
 35596 24288  -74.00000   63  555  -38.00000  -81.15490   114%   140  475s
 35599 24290  -72.00000   69  581  -38.00000  -80.14186   111%   139  480s
 35611 24298  -61.84863   67  610  -38.00000  -79.94660   110%   139  485s
 35612 24298  -51.00000  110  575  -38.00000  -79.70027   110%   139  491s
 35628 24309  -77.98895   57  605  -38.00000  -79.44900   109%   139  496s
 35629 24310  -42.82949  131  574  -38.00000  -79.26834   109%   139  500s
 35644 24320  -50.80070  117  602  -38.00000  -78.67647   107%   139  505s
 35659 24330  -66.01074   64  619  -38.00000  -78.35854   106%   139  515s
 35670 24337  -41.00000  139  635  -38.00000  -78.23264   106%   139  520s
 35676 24341  -64.00000   80  615  -38.00000  -77.99894   105%   139  525s
 35686 24348  -77.86826   28  611  -38.00000  -77.86826   105%   139  531s
 35698 24356  -65.00000   89  632  -38.00000  -77.74139   105%   139  535s
 35707 24362  -48.00000  116  617  -38.00000  -77.37726   104%   139  540s
 35718 24369  -43.00000  127  585  -38.00000  -77.25401   103%   139  547s
 35731 24378  -77.12803   38  626  -38.00000  -77.12803   103%   139  551s
 35732 24378  -71.00000   65  618  -38.00000  -77.10644   103%   139  557s
 35740 24384  -62.74856   79  618  -38.00000  -77.07025   103%   139  561s
 35742 24385  -71.00000   88  595  -38.00000  -77.00478   103%   139  565s
 35761 24398  -76.94168   29  626  -38.00000  -76.94168   102%   139  571s
 35771 24404  -60.00000   93  639  -38.00000  -76.83958   102%   139  575s
 35772 24405  -65.00000   73  573  -38.00000  -76.73802   102%   139  581s
 35787 24415  -41.92572  130  628  -38.00000  -76.58244   102%   139  586s
 35794 24420  -59.87587   94  625  -38.00000  -76.42780   101%   139  590s
 35798 24422  -65.00000   89  591  -38.00000  -76.40092   101%   139  595s
 35808 24429  -43.00000  135  613  -38.00000  -76.30765   101%   139  601s
 35815 24434  -76.26616   45  632  -38.00000  -76.26616   101%   139  606s
 35823 24439  -64.94516   86  658  -38.00000  -76.25542   101%   139  610s
 35826 24441  -76.24289   58  602  -38.00000  -76.24289   101%   139  618s
 35835 24447  -59.30107   80  648  -38.00000  -76.17983   100%   139  622s
 35836 24448  -76.16028   24  640  -38.00000  -76.16028   100%   139  626s
 35845 24454  -63.89056   80  621  -38.00000  -76.08772   100%   139  632s
 35851 24458  -76.07254   23  643  -38.00000  -76.07254   100%   139  635s
 35855 24460  -47.00000  122  642  -38.00000  -76.02278   100%   138  640s
 35859 24463  -66.01074   64  631  -38.00000  -76.01269   100%   138  671s
 35867 24468  -75.82502   48  637  -38.00000  -75.98300   100%   138  675s
 35875 24474  -67.00000   82  645  -38.00000  -75.91669   100%   138  680s
 35877 24475  -68.00000   77  608  -38.00000  -75.88333   100%   138  686s
 35887 24482  -41.92572  130  613  -38.00000  -75.77326  99.4%   138  690s
 35895 24487  -75.69227   28  599  -38.00000  -75.69227  99.2%   138  698s
 35905 24494  -51.00000   93  654  -38.00000  -75.63297  99.0%   138  701s
 35906 24494  -60.00000   84  601  -38.00000  -75.61970  99.0%   138  705s
 35913 24499  -49.00000  103  614  -38.00000  -75.53739  98.8%   138  712s
 35921 24504  -75.37498   30  646  -38.00000  -75.37498  98.4%   138  716s
 35922 24505  -75.34158   30  595  -38.00000  -75.34158  98.3%   138  720s
 35931 24511  -75.14006   38  604  -38.00000  -75.14006  97.7%   138  728s
 35942 24518  -71.00000   88  654  -38.00000  -75.04504  97.5%   138  730s
 35945 24520  -63.89056   80  620  -38.00000  -74.97583  97.3%   138  736s
 35957 24528  -61.88635   87  636  -38.00000  -74.91975  97.2%   138  740s
 35972 24538  -65.00000   73  649  -38.00000  -74.85731  97.0%   138  746s
 35978 24542  -74.83570   67  641  -38.00000  -74.83570  96.9%   138  752s
 35979 24543  -63.63549   67  631  -38.00000  -74.82741  96.9%   138  755s
 35985 24547  -51.00000  108  623  -38.00000  -74.81727  96.9%   138  761s
 35990 24550  -74.80380   50  634  -38.00000  -74.80380  96.9%   138  768s
 35999 24556  -72.00000   69  654  -38.00000  -74.77598  96.8%   138  771s
 36002 24558  -74.71340   49  643  -38.00000  -74.71340  96.6%   138  775s
 36011 24564  -61.84863   67  643  -38.00000  -74.69276  96.6%   138  780s
 36024 24573  -59.00000   94  651  -38.00000  -74.61198  96.3%   138  785s
 36040 24584  -62.74856   79  644  -38.00000  -74.47543  96.0%   138  790s
 36049 24590  -74.39161   46  589  -38.00000  -74.39161  95.8%   138  796s
 36059 24596  -66.01074   64  634  -38.00000  -74.33322  95.6%   138  800s
 36073 24606  -74.13962   51  643  -38.00000  -74.28815  95.5%   138  805s
 36084 24613  -74.17581   45  605  -38.00000  -74.17581  95.2%   138  812s
 36094 24620  -59.87587   94  648  -38.00000  -74.14063  95.1%   138  815s
 36103 24626  -52.00000  106  639  -38.00000  -74.10748  95.0%   138  821s
 36105 24627  -51.00000   93  648  -38.00000  -74.10521  95.0%   138  825s
 36113 24632  -49.00000  103  660  -38.00000  -74.08833  95.0%   138  831s
 36118 24636  -43.00000  127  642  -38.00000  -74.06132  94.9%   137  835s
 36120 24637  -74.05345   41  608  -38.00000  -74.05345  94.9%   137  840s
 36126 24641  -74.03748   58  619  -38.00000  -74.03748  94.8%   137  846s
 36131 24644  -74.02019   38  596  -38.00000  -74.02019  94.8%   137  851s
 36139 24650  -62.03223   77  648  -38.00000  -74.00211  94.7%   137  855s
 36146 24654  -57.00000  103  643  -38.00000  -73.97650  94.7%   137  861s
 36150 24657  -69.96136   72  642  -38.00000  -73.93832  94.6%   137  865s
 36154 24660  -52.89545   97  652  -38.00000  -73.93422  94.6%   137  870s
 36156 24661  -39.00000  136  620  -38.00000  -73.88981  94.4%   137  875s
 36170 24670  -41.00000  139  622  -38.00000  -73.76158  94.1%   137  881s
 36179 24676  -63.63549   67  639  -38.00000  -73.73777  94.0%   137  885s
 36183 24679  -66.95759   75  609  -38.00000  -73.66627  93.9%   137  892s
 36193 24686  -66.55689   95  641  -38.00000  -73.59905  93.7%   137  896s
 36202 24692  -73.56310   49  647  -38.00000  -73.56310  93.6%   137  901s
 36210 24697  -61.00000   83  655  -38.00000  -73.51249  93.5%   137  907s
 36214 24700  -53.00000  113  652  -38.00000  -73.48774  93.4%   137  912s
 36219 24703  -42.88899  125  642  -38.00000  -73.38885  93.1%   137  915s
 36228 24709  -73.33121   57  636  -38.00000  -73.33121  93.0%   137  920s
 36238 24716  -55.05019   98  604  -38.00000  -73.26293  92.8%   137  926s
 36245 24720  -63.89056   80  612  -38.00000  -73.22943  92.7%   137  932s
 36253 24726  -73.20805   43  666  -38.00000  -73.20805  92.7%   137  935s
 36259 24730  -66.01074   64  595  -38.00000  -73.17453  92.6%   137  941s
 36269 24736  -73.15483   45  633  -38.00000  -73.15483  92.5%   137  947s
 36271 24738  -60.00000   93  631  -38.00000  -73.15395  92.5%   137  952s
 36272 24738  -65.00000   73  621  -38.00000  -73.15371  92.5%   137  955s
 36274 24740  -73.15338   54  624  -38.00000  -73.15338  92.5%   137  962s
 36276 24741  -64.00000   80  630  -38.00000  -73.15309  92.5%   137  967s
 36277 24742  -68.00000   77  631  -38.00000  -73.15293  92.5%   137  970s
 36281 24744  -73.14955   79  627  -38.00000  -73.14955  92.5%   137  977s
 36283 24746  -66.95759   75  630  -38.00000  -73.14939  92.5%   137  982s
 36286 24748  -73.14838   28  631  -38.00000  -73.14838  92.5%   137  986s
 36288 24749  -62.73703   82  633  -38.00000  -73.14828  92.5%   137  990s
 36290 24750  -73.14827   50  625  -38.00000  -73.14827  92.5%   137  996s
 36292 24752  -73.14823   55  631  -38.00000  -73.14823  92.5%   137 1002s
 36293 24752  -66.55689   95  619  -38.00000  -73.14746  92.5%   137 1005s
 36297 24755  -45.92057  121  648  -38.00000  -73.11479  92.4%   137 1010s
 36304 24760  -73.10672   38  628  -38.00000  -73.10672  92.4%   137 1016s
 36306 24761  -60.00000   84  615  -38.00000  -73.09291  92.3%   137 1021s
 36310 24764  -61.00000   83  616  -38.00000  -73.07892  92.3%   137 1026s
 36315 24767  -73.05410   45  629  -38.00000  -73.05410  92.2%   137 1031s
 36320 24770  -73.04774   41  634  -38.00000  -73.04774  92.2%   137 1036s
 36324 24773  -59.00000   94  624  -38.00000  -73.03809  92.2%   137 1042s
 36331 24778  -73.01335   38  599  -38.00000  -73.01335  92.1%   137 1047s
 36341 24784  -72.98403   49  665  -38.00000  -72.98403  92.1%   137 1051s
 36349 24790  -72.95766   46  639  -38.00000  -72.95766  92.0%   137 1056s
 36357 24795  -61.88635   87  640  -38.00000  -72.94258  92.0%   137 1061s
 36359 24796  -66.01074   64  658  -38.00000  -72.92503  91.9%   137 1065s
 36365 24800  -72.91923   35  675  -38.00000  -72.91923  91.9%   137 1070s
 36371 24805  -60.00000   93  185  -38.00000  -72.91833  91.9%   138 1076s
 36373 24807  -72.91833   51  445  -38.00000  -72.91833  91.9%   138 1086s
 36374 24807  -72.91833   54  487  -38.00000  -72.91833  91.9%   138 1095s
 36375 24808  -67.00000   82  501  -38.00000  -72.91833  91.9%   138 1100s
 36376 24809  -64.00000   80  526  -38.00000  -72.91833  91.9%   138 1106s
 36395 24821  -72.91833   28  624  -38.00000  -72.91833  91.9%   138 1112s
 36396 24822  -72.91833   63  620  -38.00000  -72.91833  91.9%   138 1119s
 36404 24827  -72.91833   38  639  -38.00000  -72.91833  91.9%   138 1120s
 36406 24829  -60.00000   84  626  -38.00000  -72.91833  91.9%   138 1125s
 36415 24835  -72.91833   45  640  -38.00000  -72.91833  91.9%   138 1131s
 36424 24841  -59.00000   94  594  -38.00000  -72.89084  91.8%   138 1137s
 36430 24845  -68.32981   68  633  -38.00000  -72.86978  91.8%   138 1140s
 36435 24848  -59.30107   80  638  -38.00000  -72.85106  91.7%   138 1146s
 36436 24849  -72.83655   24  622  -38.00000  -72.83655  91.7%   138 1151s
 36443 24853  -40.00673  127  602  -38.00000  -72.81720  91.6%   138 1157s
 36449 24857  -72.80927   46  617  -38.00000  -72.80927  91.6%   138 1160s
 36456 24862  -39.00000  136  622  -38.00000  -72.76564  91.5%   138 1166s
 36459 24864  -66.01074   64  632  -38.00000  -72.76412  91.5%   138 1171s
 36468 24870  -70.00000   64  629  -38.00000  -72.72225  91.4%   138 1175s
 36470 24871  -41.00000  139  607  -38.00000  -72.71463  91.4%   138 1187s
 36476 24875  -64.00000   80  650  -38.00000  -72.68452  91.3%   138 1190s
 36483 24880  -66.95759   75  641  -38.00000  -72.65950  91.2%   138 1195s
 36490 24885  -72.57931   50  630  -38.00000  -72.57931  91.0%   138 1201s
 36495 24888  -72.57541   28  646  -38.00000  -72.57541  91.0%   138 1206s
 36501 24892  -48.46925  112  623  -38.00000  -72.51160  90.8%   138 1210s
 36504 24894  -72.50919   38  599  -38.00000  -72.50919  90.8%   138 1215s
 36508 24897  -43.00000  135  599  -38.00000  -72.47153  90.7%   138 1220s
 36517 24903  -72.41706   37  616  -38.00000  -72.41706  90.6%   138 1225s
 36524 24907  -59.00000   94  592  -38.00000  -72.32917  90.3%   138 1231s
 36530 24911  -68.32981   68  611  -38.00000  -72.20210  90.0%   138 1235s
 36537 24916  -56.97492   66  598  -38.00000  -72.19021  90.0%   138 1241s
 36546 24922  -57.00000  103  621  -38.00000  -72.12252  89.8%   138 1246s
 36551 24925  -72.11499   23  618  -38.00000  -72.11499  89.8%   138 1252s
 36552 24926  -49.00000  102  591  -38.00000  -72.10765  89.8%   138 1255s
 36561 24932  -72.09162   29  608  -38.00000  -72.09162  89.7%   138 1261s
 36565 24935  -72.08365   35  603  -38.00000  -72.08365  89.7%   138 1267s
 36571 24939  -60.00000   93  628  -38.00000  -72.05226  89.6%   138 1270s
 36578 24943  -72.01979   67  638  -38.00000  -72.01979  89.5%   138 1276s
 36586 24949  -71.98506   28  632  -38.00000  -71.98506  89.4%   138 1282s
 36587 24949  -41.92572  130  625  -38.00000  -71.95459  89.4%   138 1285s
 36594 24954  -59.87587   94  599  -38.00000  -71.93876  89.3%   138 1291s
 36599 24957  -71.91415   69  590  -38.00000  -71.91415  89.2%   138 1296s
 36605 24961  -51.00000   93  618  -38.00000  -71.90139  89.2%   138 1302s
 36606 24962  -60.00000   84  625  -38.00000  -71.90104  89.2%   138 1305s
 36608 24963  -43.00000  135  626  -38.00000  -71.90062  89.2%   138 1310s
 36613 24967  -49.00000  103  629  -38.00000  -71.88115  89.2%   138 1315s
 36616 24969  -49.00000  103  638  -38.00000  -71.87897  89.2%   138 1320s
 36622 24973  -71.86648   30  618  -38.00000  -71.86648  89.1%   138 1326s
 36625 24975  -59.87093   87  630  -38.00000  -71.86484  89.1%   137 1333s
 36626 24975  -71.86482   58  636  -38.00000  -71.86482  89.1%   137 1336s
 36630 24978  -68.32981   68  605  -38.00000  -71.84829  89.1%   137 1342s
 36631 24979  -71.84205   38  610  -38.00000  -71.84205  89.1%   137 1345s
 36638 24983  -55.05019   98  607  -38.00000  -71.82444  89.0%   137 1352s
 36643 24987  -40.00673  127  612  -38.00000  -71.80992  89.0%   137 1359s
 36645 24988  -63.89056   80  629  -38.00000  -71.80577  89.0%   137 1362s
 36646 24989  -57.00000  103  616  -38.00000  -71.80459  89.0%   137 1365s
 36648 24990  -71.80401   50  611  -38.00000  -71.80401  89.0%   137 1371s
 36650 24991  -69.96136   72  631  -38.00000  -71.80323  89.0%   137 1377s
 36652 24993  -49.00000  102  637  -38.00000  -71.80240  89.0%   137 1380s
 36656 24995  -39.00000  136  632  -38.00000  -71.79959  88.9%   137 1385s
 36660 24998  -62.00000   82  631  -38.00000  -71.79362  88.9%   137 1391s
 36662 24999  -71.79352   28  629  -38.00000  -71.79352  88.9%   137 1396s
 36664 25001  -53.91364  108  631  -38.00000  -71.79351  88.9%   137 1401s
 36665 25001  -71.78817   35  609  -38.00000  -71.78817  88.9%   137 1425s
 36668 25003  -70.00000   64  601  -38.00000  -71.78525  88.9%   137 1431s
 36670 25005  -41.00000  139  622  -38.00000  -71.78486  88.9%   137 1436s
 36672 25006  -65.00000   73  615  -38.00000  -71.78359  88.9%   137 1441s
 36675 25008  -67.00000   82  604  -38.00000  -71.77675  88.9%   137 1447s
 36682 25013  -56.00000   92  618  -38.00000  -71.76346  88.9%   137 1450s
 36685 25015  -51.00000  108  633  -38.00000  -71.76187  88.8%   137 1455s
 36691 25019  -51.86299  107  623  -38.00000  -71.74573  88.8%   137 1460s
 36694 25021  -59.87587   94  630  -38.00000  -71.74485  88.8%   137 1467s
 36695 25021  -71.73282   28  618  -38.00000  -71.73282  88.8%   137 1470s
 36703 25027  -52.00000  106  621  -38.00000  -71.70926  88.7%   137 1477s
 36705 25028  -51.00000   93  601  -38.00000  -71.70539  88.7%   137 1482s
 36712 25033  -51.00000  110  638  -38.00000  -71.69651  88.7%   137 1485s
 36714 25034  -53.00000  113  640  -38.00000  -71.69630  88.7%   137 1490s
 36717 25036  -71.69351   37  638  -38.00000  -71.69351  88.7%   137 1496s
 36719 25037  -42.88899  125  635  -38.00000  -71.69248  88.7%   137 1501s
 36721 25039  -71.69189   30  633  -38.00000  -71.69189  88.7%   137 1506s
 36723 25040  -64.94516   86  633  -38.00000  -71.69166  88.7%   137 1511s
 36725 25041  -59.87093   87  636  -38.00000  -71.69157  88.7%   137 1516s
 36727 25043  -58.37779   81  636  -38.00000  -71.69152  88.7%   137 1521s
 36729 25044  -42.82949  131  635  -38.00000  -71.69152  88.7%   137 1526s
 36731 25045  -71.69152   38  636  -38.00000  -71.69152  88.7%   137 1532s
 36732 25046  -71.00000   65  631  -38.00000  -71.69152  88.7%   137 1535s
 36734 25047  -71.68204   58  622  -38.00000  -71.68204  88.6%   137 1540s
 36740 25051  -62.74856   79  605  -38.00000  -71.66796  88.6%   137 1546s
 36743 25053  -40.00673  127  608  -38.00000  -71.66615  88.6%   137 1551s
 36746 25055  -57.00000  103  619  -38.00000  -71.66181  88.6%   137 1556s
 36751 25059  -71.65093   23  629  -38.00000  -71.65093  88.6%   137 1561s
 36759 25064  -66.01074   64  634  -38.00000  -71.64021  88.5%   137 1567s
 36763 25067  -70.80707   70  651  -38.00000  -71.63176  88.5%   137 1570s
 36765 25068  -71.63055   35  653  -38.00000  -71.63055  88.5%   137 1575s
 36767 25069  -71.63035   48  654  -38.00000  -71.63035  88.5%   137 1580s
 36774 25074  -71.59364   54  656  -38.00000  -71.59364  88.4%   137 1586s
 36781 25079  -71.58668   79  649  -38.00000  -71.58668  88.4%   137 1591s
 36786 25082  -71.57766   28  653  -38.00000  -71.57766  88.4%   137 1597s
 36787 25083  -41.92572  130  643  -38.00000  -71.57729  88.4%   137 1600s
 36789 25084  -71.57687   38  642  -38.00000  -71.57687  88.4%   137 1605s
 36791 25085  -51.86299  107  651  -38.00000  -71.57620  88.4%   137 1610s
 36793 25087  -66.55689   95  654  -38.00000  -71.57613  88.4%   137 1615s
 36795 25088  -71.57611   28  648  -38.00000  -71.57611  88.4%   137 1620s
 36798 25090  -65.00000   89  654  -38.00000  -71.57588  88.4%   137 1627s
 36800 25091  -56.00000  102  654  -38.00000  -71.57525  88.4%   137 1630s
 36802 25093  -71.57524   49  655  -38.00000  -71.57524  88.4%   137 1635s
 36808 25097  -43.00000  135  655  -38.00000  -71.56417  88.3%   137 1640s
 36810 25098  -61.00000   83  655  -38.00000  -71.56351  88.3%   137 1645s
 36814 25101  -53.00000  113  654  -38.00000  -71.55881  88.3%   137 1650s
 36818 25103  -43.00000  127  658  -38.00000  -71.55671  88.3%   137 1655s
 36821 25105  -71.55662   30  659  -38.00000  -71.55662  88.3%   137 1662s
 36823 25107  -64.94516   86  654  -38.00000  -71.55661  88.3%   137 1667s
 36825 25108  -59.87093   87  651  -38.00000  -71.55661  88.3%   137 1670s
 36827 25112  -71.49998   46  618  -38.00000  -71.52095  88.2%   138 1695s
 36829 25116  -71.47367   47  620  -38.00000  -71.47367  88.1%   138 1712s
 36833 25120  -71.40709   48  622  -38.00000  -71.46992  88.1%   138 1719s
 36841 25124  -71.26634   49  599  -38.00000  -71.38890  87.9%   138 1722s
 36853 25130  -71.13953   50  596  -38.00000  -71.26629  87.5%   138 1738s
 36877 25139  -64.23016   51  422  -38.00000  -71.09730  87.1%   138 1740s
 36959 25164  -70.62141   54  572  -38.00000  -70.81749  86.4%   139 1745s
 37129 25241  -69.98857   58  587  -38.00000  -69.98857  84.2%   139 1750s
 37326 25323  -68.39374   63  583  -38.00000  -69.51693  82.9%   140 1755s
 37591 25424  -66.93545   68  592  -38.00000  -69.44289  82.7%   140 1760s
 37886 25565  -65.69233   73  579  -38.00000  -69.44289  82.7%   141 1765s
 38239 25734  -64.62624   78  573  -38.00000  -69.39042  82.6%   141 1770s
 38346 25785  -64.19035   80  601  -38.00000  -69.39042  82.6%   142 1776s
 38582 25850  -63.20123   83  588  -38.00000  -68.38176  80.0%   142 1781s
 39000 25999  -52.06161   87  430  -38.00000  -68.38176  80.0%   142 1785s
 39391 26163  -59.79143   92  576  -38.00000  -66.12040  74.0%   143 1790s
 39920 26364  -57.85297   98  571  -38.00000  -65.63868  72.7%   143 1795s
 40503 26607  -55.66513  104  555  -38.00000  -65.14125  71.4%   143 1800s
 41200 26937  -45.76819  110  379  -38.00000  -65.14125  71.4%   143 1807s
 41741 27234  -52.55375  116  506  -38.00000  -65.14125  71.4%   143 1811s
 42411 27546  -49.47461  128  478  -38.00000  -65.14125  71.4%   143 1816s
 43059 27851  -47.50528  143  455  -38.00000  -65.14125  71.4%   143 1820s
 43759 28136  -45.94280  160  428  -38.00000  -63.50443  67.1%   143 1826s
 44624 28434  -42.55155  185  390  -38.00000  -63.36429  66.7%   142 1831s
 45408 28747     cutoff  230       -38.00000  -63.00289  65.8%   142 1837s
 45849 28935  -54.54390   90  546  -38.00000  -62.85133  65.4%   142 1841s
 46912 29331     cutoff  182       -38.00000  -62.81920  65.3%   141 1848s
 47238 29419  -44.96396   86  441  -38.00000  -62.45828  64.4%   142 1851s
 47633 29483  -40.97498  102  414  -38.00000  -62.22762  63.8%   142 1855s
 48533 29758  -39.59481  130  286  -38.00000  -61.71232  62.4%   142 1862s
 49066 29911  -45.82833   99  354  -38.00000  -61.62104  62.2%   142 1866s
 49555 30077  -39.01376  107  393  -38.00000  -61.55461  62.0%   142 1871s
 50162 30336  -55.01993   85  488  -38.00000  -61.34020  61.4%   142 1875s
 50741 30536  -44.97882  125  411  -38.00000  -61.17245  61.0%   142 1880s
 51301 30691  -46.39680   87  429  -38.00000  -61.02189  60.6%   143 1885s
 52550 31062  -42.85838   87  385  -38.00000  -60.50359  59.2%   143 1895s
 53814 31353  -39.45803  115  334  -38.00000  -60.19132  58.4%   143 1906s
 54485 31559  -42.97477   91  371  -38.00000  -60.00622  57.9%   143 1912s
 55156 31714  -39.89524   88  397  -38.00000  -59.66995  57.0%   143 1918s
 55828 31886     cutoff   78       -38.00000  -59.61490  56.9%   144 1924s
 56551 32114  -46.06205   90  380  -38.00000  -59.18532  55.8%   144 1930s
 57343 32361  -54.80283  100  463  -38.00000  -58.94839  55.1%   144 1937s
 58133 32543     cutoff  167       -38.00000  -58.73791  54.6%   145 1944s
 59074 32811  -47.26502   94  418  -38.00000  -58.42239  53.7%   145 1951s
 60022 33100  -44.19558   92  392  -38.00000  -58.24716  53.3%   145 1961s
 60635 33250  -53.58377   70  446  -38.00000  -58.21787  53.2%   145 1969s
 61690 33590  -48.96762   84  475  -38.00000  -58.21104  53.2%   145 1984s
 62218 33661     cutoff   84       -38.00000  -57.85536  52.3%   145 1993s
 63209 33940  -44.25829  103  447  -38.00000  -57.52059  51.4%   145 2001s
 64210 34124  -44.89771   89  376  -38.00000  -57.29939  50.8%   146 2010s
 65070 34307  -40.31730   67  244  -38.00000  -57.00857  50.0%   146 2019s
 66273 34519  -44.30583  100  356  -38.00000  -56.62586  49.0%   146 2028s
 67564 34825  -49.72280   75  371  -38.00000  -56.39061  48.4%   146 2038s
 68976 35222  -40.96133  102  314  -38.00000  -56.39061  48.4%   146 2047s
 70306 35469  -39.35703   99  191  -38.00000  -55.93520  47.2%   146 2057s
 71557 35783  -40.49305   71  225  -38.00000  -55.64374  46.4%   146 2069s
 72547 35944  -50.55829   73  445  -38.00000  -55.59223  46.3%   147 2079s
 73646 36134  -40.32522   98  320  -38.00000  -55.28031  45.5%   147 2105s
 74734 36277  -43.46965   81  363  -38.00000  -55.05424  44.9%   147 2115s
 76028 36500  -39.17556   65  315  -38.00000  -54.68257  43.9%   148 2127s
 77309 36724  -47.24936   68  335  -38.00000  -54.48126  43.4%   148 2137s
 78588 36880  -45.18623   89  357  -38.00000  -54.21520  42.7%   148 2152s
 79640 36981  -48.88427   75  387  -38.00000  -54.17465  42.6%   149 2163s
 80785 37110     cutoff  103       -38.00000  -53.98124  42.1%   149 2174s
 82009 37279     cutoff   69       -38.00000  -53.73026  41.4%   150 2185s
 83092 37472     cutoff  104       -38.00000  -53.61924  41.1%   150 2196s
 84244 37649  -48.79670   77  366  -38.00000  -53.44215  40.6%   150 2207s
 85396 37765     cutoff  112       -38.00000  -53.30492  40.3%   151 2218s
 86378 37784  -47.58989  104  455  -38.00000  -53.17439  39.9%   151 2229s
 87545 37976  -40.13529   70  265  -38.00000  -53.04658  39.6%   152 2240s
 88810 38088  -42.86169   97  359  -38.00000  -52.74253  38.8%   152 2252s
 90124 38350  -45.77964   76  329  -38.00000  -52.51543  38.2%   152 2264s
 91355 38562  -45.49548   78  367  -38.00000  -52.36433  37.8%   152 2276s
 92501 38723     cutoff   60       -38.00000  -52.21262  37.4%   153 2287s
 93685 38937  -42.84533  139  461  -38.00000  -52.02554  36.9%   153 2299s
 94940 39119     cutoff  139       -38.00000  -51.92433  36.6%   153 2318s
 96069 39268  -39.36521   99  393  -38.00000  -51.72509  36.1%   154 2340s
 96482 39236  -49.65158  127  506  -38.00000  -51.70085  36.1%   154 2351s
 97691 39398  -45.63645   71  322  -38.00000  -51.50719  35.5%   154 2363s
 98931 39561  -46.33548   78  358  -38.00000  -51.37625  35.2%   155 2373s
 100063 39687     cutoff   84       -38.00000  -51.31464  35.0%   155 2385s
 101149 39792  -50.18350  113  502  -38.00000  -51.22310  34.8%   156 2396s
 102231 39853  -49.66869   82  364  -38.00000  -51.07483  34.4%   156 2408s
 103537 40081     cutoff   75       -38.00000  -51.00993  34.2%   156 2419s
 104596 40197     cutoff   70       -38.00000  -50.85749  33.8%   157 2433s
 105888 40412     cutoff  130       -38.00000  -50.72094  33.5%   157 2444s
 106965 40535     cutoff   77       -38.00000  -50.59858  33.2%   157 2457s
 108124 40824  -42.20114  132  441  -38.00000  -50.53595  33.0%   158 2480s
 108316 40758  -39.04308  148  383  -38.00000  -50.49407  32.9%   158 2494s
 109556 40951  -41.57480   95  415  -38.00000  -50.39783  32.6%   158 2506s
 110844 41134     cutoff   68       -38.00000  -50.31650  32.4%   158 2519s
 112107 41322     cutoff   99       -38.00000  -50.22801  32.2%   159 2532s
 113298 41832  -40.01706  109  319  -38.00000  -50.12006  31.9%   159 2544s
 114556 42409     cutoff   88       -38.00000  -49.96978  31.5%   159 2557s
 115634 42801  -46.16881   88  404  -38.00000  -49.94077  31.4%   160 2570s
 116877 43380  -45.73585   68  349  -38.00000  -49.79065  31.0%   160 2583s
 118176 43965  -41.19692   98  331  -38.00000  -49.71362  30.8%   160 2597s
 119072 44311  -44.27626   78  319  -38.00000  -49.61557  30.6%   161 2609s
 120367 44897     cutoff   77       -38.00000  -49.49683  30.3%   161 2621s
 121545 45363 infeasible  118       -38.00000  -49.41046  30.0%   161 2633s
 122581 45709  -44.92622   84  353  -38.00000  -49.32139  29.8%   162 2646s
 123705 46118  -40.66311   90  290  -38.00000  -49.23308  29.6%   162 2659s
 124850 46534  -40.60504  115  308  -38.00000  -49.12509  29.3%   163 2671s
 125877 46846  -43.45810   98  413  -38.00000  -49.02239  29.0%   163 2685s
 127066 47212     cutoff   80       -38.00000  -48.93201  28.8%   163 2698s
 128174 47542  -40.21268   92  321  -38.00000  -48.84469  28.5%   164 2711s
 129227 47952  -47.19668   69  352  -38.00000  -48.73549  28.3%   164 2724s
 130535 48390  -43.70062   86  398  -38.00000  -48.67393  28.1%   165 2737s
 131799 48918     cutoff  135       -38.00000  -48.58925  27.9%   165 2753s
 132681 49205 infeasible  138       -38.00000  -48.56917  27.8%   165 2767s
 133983 49706  -46.50675   75  355  -38.00000  -48.42433  27.4%   165 2780s
 135149 50126  -42.92341   63  327  -38.00000  -48.33714  27.2%   166 2793s
 136232 50439  -44.37567  137  457  -38.00000  -48.24953  27.0%   166 2807s
 137345 50789  -40.63143   95  299  -38.00000  -48.19514  26.8%   166 2827s
 138474 51168  -42.93908   75  311  -38.00000  -48.13312  26.7%   167 2847s
 139619 51519 infeasible   80       -38.00000  -48.05954  26.5%   167 2860s
 140848 51907     cutoff   81       -38.00000  -47.97418  26.2%   167 2873s
 141825 52073  -43.10642   89  342  -38.00000  -47.88789  26.0%   168 2886s
 142935 52373 infeasible  116       -38.00000  -47.78127  25.7%   168 2901s
 144143 52823     cutoff   65       -38.00000  -47.71365  25.6%   168 2916s
 145292 53163  -39.06692  115  264  -38.00000  -47.69086  25.5%   169 2930s
 146217 53356  -43.27004   95  318  -38.00000  -47.58135  25.2%   169 2944s
 147336 53674     cutoff   78       -38.00000  -47.52599  25.1%   169 2959s
 148503 53976  -42.21812   98  381  -38.00000  -47.43527  24.8%   170 2973s
 149643 54272 infeasible   87       -38.00000  -47.36161  24.6%   170 2986s
 150630 54458     cutoff  114       -38.00000  -47.27770  24.4%   171 2999s
 151680 54741  -44.90164   81  330  -38.00000  -47.16665  24.1%   171 3016s
 152745 55073 infeasible   67       -38.00000  -47.10744  24.0%   171 3030s
 154001 55514  -45.76178   73  311  -38.00000  -47.06389  23.9%   171 3045s
 155323 55807  -41.85308   96  341  -38.00000  -47.00467  23.7%   172 3058s
 156583 56181     cutoff   80       -38.00000  -46.94150  23.5%   172 3072s
 157795 56561     cutoff   94       -38.00000  -46.88992  23.4%   172 3086s
 158719 56799     cutoff  131       -38.00000  -46.81840  23.2%   172 3101s
 160014 57256     cutoff  157       -38.00000  -46.75679  23.0%   172 3115s
 161093 57695  -42.87252   98  322  -38.00000  -46.69078  22.9%   173 3133s
 161381 57619  -42.35104  130  436  -38.00000  -46.67675  22.8%   173 3148s
 162568 57918     cutoff   80       -38.00000  -46.61438  22.7%   173 3164s
 163797 58317     cutoff   80       -38.00000  -46.55495  22.5%   173 3180s
 164814 58589  -39.43559  150  379  -38.00000  -46.51724  22.4%   173 3194s
 166145 59031     cutoff   76       -38.00000  -46.44591  22.2%   173 3208s
 167307 59304  -41.86752  136  354  -38.00000  -46.38894  22.1%   174 3227s
 168524 59607  -39.10089  143  410  -38.00000  -46.33484  21.9%   174 3242s
 169687 59943  -40.16493  126  377  -38.00000  -46.28821  21.8%   174 3257s
 170979 60450  -40.40420  100  343  -38.00000  -46.23943  21.7%   174 3294s
 171837 60572 infeasible   83       -38.00000  -46.19763  21.6%   174 3309s
 173130 61000     cutoff   74       -38.00000  -46.13803  21.4%   174 3324s
 174324 61353     cutoff   77       -38.00000  -46.09393  21.3%   174 3339s
 175463 61599     cutoff   99       -38.00000  -46.06470  21.2%   175 3354s
 176616 61901  -44.12259  105  336  -38.00000  -45.99201  21.0%   175 3368s
 177892 62259  -39.28642  148  378  -38.00000  -45.94212  20.9%   175 3387s
 178952 62503     cutoff   85       -38.00000  -45.90323  20.8%   175 3402s
 180236 62872  -44.33217   70  342  -38.00000  -45.86525  20.7%   175 3418s
 181505 63264     cutoff   85       -38.00000  -45.81362  20.6%   175 3432s
 182827 63603     cutoff   77       -38.00000  -45.76014  20.4%   175 3446s
 183942 63834  -39.74132  135  415  -38.00000  -45.71576  20.3%   175 3460s
 184737 63863     cutoff  124       -38.00000  -45.65887  20.2%   176 3474s
 186053 64244  -43.68389   90  347  -38.00000  -45.62286  20.1%   176 3489s
 187135 64498  -41.26702  160  439  -38.00000  -45.58139  20.0%   176 3504s
 188153 64680     cutoff   97       -38.00000  -45.55656  19.9%   176 3519s
 189378 65005 infeasible   83       -38.00000  -45.49458  19.7%   176 3533s
 190696 65490     cutoff   81       -38.00000  -45.46318  19.6%   176 3551s
 191753 65806  -41.13648  158  374  -38.00000  -45.42753  19.5%   176 3566s
 193124 66327     cutoff   78       -38.00000  -45.38982  19.4%   176 3581s
 194457 66748 infeasible  116       -38.00000  -45.35457  19.4%   176 3594s
 195663 67102  -44.92113  128  361  -38.00000  -45.31883  19.3%   177 3608s
 196915 67476  -40.41070  104  236  -38.00000  -45.29062  19.2%   177 3623s
 198146 67916     cutoff  149       -38.00000  -45.26532  19.1%   177 3638s
 199339 68270     cutoff   93       -38.00000  -45.22014  19.0%   177 3653s
 200316 68435     cutoff  152       -38.00000  -45.18503  18.9%   177 3667s
 201501 68962 infeasible  112       -38.00000  -45.14281  18.8%   177 3696s
 201902 68912  -40.17452  142  416  -38.00000  -45.13615  18.8%   177 3711s
 203187 69403 infeasible   81       -38.00000  -45.10559  18.7%   177 3740s
 203830 69484  -44.86416   72  324  -38.00000  -45.09624  18.7%   177 3756s
 205282 69942     cutoff   66       -38.00000  -45.05516  18.6%   177 3768s
 206188 70088     cutoff   78       -38.00000  -44.99959  18.4%   177 3782s
 207360 70344 infeasible   82       -38.00000  -44.97611  18.4%   177 3797s
 208761 70815     cutoff  131       -38.00000  -44.93419  18.2%   177 3811s
 209927 71136  -43.40412   84  321  -38.00000  -44.90072  18.2%   177 3826s
 211244 71539     cutoff   85       -38.00000  -44.87360  18.1%   177 3839s
 212216 71728     cutoff   94       -38.00000  -44.82734  18.0%   177 3854s
 213392 71988     cutoff   93       -38.00000  -44.80430  17.9%   177 3868s
 214533 72272 infeasible  146       -38.00000  -44.77552  17.8%   177 3883s
 215741 72574  -40.09304  147  361  -38.00000  -44.74986  17.8%   178 3898s
 217110 73040     cutoff  147       -38.00000  -44.72087  17.7%   177 3915s
 218181 73271     cutoff   74       -38.00000  -44.70022  17.6%   178 3930s
 219338 73619  -41.27343  148  431  -38.00000  -44.66543  17.5%   178 3945s
 220414 73880     cutoff   88       -38.00000  -44.64383  17.5%   178 3960s
 221835 74333  -40.41897  156  430  -38.00000  -44.61456  17.4%   178 3974s
 222979 74585  -43.23969  133  368  -38.00000  -44.57694  17.3%   178 3989s
 224127 74907     cutoff   82       -38.00000  -44.55362  17.2%   178 4003s
 225281 75250  -40.96667  168  362  -38.00000  -44.52747  17.2%   178 4018s
 226554 75623  -39.62778  128  413  -38.00000  -44.50029  17.1%   178 4033s
 227764 75968     cutoff   78       -38.00000  -44.47496  17.0%   178 4045s
 228763 76141     cutoff   78       -38.00000  -44.45425  17.0%   178 4060s
 229950 76499     cutoff  147       -38.00000  -44.42738  16.9%   178 4074s
 231194 76846     cutoff  121       -38.00000  -44.40067  16.8%   178 4088s
 232337 77163     cutoff   73       -38.00000  -44.37799  16.8%   178 4103s
 233311 77359  -39.29337   86  311  -38.00000  -44.35267  16.7%   178 4117s
 234551 77670     cutoff   90       -38.00000  -44.33394  16.7%   178 4131s
 235756 78080     cutoff   77       -38.00000  -44.30523  16.6%   178 4147s
 237061 78520     cutoff   86       -38.00000  -44.28992  16.6%   178 4160s
 238235 78828     cutoff   89       -38.00000  -44.26837  16.5%   178 4178s
 239342 79110  -39.86742  140  393  -38.00000  -44.24187  16.4%   178 4192s
 240463 79415  -42.60793  139  375  -38.00000  -44.22377  16.4%   178 4206s
 241582 79687  -42.61398   80  321  -38.00000  -44.19660  16.3%   178 4220s
 242841 80003  -39.67155  108  288  -38.00000  -44.18403  16.3%   178 4234s
 244047 80363  -40.38493   80  283  -38.00000  -44.15460  16.2%   178 4248s
 245358 80783  -39.91262  110  326  -38.00000  -44.13368  16.1%   178 4267s
 246105 80908  -40.55816   89  315  -38.00000  -44.12421  16.1%   178 4282s
 247309 81309  -40.27806  158  377  -38.00000  -44.10746  16.1%   178 4297s
 248597 81673  -42.83713   71  313  -38.00000  -44.07797  16.0%   178 4311s
 249717 81959     cutoff   98       -38.00000  -44.05337  15.9%   178 4326s
 250838 82244  -42.40109   85  304  -38.00000  -44.04123  15.9%   178 4340s
 251864 82483 infeasible   76       -38.00000  -44.01817  15.8%   178 4355s
 252908 82672  -40.93919  102  319  -38.00000  -44.00960  15.8%   178 4370s
 254323 83143     cutoff   94       -38.00000  -43.97670  15.7%   178 4386s
 255696 83618  -42.41073  140  411  -38.00000  -43.95409  15.7%   178 4401s
 256875 83925     cutoff   72       -38.00000  -43.93440  15.6%   178 4414s
 258132 84338     cutoff  138       -38.00000  -43.90896  15.5%   178 4431s
 259033 84524     cutoff   95       -38.00000  -43.90098  15.5%   178 4445s
 260369 84986  -39.59659  155  404  -38.00000  -43.88020  15.5%   178 4487s
 261599 85343     cutoff   88       -38.00000  -43.86428  15.4%   178 4501s
 262726 85592     cutoff  147       -38.00000  -43.84577  15.4%   178 4515s
 263894 85882     cutoff   95       -38.00000  -43.82454  15.3%   178 4529s
 265160 86257     cutoff   95       -38.00000  -43.80019  15.3%   178 4543s
 266395 86530     cutoff  141       -38.00000  -43.78212  15.2%   178 4557s
 267548 86818     cutoff   94       -38.00000  -43.76937  15.2%   178 4572s
 268357 87113  -40.74150  136  405  -38.00000  -43.75633  15.1%   178 4602s
 268712 87048     cutoff  108       -38.00000  -43.75348  15.1%   178 4618s
 270132 87483  -39.93349  146  420  -38.00000  -43.73291  15.1%   178 4633s
 271371 87747     cutoff   92       -38.00000  -43.71247  15.0%   178 4648s
 272738 88172  -40.24556  141  328  -38.00000  -43.69117  15.0%   178 4665s
 274093 88669     cutoff  148       -38.00000  -43.67035  14.9%   178 4681s
 275287 88976  -39.23724  142  332  -38.00000  -43.65866  14.9%   178 4695s
 276490 89270     cutoff   98       -38.00000  -43.64498  14.9%   178 4709s
 277753 89623 infeasible  134       -38.00000  -43.62318  14.8%   178 4724s
 278984 89910     cutoff  145       -38.00000  -43.60536  14.8%   178 4738s
 280158 90192  -42.41736  135  386  -38.00000  -43.59485  14.7%   178 4757s
 281088 90365     cutoff   86       -38.00000  -43.58156  14.7%   178 4771s
 282302 90588     cutoff   85       -38.00000  -43.56567  14.6%   178 4786s
 283486 90830  -41.58508  121  406  -38.00000  -43.55100  14.6%   178 4800s
 284649 91047     cutoff   92       -38.00000  -43.53178  14.6%   178 4814s
 285855 91295     cutoff  118       -38.00000  -43.51439  14.5%   178 4828s
 287030 91500  -40.93158   89  393  -38.00000  -43.49959  14.5%   178 4842s
 288127 91686  -42.87160   89  303  -38.00000  -43.48246  14.4%   178 4857s
 289247 91866     cutoff  135       -38.00000  -43.46634  14.4%   178 4871s
 290403 92072  -40.56040  155  404  -38.00000  -43.45044  14.3%   178 4887s
 291584 92358     cutoff  135       -38.00000  -43.43552  14.3%   178 4902s
 292791 92611     cutoff  135       -38.00000  -43.42131  14.3%   178 4915s
 294042 92845     cutoff   96       -38.00000  -43.40574  14.2%   178 4930s
 295182 93079  -41.25376  146  383  -38.00000  -43.38905  14.2%   178 4944s
 296437 93335     cutoff  147       -38.00000  -43.37884  14.2%   178 4958s
 297589 93482     cutoff  137       -38.00000  -43.36509  14.1%   178 4983s
 298785 93689  -42.72504  144  447  -38.00000  -43.34668  14.1%   179 4997s
 300102 94042  -42.30987  138  355  -38.00000  -43.32771  14.0%   178 5013s
 301016 94127  -42.30780  145  407  -38.00000  -43.31909  14.0%   179 5026s
 302181 94352     cutoff   98       -38.00000  -43.30432  14.0%   179 5041s
 303264 94501  -40.63610  146  351  -38.00000  -43.28773  13.9%   179 5054s
 304453 94744 infeasible  127       -38.00000  -43.27040  13.9%   179 5069s
 305653 94953  -39.56055   92  315  -38.00000  -43.25579  13.8%   179 5083s
 306795 95159     cutoff   95       -38.00000  -43.24325  13.8%   179 5098s
 307778 95293     cutoff  145       -38.00000  -43.22888  13.8%   179 5112s
 309028 95496  -41.75047  147  388  -38.00000  -43.21601  13.7%   179 5128s
 310274 95686     cutoff  150       -38.00000  -43.20154  13.7%   179 5142s
 311313 95812  -40.69390  148  460  -38.00000  -43.18483  13.6%   179 5156s
 312269 95866     cutoff  138       -38.00000  -43.17118  13.6%   179 5171s
 313296 95994     cutoff  124       -38.00000  -43.15497  13.6%   179 5186s
 314343 96117     cutoff  150       -38.00000  -43.14144  13.5%   179 5201s
 315566 96271  -40.76191  151  412  -38.00000  -43.12958  13.5%   179 5216s
 316678 96414  -42.47867  143  402  -38.00000  -43.11301  13.5%   179 5231s
 317733 96515     cutoff  162       -38.00000  -43.10096  13.4%   179 5246s
 318902 96674     cutoff   87       -38.00000  -43.08395  13.4%   180 5260s
 320124 96855 infeasible  163       -38.00000  -43.07170  13.3%   180 5277s
 321092 96949  -39.47228  147  384  -38.00000  -43.06217  13.3%   180 5292s
 322296 97057  -39.61099  142  411  -38.00000  -43.04228  13.3%   180 5308s
 323242 97048     cutoff  124       -38.00000  -43.02859  13.2%   180 5331s
 324372 97124  -39.48906  144  327  -38.00000  -43.01600  13.2%   180 5357s
 325600 97237     cutoff   94       -38.00000  -42.99915  13.2%   180 5376s
 326828 97400     cutoff  104       -38.00000  -42.98260  13.1%   180 5393s
 327822 97473  -39.99380  156  440  -38.00000  -42.97527  13.1%   180 5408s
 328939 97594     cutoff   93       -38.00000  -42.95573  13.0%   180 5423s
 330124 97655  -39.65255  135  366  -38.00000  -42.94534  13.0%   180 5438s
 331180 97732  -42.10570  141  421  -38.00000  -42.93324  13.0%   180 5452s
 332291 97836  -39.85724  139  429  -38.00000  -42.91874  12.9%   180 5471s
 333432 97958  -39.20940  147  415  -38.00000  -42.90505  12.9%   180 5486s
 334606 98062     cutoff   88       -38.00000  -42.89206  12.9%   181 5501s
 335707 98121  -41.80211   93  281  -38.00000  -42.87794  12.8%   181 5516s
 336822 98202  -39.25366  141  326  -38.00000  -42.86720  12.8%   181 5531s
 338108 98392     cutoff   79       -38.00000  -42.85002  12.8%   181 5570s
 338869 98369     cutoff   93       -38.00000  -42.84407  12.7%   181 5585s
 340156 98548  -41.57415  101  275  -38.00000  -42.82548  12.7%   181 5602s
 341199 98621     cutoff  153       -38.00000  -42.81919  12.7%   181 5618s
 342395 98717     cutoff   99       -38.00000  -42.80170  12.6%   181 5634s
 343522 98807     cutoff   89       -38.00000  -42.78869  12.6%   181 5650s
 344663 98871     cutoff   92       -38.00000  -42.77576  12.6%   181 5668s
 345779 98912  -40.17708  146  431  -38.00000  -42.76248  12.5%   181 5683s
 346828 98969  -41.74245   99  399  -38.00000  -42.74915  12.5%   181 5700s
 347812 98955     cutoff   98       -38.00000  -42.73848  12.5%   181 5716s
 348939 98972     cutoff   95       -38.00000  -42.72309  12.4%   182 5732s
 350107 99049  -39.55563  141  387  -38.00000  -42.70641  12.4%   182 5748s
 351204 99036     cutoff   93       -38.00000  -42.69355  12.4%   182 5764s
 352392 99134  -41.92818   96  267  -38.00000  -42.67909  12.3%   182 5780s
 353547 99257 infeasible  123       -38.00000  -42.66860  12.3%   182 5801s
 354203 99211     cutoff   97       -38.00000  -42.66240  12.3%   182 5817s
 355397 99274     cutoff  133       -38.00000  -42.64571  12.2%   182 5833s
 356622 99384     cutoff  135       -38.00000  -42.63076  12.2%   182 5855s
 357800 99407     cutoff  145       -38.00000  -42.62360  12.2%   182 5869s
 358807 99440     cutoff  141       -38.00000  -42.60624  12.1%   182 5885s
 359757 99376     cutoff  123       -38.00000  -42.59666  12.1%   182 5910s
 360873 99412     cutoff  147       -38.00000  -42.58687  12.1%   182 5935s
 362039 99462     cutoff   60       -38.00000  -42.57336  12.0%   182 5951s
 363135 99481     cutoff  137       -38.00000  -42.55964  12.0%   182 5966s
 364296 99517  -41.35745  144  423  -38.00000  -42.55249  12.0%   183 5981s
 365415 99547     cutoff  102       -38.00000  -42.53502  11.9%   183 5997s
 366651 99666  -41.02564  150  412  -38.00000  -42.52099  11.9%   183 6013s
 367663 99694  -41.06176  144  396  -38.00000  -42.51824  11.9%   183 6028s
 368817 99723     cutoff  143       -38.00000  -42.49993  11.8%   183 6044s
 369757 99674     cutoff  139       -38.00000  -42.48744  11.8%   183 6060s
 370791 99642 infeasible  122       -38.00000  -42.47768  11.8%   183 6075s
 371882 99641  -41.92973   98  310  -38.00000  -42.46694  11.8%   183 6089s
 372857 99643     cutoff   95       -38.00000  -42.45173  11.7%   183 6106s
 373875 99666     cutoff   77       -38.00000  -42.44150  11.7%   183 6122s
 374960 99684     cutoff   81       -38.00000  -42.43345  11.7%   183 6137s
 376211 99741     cutoff   79       -38.00000  -42.41861  11.6%   183 6153s
 377286 99765  -39.86917  136  393  -38.00000  -42.40618  11.6%   183 6168s
 378514 99858     cutoff  122       -38.00000  -42.39583  11.6%   183 6183s
 379524 99822     cutoff  158       -38.00000  -42.38446  11.5%   183 6200s
 380543 99772     cutoff  101       -38.00000  -42.37497  11.5%   184 6215s
 381557 99756     cutoff  149       -38.00000  -42.36079  11.5%   184 6232s
 382629 99743 infeasible  111       -38.00000  -42.35106  11.5%   184 6251s
 383725 99775     cutoff  147       -38.00000  -42.33744  11.4%   184 6272s
 384727 99751     cutoff  147       -38.00000  -42.32498  11.4%   184 6299s
 385863 99807     cutoff   81       -38.00000  -42.31534  11.4%   184 6315s
 386740 99779     cutoff  140       -38.00000  -42.30729  11.3%   184 6332s
 387791 99767     cutoff  148       -38.00000  -42.29563  11.3%   184 6348s
 388916 99784  -39.26175  152  440  -38.00000  -42.28160  11.3%   184 6364s
 389978 99734  -41.15111   82  299  -38.00000  -42.26903  11.2%   184 6380s
 391109 99733     cutoff   95       -38.00000  -42.26051  11.2%   184 6396s
 392175 99815     cutoff  145       -38.00000  -42.24824  11.2%   184 6446s
 393008 99686  -39.69639  102  257  -38.00000  -42.24396  11.2%   184 6461s
 394189 99744  -39.08680  152  415  -38.00000  -42.22997  11.1%   184 6477s
 395393 99774     cutoff   99       -38.00000  -42.22035  11.1%   185 6494s
 396604 99812  -40.49275  139  415  -38.00000  -42.20877  11.1%   185 6515s
 397655 99813     cutoff  149       -38.00000  -42.19928  11.1%   185 6537s
 398636 99750  -40.89740  148  397  -38.00000  -42.18754  11.0%   185 6562s
 399716 99743  -40.70887  121  392  -38.00000  -42.17700  11.0%   185 6579s
 400949 99788  -41.78682  157  449  -38.00000  -42.16893  11.0%   185 6594s
 402095 99831  -39.77098  149  394  -38.00000  -42.15828  10.9%   185 6629s
 403038 99776     cutoff  148       -38.00000  -42.14945  10.9%   185 6648s
 404043 99718 infeasible   93       -38.00000  -42.14191  10.9%   185 6664s
 405132 99724     cutoff  141       -38.00000  -42.12924  10.9%   185 6681s
 406218 99682  -40.70580  156  392  -38.00000  -42.12004  10.8%   185 6696s
 407278 99692     cutoff  108       -38.00000  -42.10625  10.8%   185 6712s
 408367 99659     cutoff  107       -38.00000  -42.09660  10.8%   185 6727s
 409383 99613     cutoff   76       -38.00000  -42.08683  10.8%   185 6750s
 410378 99554     cutoff   82       -38.00000  -42.07788  10.7%   185 6765s
 411537 99568 infeasible  142       -38.00000  -42.06558  10.7%   185 6785s
 412443 99515     cutoff  144       -38.00000  -42.06025  10.7%   185 6800s
 413481 99501     cutoff  149       -38.00000  -42.04831  10.7%   185 6819s
 414400 99396     cutoff  102       -38.00000  -42.03705  10.6%   186 6830s
 415175 99270  -40.13865  122  341  -38.00000  -42.02555  10.6%   186 6846s
 416247 99266  -40.91939  148  344  -38.00000  -42.01590  10.6%   186 6864s
 417203 99201     cutoff   91       -38.00000  -42.00854  10.5%   186 6882s
 418003 99045 infeasible  142       -38.00000  -41.99641  10.5%   186 6899s
 418933 98947  -39.41281  142  366  -38.00000  -41.98695  10.5%   186 6915s
 419876 98871  -40.86306  104  345  -38.00000  -41.97577  10.5%   186 6929s
 420897 98805     cutoff  102       -38.00000  -41.96644  10.4%   186 6943s
 421868 98688     cutoff  134       -38.00000  -41.95606  10.4%   186 6954s
 422788 98638  -41.10518  160  432  -38.00000  -41.94608  10.4%   186 6970s
 424081 98720     cutoff   87       -38.00000  -41.93861  10.4%   186 6987s
 425015 98603  -41.55287  161  413  -38.00000  -41.93009  10.3%   186 7006s
 425917 98526     cutoff  159       -38.00000  -41.91983  10.3%   186 7021s
 427002 98501     cutoff  114       -38.00000  -41.90962  10.3%   186 7043s
 427853 98384  -39.99756  142  372  -38.00000  -41.90090  10.3%   186 7073s
 428859 98269     cutoff  149       -38.00000  -41.89166  10.2%   187 7093s
 430053 98235     cutoff   89       -38.00000  -41.88195  10.2%   187 7110s
 430888 98106  -40.82789   63  236  -38.00000  -41.87254  10.2%   187 7124s
 431705 97966     cutoff   86       -38.00000  -41.86141  10.2%   187 7141s
 432612 97887     cutoff  101       -38.00000  -41.85231  10.1%   187 7161s
 433440 97773  -39.74910  152  447  -38.00000  -41.84899  10.1%   187 7174s
 434294 97658     cutoff   83       -38.00000  -41.83521  10.1%   187 7188s
 435207 97523     cutoff  104       -38.00000  -41.82749  10.1%   187 7202s
 436082 97400     cutoff  125       -38.00000  -41.81724  10.0%   187 7218s
 436953 97290     cutoff  106       -38.00000  -41.80838  10.0%   187 7234s
 437872 97214     cutoff  107       -38.00000  -41.79966  10.0%   187 7248s
 438670 97058  -39.31512   80  311  -38.00000  -41.79029  10.0%   187 7261s
 439438 96901 infeasible   90       -38.00000  -41.78046  9.95%   187 7276s
 440335 96774 infeasible   94       -38.00000  -41.77141  9.92%   187 7289s
 441198 96696  -41.70496   96  223  -38.00000  -41.76317  9.90%   188 7305s
 441932 96580     cutoff  117       -38.00000  -41.75397  9.88%   188 7324s
 442883 96467     cutoff   82       -38.00000  -41.74492  9.86%   188 7338s
 443790 96368     cutoff   83       -38.00000  -41.73516  9.83%   188 7350s
 444522 96202     cutoff   93       -38.00000  -41.72630  9.81%   188 7363s
 445530 96138     cutoff   95       -38.00000  -41.71781  9.78%   188 7377s
 446447 96047     cutoff   84       -38.00000  -41.70943  9.76%   188 7392s
 447527 95978 infeasible  135       -38.00000  -41.70099  9.74%   188 7404s
 448357 95859     cutoff   83       -38.00000  -41.69147  9.71%   188 7424s
 449168 95718  -39.92589  153  395  -38.00000  -41.68519  9.70%   188 7438s
 450221 95637     cutoff   92       -38.00000  -41.67506  9.67%   188 7451s
 451057 95504     cutoff  141       -38.00000  -41.66682  9.65%   188 7465s
 451841 95337     cutoff   87       -38.00000  -41.65921  9.63%   188 7480s
 452649 95236     cutoff   92       -38.00000  -41.65020  9.61%   188 7493s
 453576 95150  -40.09943  137  396  -38.00000  -41.64246  9.59%   188 7508s
 454480 95042     cutoff  102       -38.00000  -41.63372  9.56%   188 7524s
 455260 94899     cutoff   95       -38.00000  -41.62485  9.54%   188 7539s
 456207 94807     cutoff  107       -38.00000  -41.61732  9.52%   188 7555s
 456978 94666     cutoff  107       -38.00000  -41.60929  9.50%   188 7569s
 457859 94586     cutoff   78       -38.00000  -41.60106  9.48%   189 7583s
 458659 94461     cutoff   92       -38.00000  -41.59280  9.45%   189 7598s
 459679 94357     cutoff   89       -38.00000  -41.58438  9.43%   189 7614s
 460431 94202     cutoff  140       -38.00000  -41.57609  9.41%   189 7633s
 461250 94089  -40.64872  154  430  -38.00000  -41.56949  9.39%   189 7648s
 462246 94008     cutoff  158       -38.00000  -41.56125  9.37%   189 7661s
 463103 93862 infeasible  103       -38.00000  -41.55297  9.35%   189 7675s
 463905 93700  -40.30811  146  402  -38.00000  -41.54523  9.33%   189 7689s
 464858 93602     cutoff  152       -38.00000  -41.53803  9.31%   189 7702s
 465562 93449  -40.85336   97  314  -38.00000  -41.53016  9.29%   189 7713s
 466277 93285  -40.23520  125  380  -38.00000  -41.52168  9.27%   189 7728s
 467069 93135     cutoff   87       -38.00000  -41.51407  9.25%   189 7744s
 467909 92974 infeasible  102       -38.00000  -41.50657  9.23%   189 7758s
 468590 92803     cutoff   89       -38.00000  -41.49976  9.21%   189 7770s
 469373 92661  -40.39890  107  280  -38.00000  -41.49251  9.19%   189 7783s
 470224 92524     cutoff  138       -38.00000  -41.48513  9.17%   189 7795s
 470962 92365     cutoff   88       -38.00000  -41.47759  9.15%   189 7807s
 471770 92223     cutoff  106       -38.00000  -41.46982  9.13%   189 7829s
 472627 92117     cutoff  136       -38.00000  -41.46251  9.11%   189 7849s
 473455 91968     cutoff   93       -38.00000  -41.45492  9.09%   190 7866s
 474150 91790  -40.30938  130  363  -38.00000  -41.44716  9.07%   190 7884s
 474809 91599     cutoff  143       -38.00000  -41.44007  9.05%   190 7903s
 475472 91419  -39.93024  148  383  -38.00000  -41.43235  9.03%   190 7915s
 476232 91261     cutoff   95       -38.00000  -41.42510  9.01%   190 7942s
 476923 91071  -41.13261   94  317  -38.00000  -41.41888  9.00%   190 7966s
 477824 90955  -40.06818  147  391  -38.00000  -41.40969  8.97%   190 7978s
 478689 90836     cutoff  149       -38.00000  -41.40352  8.96%   190 8005s
 479410 90675  -40.11144   96  279  -38.00000  -41.39640  8.94%   190 8018s
 480049 90495  -39.15901  109  309  -38.00000  -41.38877  8.92%   190 8032s
 480840 90380     cutoff   87       -38.00000  -41.38092  8.90%   190 8046s
 481519 90221     cutoff  147       -38.00000  -41.37387  8.88%   190 8066s
 482360 90105     cutoff  147       -38.00000  -41.36698  8.86%   190 8094s
 483231 89984  -40.76933  146  468  -38.00000  -41.35897  8.84%   190 8108s
 484066 89847     cutoff  155       -38.00000  -41.35189  8.82%   190 8125s
 484904 89707  -40.15105  140  401  -38.00000  -41.34494  8.80%   190 8142s
 485588 89532  -40.16686  103  374  -38.00000  -41.33712  8.78%   190 8164s
 486358 89375     cutoff  148       -38.00000  -41.32934  8.76%   190 8185s
 487018 89214     cutoff   88       -38.00000  -41.32344  8.75%   191 8208s
 487803 89075 infeasible  153       -38.00000  -41.31726  8.73%   191 8240s
 488676 88940 infeasible  140       -38.00000  -41.31006  8.71%   191 8253s
 489456 88805     cutoff   92       -38.00000  -41.30290  8.69%   191 8266s
 490204 88636     cutoff  119       -38.00000  -41.29614  8.67%   191 8278s
 490880 88463  -39.24229  152  404  -38.00000  -41.28904  8.66%   191 8293s
 491600 88301  -40.25996  107  235  -38.00000  -41.28301  8.64%   191 8307s
 492386 88149     cutoff   84       -38.00000  -41.27610  8.62%   191 8320s
 493137 87979  -40.65395   88  318  -38.00000  -41.26919  8.60%   191 8331s
 493769 87790     cutoff   92       -38.00000  -41.26208  8.58%   191 8341s
 494419 87613     cutoff   84       -38.00000  -41.25540  8.57%   191 8386s
 495169 87430     cutoff   78       -38.00000  -41.25058  8.55%   191 8401s
 495944 87290  -39.58339  143  443  -38.00000  -41.24355  8.54%   191 8414s
 496638 87136     cutoff  101       -38.00000  -41.23707  8.52%   191 8429s
 497355 86982     cutoff  151       -38.00000  -41.23036  8.50%   191 8444s
 498145 86840  -39.96943  144  383  -38.00000  -41.22340  8.48%   191 8459s
 498979 86713  -39.77418  133  420  -38.00000  -41.21737  8.47%   191 8481s
 499802 86571     cutoff  154       -38.00000  -41.21101  8.45%   191 8493s
 500571 86436     cutoff  107       -38.00000  -41.20472  8.43%   191 8505s
 501273 86266     cutoff  165       -38.00000  -41.19840  8.42%   191 8518s
 501990 86096     cutoff  134       -38.00000  -41.19253  8.40%   191 8528s
 502647 85918     cutoff   89       -38.00000  -41.18649  8.39%   192 8541s
 503318 85733     cutoff  138       -38.00000  -41.18025  8.37%   192 8550s
 503982 85569     cutoff   96       -38.00000  -41.17288  8.35%   192 8563s
 504681 85396     cutoff   64       -38.00000  -41.16635  8.33%   192 8575s
 505560 85253     cutoff   89       -38.00000  -41.15960  8.31%   192 8586s
 506261 85091  -40.46457  152  378  -38.00000  -41.15264  8.30%   192 8599s
 506993 84933     cutoff  104       -38.00000  -41.14671  8.28%   192 8610s
 507654 84747     cutoff   69       -38.00000  -41.14086  8.27%   192 8624s
 508440 84612     cutoff  111       -38.00000  -41.13456  8.25%   192 8646s
 509139 84456     cutoff   95       -38.00000  -41.13176  8.24%   192 8685s
 509877 84305  -39.75091  158  439  -38.00000  -41.12479  8.22%   192 8698s
 510542 84118  -39.52208  149  386  -38.00000  -41.11669  8.20%   192 8710s
 511228 83962     cutoff  139       -38.00000  -41.11067  8.19%   192 8721s
 511929 83787     cutoff  140       -38.00000  -41.10447  8.17%   192 8735s
 512661 83634     cutoff  148       -38.00000  -41.09734  8.15%   192 8747s
 513396 83447     cutoff   97       -38.00000  -41.09126  8.13%   192 8760s
 514032 83289     cutoff   93       -38.00000  -41.08524  8.12%   192 8769s
 514706 83114     cutoff  132       -38.00000  -41.07926  8.10%   192 8783s
 515454 82954     cutoff   83       -38.00000  -41.07267  8.09%   192 8793s
 516093 82753 infeasible   94       -38.00000  -41.06712  8.07%   192 8805s
 516725 82558     cutoff   92       -38.00000  -41.06174  8.06%   192 8816s
 517441 82381 infeasible  146       -38.00000  -41.05611  8.04%   192 8828s
 518270 82254  -40.97723   88  304  -38.00000  -41.05038  8.03%   192 8840s
 518993 82096     cutoff  116       -38.00000  -41.04489  8.01%   192 8853s
 519738 81934 infeasible  142       -38.00000  -41.03912  8.00%   192 8864s
 520501 81765     cutoff  150       -38.00000  -41.03314  7.98%   192 8881s
 521231 81602     cutoff  146       -38.00000  -41.02762  7.97%   193 8892s
 521921 81428     cutoff  108       -38.00000  -41.02236  7.95%   193 8904s
 522602 81261     cutoff  101       -38.00000  -41.01566  7.94%   193 8916s
 523442 81124     cutoff   83       -38.00000  -41.00919  7.92%   193 8927s
 524044 80925     cutoff  147       -38.00000  -41.00348  7.90%   193 8936s
 524680 80741     cutoff  152       -38.00000  -40.99733  7.89%   193 8948s
 525338 80549 infeasible  139       -38.00000  -40.99133  7.87%   193 8960s
 526013 80372     cutoff  144       -38.00000  -40.98548  7.86%   193 8972s
 526688 80190     cutoff   88       -38.00000  -40.97954  7.84%   193 8985s
 527294 79980     cutoff   68       -38.00000  -40.97367  7.83%   193 8998s
 527924 79797 infeasible  106       -38.00000  -40.96810  7.81%   193 9010s
 528673 79635     cutoff   69       -38.00000  -40.96291  7.80%   193 9021s
 529222 79432     cutoff  146       -38.00000  -40.95769  7.78%   193 9033s
 529930 79263     cutoff   84       -38.00000  -40.95237  7.77%   193 9043s
 530591 79089     cutoff   86       -38.00000  -40.94698  7.76%   193 9054s
 531280 78934     cutoff  145       -38.00000  -40.94176  7.74%   193 9068s
 531982 78753     cutoff  102       -38.00000  -40.93692  7.73%   193 9079s
 532709 78587     cutoff  101       -38.00000  -40.93150  7.71%   193 9093s
 533366 78418     cutoff  110       -38.00000  -40.92637  7.70%   193 9103s
 533906 78200     cutoff  142       -38.00000  -40.92059  7.69%   193 9114s
 534654 78041     cutoff  142       -38.00000  -40.91558  7.67%   193 9124s
 535401 77888     cutoff  131       -38.00000  -40.91002  7.66%   193 9135s
 535984 77701     cutoff  138       -38.00000  -40.90526  7.65%   193 9145s
 536606 77494  -39.96947   92  278  -38.00000  -40.90030  7.63%   193 9156s
 537222 77324 infeasible  141       -38.00000  -40.89466  7.62%   193 9174s
 537849 77156  -40.50597  109  235  -38.00000  -40.89331  7.61%   193 9189s
 538414 76937     cutoff   98       -38.00000  -40.88394  7.59%   193 9214s
 539103 76758     cutoff  166       -38.00000  -40.87851  7.58%   193 9228s
 539810 76573     cutoff  110       -38.00000  -40.87303  7.56%   193 9241s
 540410 76375     cutoff  110       -38.00000  -40.86747  7.55%   193 9261s
 541063 76183  -39.64311  145  351  -38.00000  -40.86240  7.53%   193 9274s
 541658 75983     cutoff  143       -38.00000  -40.85738  7.52%   193 9290s
 542225 75774     cutoff   85       -38.00000  -40.85177  7.50%   193 9307s
 542841 75579  -40.11090   96  243  -38.00000  -40.84633  7.49%   194 9324s
 543559 75406     cutoff  105       -38.00000  -40.84035  7.47%   194 9357s
 544143 75191     cutoff  129       -38.00000  -40.83625  7.46%   194 9371s
 544730 74989     cutoff   97       -38.00000  -40.83016  7.45%   194 9386s
 545336 74792     cutoff  105       -38.00000  -40.82575  7.44%   194 9398s
 545977 74589     cutoff  101       -38.00000  -40.82087  7.42%   194 9410s
 546567 74405     cutoff  134       -38.00000  -40.81565  7.41%   194 9420s
 547212 74209     cutoff  106       -38.00000  -40.81067  7.40%   194 9432s
 547898 74011 infeasible  153       -38.00000  -40.80549  7.38%   194 9444s
 548611 73824 infeasible   99       -38.00000  -40.80019  7.37%   194 9457s
 549325 73662 infeasible  105       -38.00000  -40.79547  7.36%   194 9466s
 549954 73454     cutoff  151       -38.00000  -40.79073  7.34%   194 9486s
 550667 73286     cutoff  145       -38.00000  -40.78565  7.33%   194 9501s
 551314 73101     cutoff  146       -38.00000  -40.78045  7.32%   194 9516s
 551908 72895     cutoff  155       -38.00000  -40.77530  7.30%   194 9532s
 552585 72686  -39.21743  107  280  -38.00000  -40.77009  7.29%   194 9541s
 553223 72499  -39.76201  153  394  -38.00000  -40.76492  7.28%   194 9552s
 553803 72282     cutoff   95       -38.00000  -40.75993  7.26%   194 9563s
 554419 72158  -40.26736  152  439  -38.00000  -40.75495  7.25%   194 9596s
 554800 71925  -39.90718  155  437  -38.00000  -40.75477  7.25%   194 9606s
 555386 71713 infeasible  145       -38.00000  -40.74689  7.23%   194 9618s
 556081 71529     cutoff  161       -38.00000  -40.74150  7.21%   194 9631s
 556654 71318     cutoff  144       -38.00000  -40.73699  7.20%   194 9641s
 557251 71105     cutoff   97       -38.00000  -40.73168  7.19%   194 9652s
 557884 70927     cutoff   94       -38.00000  -40.72668  7.18%   194 9663s
 558678 70775     cutoff  147       -38.00000  -40.72163  7.16%   194 9673s
 559268 70575     cutoff  145       -38.00000  -40.71692  7.15%   194 9684s
 559930 70382  -39.60156  154  426  -38.00000  -40.71190  7.14%   194 9695s
 560647 70198     cutoff  137       -38.00000  -40.70663  7.12%   194 9704s
 561254 69990     cutoff  100       -38.00000  -40.70160  7.11%   194 9717s
 561842 69773     cutoff   95       -38.00000  -40.69631  7.10%   194 9737s
 562448 69561     cutoff  103       -38.00000  -40.69190  7.08%   194 9748s
 563193 69354 infeasible  137       -38.00000  -40.68728  7.07%   194 9757s
 563734 69145     cutoff  147       -38.00000  -40.68211  7.06%   194 9766s
 564395 68966     cutoff  154       -38.00000  -40.67693  7.04%   195 9778s
 564932 68755     cutoff   80       -38.00000  -40.67209  7.03%   195 9789s
 565563 68579     cutoff  163       -38.00000  -40.66715  7.02%   195 9799s
 566157 68381  -39.24941  130  378  -38.00000  -40.66246  7.01%   195 9810s
 566797 68185  -39.77764  149  325  -38.00000  -40.65784  6.99%   195 9819s
 567355 67999     cutoff  152       -38.00000  -40.65326  6.98%   195 9831s
 568055 67800  -40.00029  154  324  -38.00000  -40.64882  6.97%   195 9844s
 568675 67611  -39.90422  109  219  -38.00000  -40.64441  6.96%   195 9854s
 569423 67443     cutoff  148       -38.00000  -40.63963  6.95%   195 9863s
 570041 67253     cutoff  143       -38.00000  -40.63496  6.93%   195 9873s
 570661 67054 infeasible  146       -38.00000  -40.63048  6.92%   195 9885s
 571353 66849  -39.69592  102  236  -38.00000  -40.62600  6.91%   195 9897s
 572010 66661     cutoff  163       -38.00000  -40.62206  6.90%   195 9908s
 572650 66479  -40.39989  148  413  -38.00000  -40.61792  6.89%   195 9920s
 573230 66264     cutoff  128       -38.00000  -40.61339  6.88%   195 9929s
 573807 66063 infeasible  123       -38.00000  -40.60880  6.87%   195 9942s
 574496 65865     cutoff  139       -38.00000  -40.60412  6.85%   195 9953s
 575106 65658     cutoff  109       -38.00000  -40.59956  6.84%   195 9964s
 575750 65450     cutoff  155       -38.00000  -40.59442  6.83%   195 9973s
 576295 65231     cutoff  107       -38.00000  -40.58978  6.82%   195 9983s
 576923 65046     cutoff   99       -38.00000  -40.58512  6.80%   195 9991s
 577516 64839     cutoff  106       -38.00000  -40.58075  6.79%   195 10006s
 578148 64639     cutoff  105       -38.00000  -40.57607  6.78%   195 10017s
 578798 64441  -40.50093  153  362  -38.00000  -40.57184  6.77%   195 10028s
 579435 64245     cutoff   81       -38.00000  -40.56723  6.76%   195 10041s
 579985 64016  -39.69095  106  248  -38.00000  -40.56263  6.74%   195 10054s
 580578 63799  -39.88672  107  250  -38.00000  -40.55813  6.73%   195 10064s
 581142 63592     cutoff   90       -38.00000  -40.55396  6.72%   195 10073s
 581731 63381     cutoff  161       -38.00000  -40.54943  6.71%   195 10083s
 582325 63174     cutoff  107       -38.00000  -40.54500  6.70%   195 10093s
 582985 62993     cutoff  158       -38.00000  -40.54082  6.69%   195 10104s
 583581 62775     cutoff   80       -38.00000  -40.53640  6.67%   195 10115s
 584162 62566     cutoff  152       -38.00000  -40.53225  6.66%   195 10127s
 584787 62370  -39.84024  151  396  -38.00000  -40.52793  6.65%   195 10138s
 585326 62154     cutoff  158       -38.00000  -40.52337  6.64%   195 10149s
 585879 61935     cutoff  148       -38.00000  -40.51889  6.63%   195 10160s
 586459 61712     cutoff  133       -38.00000  -40.51447  6.62%   195 10169s
 587027 61485     cutoff  111       -38.00000  -40.50982  6.60%   195 10177s
 587642 61298 infeasible  100       -38.00000  -40.50549  6.59%   195 10185s
 588194 61086     cutoff  105       -38.00000  -40.50090  6.58%   195 10200s
 588921 60886     cutoff  150       -38.00000  -40.49670  6.57%   195 10209s
 589492 60664     cutoff  104       -38.00000  -40.49287  6.56%   195 10218s
 590076 60447     cutoff   84       -38.00000  -40.48893  6.55%   195 10229s
 590603 60227  -39.89463  109  248  -38.00000  -40.48452  6.54%   195 10239s
 591209 60032  -39.43902  159  397  -38.00000  -40.48016  6.53%   195 10251s
 591823 59814     cutoff  160       -38.00000  -40.47600  6.52%   195 10261s
 592400 59608     cutoff  125       -38.00000  -40.47192  6.51%   196 10270s
 592942 59389     cutoff  141       -38.00000  -40.46760  6.49%   196 10278s
 593430 59151  -39.67476  154  395  -38.00000  -40.46354  6.48%   196 10288s
 594033 58930     cutoff  146       -38.00000  -40.45943  6.47%   196 10298s
 594632 58722     cutoff   97       -38.00000  -40.45567  6.46%   196 10306s
 595176 58510     cutoff  103       -38.00000  -40.45167  6.45%   196 10315s
 595705 58279  -39.45160  153  375  -38.00000  -40.44757  6.44%   196 10328s
 596333 58072     cutoff  159       -38.00000  -40.44352  6.43%   196 10341s
 596832 57846     cutoff  154       -38.00000  -40.43925  6.42%   196 10353s
 597359 57616  -40.31638  109  307  -38.00000  -40.43518  6.41%   196 10363s
 597911 57397     cutoff  101       -38.00000  -40.43084  6.40%   196 10372s
 598442 57173     cutoff  161       -38.00000  -40.42671  6.39%   196 10385s
 598978 56964     cutoff  149       -38.00000  -40.42257  6.38%   196 10395s
 599589 56750 infeasible  139       -38.00000  -40.41886  6.37%   196 10406s
 600257 56536 infeasible  113       -38.00000  -40.41478  6.35%   196 10417s
 600820 56318  -39.38344  152  365  -38.00000  -40.41073  6.34%   196 10425s
 601336 56096 infeasible   86       -38.00000  -40.40643  6.33%   196 10435s
 601888 55866  -40.25715  104  301  -38.00000  -40.40227  6.32%   196 10444s
 602477 55661     cutoff  108       -38.00000  -40.39840  6.31%   196 10459s
 603096 55470     cutoff  144       -38.00000  -40.39451  6.30%   196 10468s
 603687 55272     cutoff  101       -38.00000  -40.39045  6.29%   196 10477s
 604210 55049     cutoff  149       -38.00000  -40.38623  6.28%   196 10485s
 604764 54829 infeasible  109       -38.00000  -40.38226  6.27%   196 10495s
 605358 54619  -39.79192   97  288  -38.00000  -40.37817  6.26%   196 10504s
 605956 54416  -39.10308  157  378  -38.00000  -40.37456  6.25%   196 10513s
 606421 54182     cutoff  142       -38.00000  -40.36963  6.24%   196 10529s
 606969 53968 infeasible  146       -38.00000  -40.36551  6.23%   196 10537s
 607483 53735     cutoff  129       -38.00000  -40.36183  6.22%   196 10545s
 608069 53531     cutoff  151       -38.00000  -40.35765  6.20%   196 10552s
 608569 53308     cutoff  150       -38.00000  -40.35393  6.19%   196 10564s
 609084 53070     cutoff   84       -38.00000  -40.34999  6.18%   196 10572s
 609590 52834     cutoff  136       -38.00000  -40.34645  6.17%   196 10582s
 610196 52621     cutoff  138       -38.00000  -40.34221  6.16%   196 10592s
 610739 52403     cutoff   95       -38.00000  -40.33862  6.15%   196 10600s
 611196 52166     cutoff  103       -38.00000  -40.33448  6.14%   196 10609s
 611753 51937     cutoff  149       -38.00000  -40.33085  6.13%   196 10619s
 612321 51723 infeasible  101       -38.00000  -40.32647  6.12%   196 10625s
 612772 51495 infeasible  136       -38.00000  -40.32223  6.11%   196 10635s
 613330 51272     cutoff   93       -38.00000  -40.31801  6.10%   196 10645s
 613917 51037     cutoff  158       -38.00000  -40.31395  6.09%   196 10656s
 614553 50850     cutoff   90       -38.00000  -40.30947  6.08%   196 10678s
 615072 50641 infeasible  108       -38.00000  -40.30794  6.07%   196 10686s
 615603 50421     cutoff  152       -38.00000  -40.30185  6.06%   196 10695s
 616196 50209 infeasible  104       -38.00000  -40.29772  6.05%   196 10704s
 616725 49982     cutoff  157       -38.00000  -40.29358  6.04%   196 10714s
 617310 49757  -39.36767   94  286  -38.00000  -40.28989  6.03%   196 10723s
 617880 49531 infeasible  148       -38.00000  -40.28616  6.02%   196 10732s
 618455 49320     cutoff  147       -38.00000  -40.28252  6.01%   196 10739s
 619039 49095     cutoff   92       -38.00000  -40.27885  6.00%   196 10750s
 619658 48892     cutoff  149       -38.00000  -40.27450  5.99%   196 10759s
 620141 48656     cutoff  110       -38.00000  -40.27057  5.98%   196 10769s
 620674 48433     cutoff  154       -38.00000  -40.26698  5.97%   196 10782s
 621227 48217     cutoff  142       -38.00000  -40.26325  5.96%   196 10793s
 621733 47989     cutoff   97       -38.00000  -40.25891  5.94%   196 10807s
 622259 47766     cutoff  153       -38.00000  -40.25461  5.93%   196 10824s
 622828 47541  -39.66395  162  351  -38.00000  -40.25076  5.92%   196 10832s
 623309 47304     cutoff  118       -38.00000  -40.24688  5.91%   196 10841s
 623827 47073     cutoff  156       -38.00000  -40.24280  5.90%   196 10850s
 624436 46857     cutoff  158       -38.00000  -40.23929  5.89%   196 10858s
 625017 46637  -40.23554  110  190  -38.00000  -40.23554  5.88%   196 10866s
 625521 46413     cutoff  157       -38.00000  -40.23156  5.87%   196 10876s
 626150 46201  -39.67244   92  278  -38.00000  -40.22765  5.86%   196 10889s
 626583 45961  -39.27897  106  248  -38.00000  -40.22398  5.85%   196 10899s
 627064 45722     cutoff  142       -38.00000  -40.22006  5.84%   196 10911s
 627552 45485     cutoff  159       -38.00000  -40.21620  5.83%   197 10921s
 628091 45251     cutoff  168       -38.00000  -40.21239  5.82%   197 10933s
 628627 45025     cutoff  151       -38.00000  -40.20852  5.81%   197 10947s
 629101 44778     cutoff  112       -38.00000  -40.20508  5.80%   197 10956s
 629640 44549     cutoff  150       -38.00000  -40.20118  5.79%   197 10969s
 630157 44316     cutoff  148       -38.00000  -40.19700  5.78%   197 10978s
 630677 44078     cutoff  159       -38.00000  -40.19309  5.77%   197 10986s
 631161 43837  -40.06870  145  398  -38.00000  -40.18944  5.76%   197 10993s
 631776 43616     cutoff  110       -38.00000  -40.18550  5.75%   197 11003s
 632237 43370     cutoff  154       -38.00000  -40.18152  5.74%   197 11011s
 632711 43134     cutoff  143       -38.00000  -40.17758  5.73%   197 11021s
 633295 42908     cutoff  162       -38.00000  -40.17425  5.72%   197 11030s
 633828 42668     cutoff  147       -38.00000  -40.17008  5.71%   197 11041s
 634366 42436     cutoff  107       -38.00000  -40.16639  5.70%   197 11054s
 634842 42196     cutoff   87       -38.00000  -40.16269  5.69%   197 11063s
 635353 41961  -39.06671  112  232  -38.00000  -40.15859  5.68%   197 11078s
 635849 41725     cutoff  112       -38.00000  -40.15492  5.67%   197 11088s
 636362 41498     cutoff   92       -38.00000  -40.15135  5.66%   197 11100s
 636873 41266  -39.59661  149  398  -38.00000  -40.14778  5.65%   197 11111s
 637401 41042     cutoff  143       -38.00000  -40.14385  5.64%   197 11128s
 637961 40823 infeasible  110       -38.00000  -40.14023  5.63%   197 11139s
 638399 40577     cutoff  155       -38.00000  -40.13674  5.62%   197 11147s
 638955 40347     cutoff  149       -38.00000  -40.13311  5.61%   197 11162s
 639415 40102     cutoff  137       -38.00000  -40.12940  5.60%   197 11173s
 639936 39866 infeasible  135       -38.00000  -40.12555  5.59%   197 11184s
 640353 39625     cutoff   93       -38.00000  -40.12144  5.58%   197 11194s
 640811 39407  -39.75424  167  434  -38.00000  -40.11741  5.57%   197 11215s
 641173 39165  -39.80356  167  414  -38.00000  -40.11629  5.57%   197 11230s
 641618 38929     cutoff  157       -38.00000  -40.11028  5.55%   197 11240s
 642113 38694     cutoff  147       -38.00000  -40.10666  5.54%   197 11254s
 642551 38448  -39.01708  145  374  -38.00000  -40.10272  5.53%   197 11264s
 643053 38208     cutoff  103       -38.00000  -40.09930  5.52%   197 11278s
 643577 37970 infeasible  114       -38.00000  -40.09541  5.51%   197 11291s
 644134 37739  -39.63899  148  395  -38.00000  -40.09171  5.50%   197 11307s
 644628 37495     cutoff  153       -38.00000  -40.08811  5.50%   197 11320s
 645190 37270     cutoff   95       -38.00000  -40.08403  5.48%   197 11332s
 645751 37050     cutoff  102       -38.00000  -40.08058  5.48%   197 11345s
 646206 36814     cutoff  136       -38.00000  -40.07708  5.47%   197 11356s
 646753 36581     cutoff   96       -38.00000  -40.07341  5.46%   197 11368s
 647272 36342     cutoff  126       -38.00000  -40.06980  5.45%   197 11377s
 647732 36102     cutoff   94       -38.00000  -40.06624  5.44%   197 11391s
 648225 35862     cutoff   94       -38.00000  -40.06241  5.43%   197 11398s
 648734 35625     cutoff  152       -38.00000  -40.05863  5.42%   197 11410s
 649192 35387  -39.55093  163  380  -38.00000  -40.05498  5.41%   197 11420s
 649708 35152  -39.06702  110  250  -38.00000  -40.05133  5.40%   197 11429s
 650216 34907 infeasible  168       -38.00000  -40.04732  5.39%   197 11440s
 650704 34668     cutoff  162       -38.00000  -40.04334  5.38%   197 11453s
 651265 34444  -39.58490  164  442  -38.00000  -40.03971  5.37%   197 11464s
 651780 34204     cutoff  147       -38.00000  -40.03614  5.36%   197 11473s
 652278 33960     cutoff  150       -38.00000  -40.03248  5.35%   197 11482s
 652754 33720     cutoff  102       -38.00000  -40.02919  5.34%   197 11489s
 653229 33488     cutoff   99       -38.00000  -40.02583  5.33%   197 11509s
 653744 33250     cutoff  109       -38.00000  -40.02246  5.32%   197 11517s
 654195 33012  -39.69830  165  410  -38.00000  -40.01869  5.31%   197 11533s
 654666 32773     cutoff  160       -38.00000  -40.01495  5.30%   197 11546s
 655189 32533     cutoff  163       -38.00000  -40.01137  5.29%   197 11555s
 655680 32308     cutoff  136       -38.00000  -40.00769  5.28%   197 11564s
 656167 32068     cutoff  110       -38.00000  -40.00372  5.27%   197 11574s
 656658 31834     cutoff  162       -38.00000  -39.99963  5.26%   197 11581s
 657124 31601     cutoff  110       -38.00000  -39.99600  5.25%   197 11592s
 657585 31356     cutoff  168       -38.00000  -39.99204  5.24%   197 11602s
 658095 31114     cutoff  210       -38.00000  -39.98790  5.23%   197 11610s
 658537 30877     cutoff  142       -38.00000  -39.98423  5.22%   197 11616s
 659024 30641     cutoff  162       -38.00000  -39.97980  5.21%   197 11623s
 659470 30401     cutoff   97       -38.00000  -39.97546  5.20%   197 11629s
 659915 30160     cutoff  155       -38.00000  -39.97162  5.19%   197 11639s
 660458 29934     cutoff  155       -38.00000  -39.96803  5.18%   197 11645s
 660865 29689 infeasible   98       -38.00000  -39.96463  5.17%   197 11653s
 661358 29453     cutoff  142       -38.00000  -39.96045  5.16%   197 11659s
 661806 29215     cutoff  149       -38.00000  -39.95605  5.15%   197 11666s
 662235 28972     cutoff  111       -38.00000  -39.95248  5.14%   197 11672s
 662646 28730     cutoff  153       -38.00000  -39.94859  5.13%   197 11679s
 663094 28485     cutoff  153       -38.00000  -39.94493  5.12%   197 11686s
 663585 28244     cutoff  156       -38.00000  -39.94141  5.11%   197 11693s
 664078 28009     cutoff  160       -38.00000  -39.93794  5.10%   197 11699s
 664508 27767     cutoff  103       -38.00000  -39.93397  5.09%   197 11706s
 664916 27524     cutoff  104       -38.00000  -39.92968  5.08%   197 11713s
 665389 27283     cutoff  162       -38.00000  -39.92573  5.07%   197 11719s
 665804 27034     cutoff  151       -38.00000  -39.92189  5.06%   197 11729s
 666203 26787     cutoff  142       -38.00000  -39.91776  5.05%   197 11737s
 666612 26545     cutoff  151       -38.00000  -39.91365  5.04%   197 11749s
 667071 26309     cutoff   95       -38.00000  -39.90918  5.02%   197 11757s
 667534 26066     cutoff   98       -38.00000  -39.90493  5.01%   197 11766s
 667979 25815     cutoff  154       -38.00000  -39.90117  5.00%   197 11774s
 668389 25571     cutoff  147       -38.00000  -39.89695  4.99%   197 11781s
 668806 25325     cutoff  129       -38.00000  -39.89250  4.98%   197 11789s
 669282 25095     cutoff  168       -38.00000  -39.88831  4.97%   197 11800s
 669714 24853     cutoff  153       -38.00000  -39.88398  4.96%   197 11813s
 670193 24609     cutoff  150       -38.00000  -39.88005  4.95%   197 11821s
 670603 24362     cutoff   96       -38.00000  -39.87581  4.94%   197 11827s
 671040 24118     cutoff  100       -38.00000  -39.87192  4.93%   197 11833s
 671457 23874  -39.20752  110  227  -38.00000  -39.86767  4.91%   197 11842s
 671845 23624     cutoff  152       -38.00000  -39.86354  4.90%   197 11848s
 672277 23387     cutoff  158       -38.00000  -39.85959  4.89%   197 11853s
 672692 23143     cutoff  152       -38.00000  -39.85510  4.88%   197 11859s
 673034 22891     cutoff  171       -38.00000  -39.85082  4.87%   197 11864s
 673438 22645  -39.24047  157  347  -38.00000  -39.84680  4.86%   197 11869s
 673819 22396     cutoff  161       -38.00000  -39.84292  4.85%   197 11874s
 674174 22146     cutoff  148       -38.00000  -39.83874  4.84%   197 11881s
 674626 21903  -39.04191  167  396  -38.00000  -39.83441  4.83%   197 11888s
 675062 21664  -39.83055  170  403  -38.00000  -39.83055  4.82%   197 11895s
 675511 21421     cutoff  150       -38.00000  -39.82674  4.81%   197 11903s
 675920 21175     cutoff  158       -38.00000  -39.82243  4.80%   197 11908s
 676299 20929     cutoff  112       -38.00000  -39.81848  4.79%   197 11917s
 676680 20682     cutoff   98       -38.00000  -39.81437  4.77%   197 11924s
 677096 20439     cutoff  112       -38.00000  -39.80983  4.76%   197 11937s
 677451 20195     cutoff  138       -38.00000  -39.80587  4.75%   197 11944s
 677869 19952     cutoff  160       -38.00000  -39.80218  4.74%   197 11951s
 678235 19703     cutoff  103       -38.00000  -39.79788  4.73%   197 11958s
 678634 19458     cutoff  119       -38.00000  -39.79362  4.72%   197 11966s
 678998 19211     cutoff  159       -38.00000  -39.78948  4.71%   197 11971s
 679444 18981     cutoff  151       -38.00000  -39.78539  4.70%   197 11978s
 679867 18735     cutoff  166       -38.00000  -39.78147  4.69%   197 11984s
 680245 18491     cutoff  151       -38.00000  -39.77722  4.68%   197 11988s
 680632 18240 infeasible  111       -38.00000  -39.77230  4.66%   197 11995s
 681022 17990  -39.42666  111  217  -38.00000  -39.76749  4.65%   197 12000s
 681373 17738     cutoff  148       -38.00000  -39.76266  4.64%   197 12014s
 681756 17491     cutoff  153       -38.00000  -39.75789  4.63%   197 12020s
 682125 17245     cutoff  100       -38.00000  -39.75326  4.61%   197 12025s
 682534 16996     cutoff  104       -38.00000  -39.74888  4.60%   197 12033s
 682944 16748     cutoff  170       -38.00000  -39.74436  4.59%   197 12040s
 683703 16246     cutoff  170       -38.00000  -39.73457  4.56%   197 12048s
 684106 15994     cutoff   94       -38.00000  -39.72961  4.55%   197 12054s
 684445 15742     cutoff  163       -38.00000  -39.72483  4.54%   197 12060s
 684830 15495     cutoff  152       -38.00000  -39.71981  4.53%   197 12065s
 685538 14994  -39.24810  102  249  -38.00000  -39.70985  4.50%   197 12078s
 685947 14747     cutoff  154       -38.00000  -39.70539  4.49%   197 12082s
 686288 14495     cutoff  143       -38.00000  -39.70038  4.47%   197 12088s
 686706 14247  -39.69498  165  470  -38.00000  -39.69525  4.46%   197 12095s
 687102 14003     cutoff  166       -38.00000  -39.69080  4.45%   197 12100s
 687522 13758     cutoff  106       -38.00000  -39.68568  4.44%   197 12105s
 687860 13511     cutoff  156       -38.00000  -39.68062  4.42%   197 12110s
 688225 13260     cutoff  169       -38.00000  -39.67474  4.41%   197 12117s
 688594 13010     cutoff  112       -38.00000  -39.66975  4.39%   197 12121s
 688948 12759     cutoff  152       -38.00000  -39.66453  4.38%   197 12126s
 689292 12509 infeasible  151       -38.00000  -39.65919  4.37%   197 12130s
 689637 12257     cutoff  161       -38.00000  -39.65332  4.35%   197 12135s
 690308 11758 infeasible  155       -38.00000  -39.64184  4.32%   197 12145s
 690968 11255     cutoff  147       -38.00000  -39.63055  4.29%   197 12154s
 691329 11003  -39.27929  122  244  -38.00000  -39.62505  4.28%   197 12159s
 691663 10751     cutoff  162       -38.00000  -39.61927  4.26%   197 12164s
 692008 10501     cutoff  162       -38.00000  -39.61371  4.25%   197 12169s
 692372 10249     cutoff  156       -38.00000  -39.60764  4.23%   197 12173s
 692714  9999     cutoff  153       -38.00000  -39.60059  4.21%   197 12177s
 693045  9747     cutoff  101       -38.00000  -39.59408  4.19%   197 12182s
 693400  9495 infeasible  153       -38.00000  -39.58774  4.18%   197 12186s
 693706  9243     cutoff  103       -38.00000  -39.58142  4.16%   197 12191s
 694042  8992     cutoff  156       -38.00000  -39.57508  4.14%   197 12195s
 694710  8490     cutoff  116       -38.00000  -39.56221  4.11%   197 12204s
 695055  8239     cutoff  164       -38.00000  -39.55587  4.09%   197 12208s
 695419  7987     cutoff  152       -38.00000  -39.54916  4.08%   197 12212s
 695737  7735     cutoff  128       -38.00000  -39.54154  4.06%   197 12217s
 696058  7483     cutoff  155       -38.00000  -39.53382  4.04%   197 12222s
 696388  7231 infeasible  135       -38.00000  -39.52616  4.02%   197 12226s
 696708  6979     cutoff  140       -38.00000  -39.51853  4.00%   197 12230s
 697028  6728     cutoff  157       -38.00000  -39.51125  3.98%   197 12235s
 697692  6228     cutoff  147       -38.00000  -39.49382  3.93%   196 12245s
 698306  5724     cutoff  158       -38.00000  -39.47589  3.88%   196 12253s
 698604  5472 infeasible  108       -38.00000  -39.46620  3.86%   196 12258s
 698959  5220  -39.15085  124  246  -38.00000  -39.45595  3.83%   196 12262s
 699245  4968     cutoff  116       -38.00000  -39.44617  3.81%   196 12276s
 699831  4464     cutoff  158       -38.00000  -39.42460  3.75%   196 12282s
 700117  4212     cutoff  146       -38.00000  -39.41273  3.72%   196 12286s
 700707  3708     cutoff  108       -38.00000  -39.38850  3.65%   196 12293s
 701010  3456     cutoff  118       -38.00000  -39.37462  3.62%   196 12295s
 701596  2953     cutoff  111       -38.00000  -39.34795  3.55%   196 12301s
 702152  2449     cutoff  143       -38.00000  -39.31151  3.45%   196 12307s
 702420  2197 infeasible  108       -38.00000  -39.29250  3.40%   196 12312s
 702705  1945     cutoff  143       -38.00000  -39.27302  3.35%   196 12319s
 703002  1693     cutoff  113       -38.00000  -39.25196  3.29%   196 12323s
 703288  1441     cutoff  153       -38.00000  -39.22653  3.23%   196 12329s
 703564  1189     cutoff   96       -38.00000  -39.20022  3.16%   196 12332s
 703843   937     cutoff  100       -38.00000  -39.17038  3.08%   196 12335s
 704615   181     cutoff   98       -38.00000  -39.07476  2.83%   196 12343s

Cutting planes:
  Gomory: 124
  Cover: 1
  Clique: 6
  MIR: 213
  StrongCG: 2
  Flow cover: 66
  GUB cover: 1609
  Inf proof: 10
  Zero half: 183

Explored 705053 nodes (138133875 simplex iterations) in 12346.83 seconds
Thread count was 12 (of 40 available processors)

Solution count 10: -38 -36 -35 ... -16

Optimal solution found (tolerance 1.00e-04)
Best objective -3.800000000000e+01, best bound -3.800000000000e+01, gap 0.0000%

Number of covered targets:	38
Total library size:		98304
Probability on target:		0.00039

Writing output...
