Reading MSA file...
Removing fixed positions...

Library size limit:		10000000
Sublibrary count limit:		2
Number of targets:		94
Number of variable positions:	73

Using approximate library size.

Academic license - for non-commercial use only
Parameter OutputFlag unchanged
   Value: 1  Min: 0  Max: 1  Default: 1
Changed value of parameter QCPDual to 1
   Prev: 0  Min: 0  Max: 1  Default: 0
Changed value of parameter TimeLimit to 172800.0
   Prev: 1e+100  Min: 0.0  Max: 1e+100  Default: 1e+100
Changed value of parameter Threads to 12
   Prev: 0  Min: 0  Max: 1024  Default: 0
Optimize a model with 719 rows, 123268 columns and 7322574 nonzeros
Variable types: 0 continuous, 123268 integer (123268 binary)
Coefficient statistics:
  Matrix range     [7e-01, 1e+07]
  Objective range  [1e+00, 1e+00]
  Bounds range     [1e+00, 1e+00]
  RHS range        [1e+00, 1e+07]
Found heuristic solution: objective 0.0000000
Presolve removed 0 rows and 111688 columns (presolve time = 8s) ...
Presolve removed 188 rows and 111692 columns (presolve time = 10s) ...
Presolve removed 190 rows and 119810 columns (presolve time = 16s) ...
Presolve removed 188 rows and 119808 columns
Presolve time: 15.82s
Presolved: 531 rows, 3460 columns, 213758 nonzeros
Variable types: 2 continuous, 3458 integer (3458 binary)

Root simplex log...

Iteration    Objective       Primal Inf.    Dual Inf.      Time
       0   -9.4000000e+01   2.400000e+02   0.000000e+00     16s
     679   -9.4000000e+01   0.000000e+00   0.000000e+00     16s

Root relaxation: objective -9.400000e+01, 679 iterations, 0.07 seconds

    Nodes    |    Current Node    |     Objective Bounds      |     Work
 Expl Unexpl |  Obj  Depth IntInf | Incumbent    BestBd   Gap | It/Node Time

     0     0  -94.00000    0  190    0.00000  -94.00000      -     -   16s
H    0     0                      -1.0000000  -94.00000  9300%     -   16s
H    0     0                      -6.0000000  -94.00000  1467%     -   17s
H    0     0                      -8.0000000  -94.00000  1075%     -   18s
     0     0  -94.00000    0  230   -8.00000  -94.00000  1075%     -   18s
H    0     0                     -10.0000000  -94.00000   840%     -   18s
     0     0  -94.00000    0  238  -10.00000  -94.00000   840%     -   18s
H    0     0                     -12.0000000  -94.00000   683%     -   19s
H    0     0                     -14.0000000  -94.00000   571%     -   21s
H    0     0                     -17.0000000  -94.00000   453%     -   21s
H    0     0                     -19.0000000  -94.00000   395%     -   21s
     0     0  -94.00000    0  227  -19.00000  -94.00000   395%     -   21s
H    0     0                     -22.0000000  -94.00000   327%     -   21s
     0     0  -94.00000    0  228  -22.00000  -94.00000   327%     -   21s
H    0     0                     -24.0000000  -94.00000   292%     -   22s
H    0     0                     -26.0000000  -94.00000   262%     -   22s
     0     0  -94.00000    0  259  -26.00000  -94.00000   262%     -   22s
     0     0  -94.00000    0  226  -26.00000  -94.00000   262%     -   23s
H    0     0                     -28.0000000  -94.00000   236%     -   24s
H    0     2                     -30.0000000  -94.00000   213%     -   25s
     0     2  -94.00000    0  209  -30.00000  -94.00000   213%     -   25s
H   28    38                     -31.0000000  -94.00000   203%   528   28s
H   85    83                     -32.0000000  -94.00000   194%   269   29s
H   93    92                     -33.0000009  -94.00000   185%   266   29s
H   94    93                     -34.0000000  -94.00000   176%   263   29s
    97    97  -94.00000    7  265  -34.00000  -94.00000   176%   255   30s
H  139   136                     -35.0000000  -94.00000   169%   198   30s
H  189   187                     -37.0000000  -94.00000   154%   155   33s
   496   449  -94.00000   14  245  -37.00000  -94.00000   154%  82.0   35s
H 1340  1053                     -38.0000000  -94.00000   147%  54.4   40s
H 1351  1060                     -39.0000000  -94.00000   141%  56.4   40s
  2096  1716  -94.00000   27  255  -39.00000  -94.00000   141%  61.1   45s
  2954  2456  -94.00000   33  252  -39.00000  -94.00000   141%  65.4   50s
  3471  2837  -94.00000   38  249  -39.00000  -94.00000   141%  70.2   57s
H 3472  2763                     -47.0000000  -94.00000   100%  70.2   57s
  3916  3053  -94.00000   40  262  -47.00000  -94.00000   100%  69.5   61s
H 3971  3078                     -49.0000000  -94.00000  91.8%  71.4   61s
  4301  3390  -62.00000  195  226  -49.00000  -94.00000  91.8%  69.5   65s
  4305  3393  -67.96893  103  286  -49.00000  -94.00000  91.8%  69.4   73s
  4306  3393  -89.23437  113  284  -49.00000  -94.00000  91.8%  69.4   76s
H 4307  3224                     -50.0000000  -94.00000  88.0%  69.4   79s
  4309  3225  -84.60671   51  335  -50.00000  -94.00000  88.0%  69.3   81s
  4310  3226  -89.60278  118  305  -50.00000  -94.00000  88.0%  69.3   85s
  4312  3227  -82.44396  178  321  -50.00000  -94.00000  88.0%  69.3   92s
  4313  3228  -85.46258   46  386  -50.00000  -94.00000  88.0%  69.3   96s
  4314  3229  -92.57397   20  344  -50.00000  -94.00000  88.0%  69.3  100s
  4317  3234  -93.00000   16  248  -50.00000  -94.00000  88.0%  72.9  105s
  4391  3279  -92.78532   22  284  -50.00000  -94.00000  88.0%  74.8  110s
  4430  3295 infeasible   23       -50.00000  -94.00000  88.0%  75.8  125s
  4864  3456 infeasible   40       -50.00000  -94.00000  88.0%  76.6  130s
  5597  3690  -73.88763   74  176  -50.00000  -94.00000  88.0%  75.7  135s
  6362  3775  -59.00000  103  118  -50.00000  -94.00000  88.0%  73.7  169s
  6383  3773  -58.91820  104  120  -50.00000  -93.59163  87.2%  73.7  170s
  7085  3939  -65.00000   54  126  -50.00000  -93.00000  86.0%  78.5  175s
  7574  4149  -89.77290   28  250  -50.00000  -93.00000  86.0%  83.4  180s
  7970  4284  -82.87348   42  201  -50.00000  -93.00000  86.0%  88.1  186s
  8452  4535  -67.90853   73  161  -50.00000  -93.00000  86.0%  94.7  190s
  9184  4817  -82.39127   30  226  -50.00000  -93.00000  86.0%  98.8  196s
  9789  5127  -91.62298   24  275  -50.00000  -93.00000  86.0%   102  201s
 10420  5357  -75.00000   61  172  -50.00000  -93.00000  86.0%   107  206s
 10984  5498  -91.57751   25  277  -50.00000  -92.98872  86.0%   110  210s
 11629  5668  -75.86008   59  184  -50.00000  -92.98872  86.0%   111  215s
 12491  5998  -57.92578   63  134  -50.00000  -92.81045  85.6%   115  221s
 13213  6175  -83.98630   44  219  -50.00000  -92.72771  85.5%   118  227s
 14013  6394  -59.00000   95  145  -50.00000  -92.72771  85.5%   119  259s
 14109  6457  -57.91150   98  134  -50.00000  -92.64298  85.3%   120  262s
 14563  6777  -77.85105   47  206  -50.00000  -92.64298  85.3%   121  265s
 15222  7254  -56.00000   91  120  -50.00000  -92.64298  85.3%   119  270s
 16380  7890  -75.00000   60  178  -50.00000  -92.09656  84.2%   119  278s
 16894  8222  -61.93248   90  122  -50.00000  -92.00000  84.0%   119  281s
 17510  8690  -84.84038   39  225  -50.00000  -91.93231  83.9%   119  300s
 18146  9077  -59.93158   88  143  -50.00000  -91.91141  83.8%   121  309s
 18684  9408  -90.83869   28  281  -50.00000  -91.90683  83.8%   121  314s
 19402  9934  -74.98612   62  188  -50.00000  -91.90683  83.8%   121  317s
 19916 10340  -52.00000  112   94  -50.00000  -91.75031  83.5%   122  322s
 20670 10886  -66.90116   71  148  -50.00000  -91.67247  83.3%   123  327s
 21282 11344  -86.76743   35  232  -50.00000  -91.58124  83.2%   123  332s
 22105 11958  -60.98501   90  127  -50.00000  -91.58124  83.2%   123  336s
 22872 12540  -73.00000   62  160  -50.00000  -91.50784  83.0%   124  342s
 23664 13057  -81.00000   46  198  -50.00000  -91.40020  82.8%   125  347s
 24591 13693 infeasible  105       -50.00000  -91.27030  82.5%   125  352s
 25321 14178 infeasible   88       -50.00000  -91.10927  82.2%   125  358s
 26271 14840  -70.97511   63  158  -50.00000  -91.09903  82.2%   126  364s
 27093 15332  -78.00000   49  188  -50.00000  -91.00000  82.0%   126  370s
 27979 16010  -85.43280   37  252  -50.00000  -91.00000  82.0%   128  377s
 28989 16748  -72.94497   47  151  -50.00000  -91.00000  82.0%   129  383s
 29759 17341  -85.77642   40  229  -50.00000  -90.78648  81.6%   131  390s
 30974 18163  -86.65991   36  236  -50.00000  -90.72744  81.5%   131  397s
 31980 18926  -85.91245   37  236  -50.00000  -90.64447  81.3%   131  405s
 33284 19874  -81.99064   45  205  -50.00000  -90.55686  81.1%   132  413s
 34467 20637  -75.86427   52  188  -50.00000  -90.49236  81.0%   131  420s
 35716 21496  -65.71955   75  152  -50.00000  -90.34923  80.7%   133  429s
 36905 22249  -56.77173  107  226  -50.00000  -90.20329  80.4%   132  622s
 36907 22250  -74.89917   63  175  -50.00000  -90.20329  80.4%   132  625s
 36909 22252  -64.95637   82  408  -50.00000  -90.20329  80.4%   132  631s
 36910 22252  -83.98592   42  462  -50.00000  -90.20329  80.4%   132  643s
 36911 22253  -81.14525   45  549  -50.00000  -90.20329  80.4%   132  654s
 36912 22254  -76.64947   43  631  -50.00000  -88.71664  77.4%   132  664s
 36913 22254  -85.69756   31  632  -50.00000  -87.09431  74.2%   132  665s
 36927 22264  -58.46769   97  637  -50.00000  -86.41031  72.8%   132  673s
 36928 22264  -79.00000   50  641  -50.00000  -86.00613  72.0%   132  679s
 36933 22268  -79.85380   46  647  -50.00000  -85.72368  71.4%   132  680s
 36944 22275  -80.51502   35  665  -50.00000  -85.69781  71.4%   132  686s
 36945 22276  -67.00000   74  669  -50.00000  -85.59632  71.2%   132  693s
 36956 22283  -81.94738   43  641  -50.00000  -85.42776  70.9%   132  699s
 36957 22284  -81.06551   41  629  -50.00000  -85.31163  70.6%   132  705s
 36967 22290  -79.00000   52  670  -50.00000  -85.12330  70.2%   132  712s
 36968 22291  -84.92119   28  648  -50.00000  -84.92119  69.8%   132  736s
 36982 22300  -84.84561   41  670  -50.00000  -84.84561  69.7%   132  743s
 36983 22301  -54.52687   99  639  -50.00000  -84.72914  69.5%   132  749s
 36984 22302  -73.00000   66  648  -50.00000  -84.69562  69.4%   132  750s
 36997 22310  -78.94382   52  686  -50.00000  -84.62883  69.3%   132  757s
 36998 22311  -75.00000   53  618  -50.00000  -84.48588  69.0%   132  763s
 37011 22320  -81.14525   45  668  -50.00000  -84.33390  68.7%   132  765s
 37012 22320  -76.64947   43  667  -50.00000  -84.33385  68.7%   132  770s
 37013 22321  -84.27737   31  614  -50.00000  -84.27737  68.6%   132  777s
 37032 22334  -57.97118  100  664  -50.00000  -84.22200  68.4%   132  780s
 37034 22335  -69.10103   68  665  -50.00000  -84.22105  68.4%   132  785s
 37035 22336  -75.00000   59  670  -50.00000  -84.16587  68.3%   132  790s
 37047 22344  -65.98630   74  686  -50.00000  -84.10922  68.2%   132  796s
 37048 22344  -69.99770   63  655  -50.00000  -84.09645  68.2%   132  801s
 37058 22351  -84.08289   30  666  -50.00000  -84.08289  68.2%   132  807s
 37059 22352  -73.98630   61  631  -50.00000  -84.02482  68.0%   132  813s
 37070 22359  -61.26748   74  674  -50.00000  -83.95879  67.9%   131  815s
 37073 22361  -66.99742   69  678  -50.00000  -83.95615  67.9%   131  820s
 37074 22362  -60.00000   89  650  -50.00000  -83.89868  67.8%   131  826s
 37084 22368  -73.00000   66  692  -50.00000  -83.84908  67.7%   131  832s
 37085 22369  -79.00000   52  651  -50.00000  -83.82068  67.6%   131  838s
 37093 22374  -79.00000   53  662  -50.00000  -83.78145  67.6%   131  840s
 37097 22377  -78.94382   52  666  -50.00000  -83.77438  67.5%   131  845s
 37098 22378  -75.00000   53  645  -50.00000  -83.74979  67.5%   131  851s
 37107 22384  -74.89917   63  672  -50.00000  -83.72460  67.4%   131  857s
 37108 22384  -54.00000  111  649  -50.00000  -83.71120  67.4%   131  863s
 37121 22393  -70.87782   70  693  -50.00000  -83.67620  67.4%   131  865s
 37124 22395  -83.67562   34  695  -50.00000  -83.67562  67.4%   131  870s
 37125 22396  -56.82367   98  655  -50.00000  -83.66932  67.3%   131  878s
 37134 22402  -69.10103   68  697  -50.00000  -83.65420  67.3%   131  884s
 37135 22402  -75.00000   59  670  -50.00000  -83.64965  67.3%   131  888s
 37139 22405  -62.00000   84  698  -50.00000  -83.64559  67.3%   131  894s
 37140 22406  -73.67608   40  654  -50.00000  -83.64456  67.3%   131  901s
 37152 22414  -53.00000   96  684  -50.00000  -83.62289  67.2%   131  907s
 37153 22414  -83.62063   38  657  -50.00000  -83.62063  67.2%   131  913s
 37157 22417  -81.06551   41  676  -50.00000  -83.61877  67.2%   131  918s
 37158 22418  -83.61529   30  655  -50.00000  -83.61529  67.2%   131  924s
 37163 22421  -70.97260   55  655  -50.00000  -83.59877  67.2%   131  925s
 37170 22426  -61.26748   74  678  -50.00000  -83.59322  67.2%   131  930s
 37171 22426  -53.00000  103  625  -50.00000  -83.58639  67.2%   131  937s
 37180 22432  -59.00000   85  629  -50.00000  -83.56115  67.1%   131  943s
 37181 22433  -69.46632   74  625  -50.00000  -83.54724  67.1%   131  949s
 37183 22434  -54.52687   99  619  -50.00000  -83.54597  67.1%   131  954s
 37184 22435  -73.00000   66  600  -50.00000  -83.50058  67.0%   131  961s
 37198 22444  -75.00000   53  676  -50.00000  -83.46862  66.9%   131  968s
 37199 22445  -83.38363   39  624  -50.00000  -83.46220  66.9%   131  973s
 37203 22448  -57.00000   99  670  -50.00000  -83.45667  66.9%   131  978s
 37204 22448  -70.00000   74  635  -50.00000  -83.44705  66.9%   131  983s
 37206 22450  -83.44645   28  650  -50.00000  -83.44645  66.9%   131  987s
 37207 22450  -74.89917   63  626  -50.00000  -83.43957  66.9%   131  993s
 37219 22458  -64.00000   71  659  -50.00000  -83.42301  66.8%   131  998s
 37220 22459  -83.41855   28  646  -50.00000  -83.41855  66.8%   131 1005s
 37227 22464  -58.46769   97  662  -50.00000  -83.40968  66.8%   131 1011s
 37228 22464  -79.00000   50  642  -50.00000  -83.40143  66.8%   131 1017s
 37237 22470  -59.00000   93  662  -50.00000  -83.37656  66.8%   131 1023s
 37238 22471  -81.00000   48  635  -50.00000  -83.36380  66.7%   131 1029s
 37241 22473  -74.99267   57  648  -50.00000  -83.34762  66.7%   131 1030s
 37250 22479  -62.83842   79  658  -50.00000  -83.34133  66.7%   131 1036s
 37251 22480  -59.00000   95  647  -50.00000  -83.33991  66.7%   131 1041s
 37253 22481  -83.33941   38  660  -50.00000  -83.33941  66.7%   131 1046s
 37254 22482  -60.00000   88  639  -50.00000  -83.33904  66.7%   131 1052s
 37266 22490  -83.31821   29  638  -50.00000  -83.31821  66.6%   131 1058s
 37267 22490  -79.00000   52  637  -50.00000  -83.31812  66.6%   131 1066s
 37269 22492  -66.00000   76  616  -50.00000  -83.31647  66.6%   131 1078s
 37276 22496  -83.30843   44  662  -50.00000  -83.30843  66.6%   131 1082s
 37277 22497  -78.35630   48  640  -50.00000  -83.30289  66.6%   131 1088s
 37281 22500  -69.46632   74  651  -50.00000  -83.29684  66.6%   131 1094s
 37282 22500  -83.28148   41  634  -50.00000  -83.28148  66.6%   131 1100s
 37296 22510  -53.96586  106  662  -50.00000  -83.23761  66.5%   131 1107s
 37297 22510  -78.94382   52  632  -50.00000  -83.20665  66.4%   131 1113s
 37309 22518  -64.95637   82  645  -50.00000  -83.16720  66.3%   131 1115s
 37316 22523  -57.04572   85  637  -50.00000  -83.15868  66.3%   131 1124s
 37322 22527  -61.00000   98  659  -50.00000  -83.14913  66.3%   131 1130s
 37323 22528  -77.77040   50  651  -50.00000  -83.14859  66.3%   131 1137s
 37328 22531  -79.00000   50  638  -50.00000  -83.14610  66.3%   131 1143s
 37329 22532  -71.64608   65  628  -50.00000  -83.14606  66.3%   131 1150s
 37336 22536  -61.85639   87  643  -50.00000  -83.12500  66.3%   131 1156s
 37337 22537  -59.00000   93  627  -50.00000  -83.12081  66.2%   131 1160s
 37351 22546  -59.00000   95  659  -50.00000  -83.09921  66.2%   131 1165s
 37356 22550  -81.94738   43  651  -50.00000  -83.08616  66.2%   130 1170s
 37359 22552  -73.98630   61  629  -50.00000  -83.08513  66.2%   130 1175s
 37360 22552  -79.88193   49  629  -50.00000  -83.08502  66.2%   130 1197s
 37379 22565  -82.87794   31  661  -50.00000  -83.01840  66.0%   130 1200s
 37381 22566  -69.46632   74  627  -50.00000  -83.00539  66.0%   130 1209s
 37383 22568  -54.52687   99  671  -50.00000  -82.99736  66.0%   130 1210s
 37389 22572  -79.75676   51  654  -50.00000  -82.99009  66.0%   130 1216s
 37390 22572  -67.16559   61  644  -50.00000  -82.98300  66.0%   130 1223s
 37398 22578  -75.00000   53  656  -50.00000  -82.97372  65.9%   130 1225s
 37401 22580  -82.95630   37  601  -50.00000  -82.95630  65.9%   130 1230s
 37402 22580  -82.95630   38  599  -50.00000  -82.95630  65.9%   130 1235s
 37404 22582  -70.00000   74  605  -50.00000  -82.95630  65.9%   130 1244s
 37410 22586  -82.92714   42  686  -50.00000  -82.92714  65.9%   130 1245s
 37415 22589  -82.89521   34  691  -50.00000  -82.89521  65.8%   130 1257s
 37417 22590  -72.71069   54  685  -50.00000  -82.89417  65.8%   130 1263s
 37418 22591  -56.98936   85  671  -50.00000  -82.86059  65.7%   130 1270s
 37429 22598  -71.64608   65  665  -50.00000  -82.84123  65.7%   130 1277s
 37430 22599  -76.84608   47  646  -50.00000  -82.79165  65.6%   130 1285s
 37455 22616  -60.00000   94  671  -50.00000  -82.65965  65.3%   130 1295s
 37456 22616  -81.94738   43  634  -50.00000  -82.58961  65.2%   130 1302s
 37465 22622  -65.00000   86  663  -50.00000  -82.56312  65.1%   130 1309s
 37466 22623  -82.53404   29  630  -50.00000  -82.53404  65.1%   130 1316s
 37475 22629  -58.00000   93  663  -50.00000  -82.51172  65.0%   130 1323s
 37476 22630  -82.50900   44  649  -50.00000  -82.50900  65.0%   130 1330s
 37495 22642  -59.55926   87  685  -50.00000  -82.48207  65.0%   130 1338s
 37496 22643  -53.96586  106  658  -50.00000  -82.47055  64.9%   130 1345s
 37505 22649  -56.77173  107  647  -50.00000  -82.44401  64.9%   130 1354s
 37514 22655  -75.80915   53  667  -50.00000  -82.43561  64.9%   130 1361s
 37515 22656  -82.42915   34  638  -50.00000  -82.42915  64.9%   130 1368s
 37518 22658  -56.98936   85  640  -50.00000  -82.42275  64.8%   130 1374s
 37519 22658  -64.00000   71  634  -50.00000  -82.40828  64.8%   130 1381s
 37531 22666  -82.36275   47  675  -50.00000  -82.36275  64.7%   130 1388s
 37532 22667  -57.97118  100  657  -50.00000  -82.33589  64.7%   130 1395s
 37539 22672  -62.00000   84  663  -50.00000  -82.31441  64.6%   130 1401s
 37540 22672  -73.67608   40  626  -50.00000  -82.30655  64.6%   130 1407s
 37552 22680  -53.00000   96  668  -50.00000  -82.29211  64.6%   130 1413s
 37553 22681  -82.28901   38  642  -50.00000  -82.28901  64.6%   130 1419s
 37556 22683  -81.94738   43  669  -50.00000  -82.28751  64.6%   130 1425s
 37557 22684  -81.06551   41  645  -50.00000  -82.28391  64.6%   130 1430s
 37562 22687  -77.91149   55  628  -50.00000  -82.26718  64.5%   130 1439s
 37566 22690  -82.26322   29  633  -50.00000  -82.26322  64.5%   130 1445s
 37567 22690  -79.00000   52  634  -50.00000  -82.26322  64.5%   130 1452s
 37568 22691  -82.26322   28  643  -50.00000  -82.26322  64.5%   130 1457s
 37569 22692  -66.00000   76  600  -50.00000  -82.26322  64.5%   130 1464s
 37570 22692  -61.26748   74  635  -50.00000  -82.26322  64.5%   130 1469s
 37571 22693  -53.00000  103  640  -50.00000  -82.25927  64.5%   130 1477s
 37572 22694  -72.90618   62  675  -50.00000  -82.25888  64.5%   130 1482s
 37573 22694  -66.99742   69  642  -50.00000  -82.24006  64.5%   130 1491s
 37575 22696  -58.00000   93  646  -50.00000  -82.23657  64.5%   130 1496s
 37576 22696  -82.22653   44  640  -50.00000  -82.22653  64.5%   130 1503s
 37588 22704  -61.00000   91  662  -50.00000  -82.19475  64.4%   130 1510s
 37589 22705  -79.75676   51  621  -50.00000  -82.16718  64.3%   130 1516s
 37600 22712  -64.00000   84  665  -50.00000  -82.14229  64.3%   130 1522s
 37601 22713  -82.14217   37  645  -50.00000  -82.14217  64.3%   130 1526s
 37605 22716  -56.77173  107  659  -50.00000  -82.13881  64.3%   130 1531s
 37606 22716  -82.13880   28  649  -50.00000  -82.13880  64.3%   130 1537s
 37607 22717  -74.89917   63  653  -50.00000  -82.13880  64.3%   130 1542s
 37608 22718  -54.00000  111  651  -50.00000  -82.13516  64.3%   130 1549s
 37613 22721  -82.11922   31  660  -50.00000  -82.11922  64.2%   130 1550s
 37617 22724  -72.71069   54  671  -50.00000  -82.11574  64.2%   130 1556s
 37618 22724  -56.98936   85  648  -50.00000  -82.10994  64.2%   130 1572s
 37622 22727  -61.00000   98  661  -50.00000  -82.10514  64.2%   130 1578s
 37623 22728  -77.77040   50  649  -50.00000  -82.10445  64.2%   130 1585s
 37628 22731  -79.00000   50  668  -50.00000  -82.10205  64.2%   130 1592s
 37629 22732  -71.64608   65  623  -50.00000  -82.08558  64.2%   130 1599s
 37634 22735  -69.10103   68  656  -50.00000  -82.04224  64.1%   130 1600s
 37647 22744  -65.98630   74  665  -50.00000  -82.02487  64.0%   129 1608s
 37648 22744  -69.99770   63  625  -50.00000  -82.00572  64.0%   129 1614s
 37649 22745  -75.00000   57  631  -50.00000  -81.99068  64.0%   129 1615s
 37655 22749  -60.00000   94  648  -50.00000  -81.97405  63.9%   129 1621s
 37656 22750  -81.94738   43  619  -50.00000  -81.97302  63.9%   129 1627s
 37661 22753  -58.00000   99  658  -50.00000  -81.96958  63.9%   129 1633s
 37662 22754  -77.91149   55  635  -50.00000  -81.96582  63.9%   129 1640s
 37667 22757  -79.00000   52  660  -50.00000  -81.95753  63.9%   129 1646s
 37668 22758  -81.95393   28  644  -50.00000  -81.95393  63.9%   129 1652s
 37676 22763  -81.94407   44  659  -50.00000  -81.94407  63.9%   129 1656s
 37677 22764  -78.35630   48  639  -50.00000  -81.94333  63.9%   129 1660s
 37682 22767  -81.94087   41  636  -50.00000  -81.94087  63.9%   129 1668s
 37683 22768  -54.52687   99  649  -50.00000  -81.94084  63.9%   129 1671s
 37684 22768  -73.00000   66  633  -50.00000  -81.94002  63.9%   129 1676s
 37700 22779  -64.00000   84  669  -50.00000  -81.91059  63.8%   129 1684s
 37701 22780  -81.89843   37  633  -50.00000  -81.89843  63.8%   129 1691s
 37709 22785  -64.95637   82  648  -50.00000  -81.86131  63.7%   129 1698s
 37710 22786  -81.86121   42  642  -50.00000  -81.86121  63.7%   129 1705s
 37711 22786  -81.14525   45  651  -50.00000  -81.86121  63.7%   129 1711s
 37712 22787  -76.64947   43  639  -50.00000  -81.86120  63.7%   129 1718s
 37713 22788  -81.86120   31  645  -50.00000  -81.86120  63.7%   129 1724s
 37714 22788  -75.80915   53  637  -50.00000  -81.86120  63.7%   129 1731s
 37715 22789  -81.86120   34  653  -50.00000  -81.86120  63.7%   129 1738s
 37716 22790  -57.04572   85  655  -50.00000  -81.86120  63.7%   129 1762s
 37717 22790  -72.71069   54  652  -50.00000  -81.86120  63.7%   129 1770s
 37718 22791  -56.98936   85  669  -50.00000  -81.84760  63.7%   129 1779s
 37720 22792  -81.84410   28  675  -50.00000  -81.84410  63.7%   129 1785s
 37721 22793  -70.87782   70  641  -50.00000  -81.81160  63.6%   129 1791s
 37729 22798  -71.64608   65  677  -50.00000  -81.78810  63.6%   129 1797s
 37730 22799  -76.84608   47  656  -50.00000  -81.77693  63.6%   129 1804s
 37734 22802  -69.10103   68  675  -50.00000  -81.76181  63.5%   129 1805s
 37741 22806  -74.99267   57  678  -50.00000  -81.75751  63.5%   129 1811s
 37742 22807  -78.00000   50  648  -50.00000  -81.74828  63.5%   129 1818s
 37748 22811  -69.99770   63  672  -50.00000  -81.74206  63.5%   129 1824s
 37749 22812  -75.00000   57  663  -50.00000  -81.74051  63.5%   129 1831s
 37751 22813  -59.00000   95  656  -50.00000  -81.73983  63.5%   129 1837s
 37752 22814  -53.00000   96  646  -50.00000  -81.73981  63.5%   129 1844s
 37753 22814  -81.73980   38  654  -50.00000  -81.73980  63.5%   129 1850s
 37754 22815  -60.00000   88  637  -50.00000  -81.73980  63.5%   129 1856s
 37755 22816  -60.00000   94  652  -50.00000  -81.73980  63.5%   129 1862s
 37756 22816  -81.73980   43  643  -50.00000  -81.73980  63.5%   129 1868s
 37757 22817  -81.06551   41  647  -50.00000  -81.73980  63.5%   129 1875s
 37758 22818  -81.73970   30  664  -50.00000  -81.73970  63.5%   129 1882s
 37759 22818  -73.98630   61  674  -50.00000  -81.73966  63.5%   129 1887s
 37760 22819  -79.88193   49  633  -50.00000  -81.72443  63.4%   129 1894s
 37764 22822  -81.00000   41  645  -50.00000  -81.68426  63.4%   129 1895s
 37772 22827  -72.90618   62  658  -50.00000  -81.67528  63.4%   129 1901s
 37773 22828  -66.99742   69  644  -50.00000  -81.65405  63.3%   129 1907s
 37778 22831  -80.56635   37  648  -50.00000  -81.63787  63.3%   129 1911s
 37779 22832  -81.63786   31  645  -50.00000  -81.63786  63.3%   129 1915s
 37788 22838  -61.00000   91  668  -50.00000  -81.61040  63.2%   129 1921s
 37791 22843  -81.48419   31  592  -50.00000  -81.60568  63.2%   132 1957s
 37793 22846  -81.38752   32  589  -50.00000  -81.45550  62.9%   132 1981s
 37797 22853  -81.10631   33  572  -50.00000  -81.37027  62.7%   133 1985s
 37817 22870  -76.21135   35  427  -50.00000  -80.66952  61.3%   133 1993s
 37829 22878  -80.46633   35  554  -50.00000  -80.46633  60.9%   133 1995s
 37926 22934  -72.21613   38  443  -50.00000  -79.11225  58.2%   133 2000s
 38079 23028  -71.94667   41  419  -50.00000  -78.19553  56.4%   133 2005s
 38267 23118  -70.14748   44  420  -50.00000  -76.85745  53.7%   133 2010s
 38479 23196  -74.73486   47  506  -50.00000  -76.85745  53.7%   133 2015s
 38727 23295  -71.96562   51  466  -50.00000  -76.85745  53.7%   133 2020s
 38996 23391  -69.00000   55  440  -50.00000  -76.85745  53.7%   134 2025s
 39197 23485  -66.00000   58  406  -50.00000  -76.35320  52.7%   134 2031s
 39422 23580  -64.00000   61  399  -50.00000  -76.35320  52.7%   134 2035s
 39723 23694  -63.00000   64  398  -50.00000  -76.00113  52.0%   135 2041s
 40096 23801  -61.00000   68  391  -50.00000  -76.00113  52.0%   135 2046s
 40357 23890  -60.00000   71  376  -50.00000  -76.00113  52.0%   135 2050s
 40746 24058  -59.83572   75  395  -50.00000  -74.33307  48.7%   135 2057s
 40971 24160  -58.80959   79  396  -50.00000  -74.33307  48.7%   136 2061s
 41239 24279  -56.00000   84  369  -50.00000  -74.33307  48.7%   136 2066s
 41561 24407  -55.00000   90  332  -50.00000  -74.33307  48.7%   136 2071s
 41908 24509 infeasible   95       -50.00000  -74.33307  48.7%   136 2077s
 42083 24584     cutoff   98       -50.00000  -74.33307  48.7%   136 2080s
 42428 24702  -67.60679   47  463  -50.00000  -72.21315  44.4%   136 2086s
 42665 24789  -63.77148   59  436  -50.00000  -72.21315  44.4%   136 2090s
 43314 24968  -51.82681   91  356  -50.00000  -72.21315  44.4%   136 2098s
 43700 25063  -57.78753   41  283  -50.00000  -70.15721  40.3%   136 2102s
 44091 25159  -68.10770   45  465  -50.00000  -69.97146  39.9%   136 2106s
 44440 25229  -61.87989   58  441  -50.00000  -69.95055  39.9%   136 2110s
 45095 25351  -52.24201   44  243  -50.00000  -69.80775  39.6%   136 2118s
 45545 25415  -52.97329   49  278  -50.00000  -69.40374  38.8%   136 2123s
 45993 25496  -64.36675   49  409  -50.00000  -69.21156  38.4%   136 2127s
 46489 25592  -56.83652   67  376  -50.00000  -68.80546  37.6%   136 2131s
 46925 25649  -54.37987   55  358  -50.00000  -68.65278  37.3%   136 2136s
 47321 25740  -53.89593   61  369  -50.00000  -68.52742  37.1%   136 2141s
 47838 25826  -51.60259   67  319  -50.00000  -68.37444  36.7%   137 2147s
 48332 25877  -52.86589   50  275  -50.00000  -68.35817  36.7%   137 2152s
 48726 25946  -58.75609   61  430  -50.00000  -68.07781  36.2%   137 2158s
 49139 26072  -51.76853   48  260  -50.00000  -68.07781  36.2%   137 2170s
 49503 26136  -58.50535   59  422  -50.00000  -67.98114  36.0%   138 2176s
 50052 26226  -66.57423   49  465  -50.00000  -67.98114  36.0%   138 2182s
 50551 26303  -55.86386   74  398  -50.00000  -67.73167  35.5%   138 2189s
 51087 26396  -62.39316   38  383  -50.00000  -67.69829  35.4%   139 2202s
 51578 26444  -62.72193   60  398  -50.00000  -67.23166  34.5%   139 2209s
 52200 26599  -60.17162   46  385  -50.00000  -67.09295  34.2%   139 2216s
 52839 26699  -61.91395   53  380  -50.00000  -66.88857  33.8%   139 2224s
 53429 26835  -52.84125   42  362  -50.00000  -66.83279  33.7%   140 2231s
 54042 26892  -58.04064   47  383  -50.00000  -66.83279  33.7%   140 2240s
 54737 26981  -57.80626   60  423  -50.00000  -66.68246  33.4%   141 2252s
 55349 27037  -66.01097   47  424  -50.00000  -66.41595  32.8%   141 2262s
 56030 27144  -51.95523   86  326  -50.00000  -66.33858  32.7%   142 2271s
 56682 27260  -65.11297   43  378  -50.00000  -66.14115  32.3%   142 2281s
 57413 27338     cutoff   52       -50.00000  -66.01065  32.0%   143 2295s
 58290 27446  -56.19417   53  367  -50.00000  -65.86196  31.7%   144 2314s
 59116 27517  -54.85044   54  238  -50.00000  -65.53068  31.1%   144 2325s
 59937 27591     cutoff   52       -50.00000  -65.30594  30.6%   145 2347s
 60525 27598  -53.55621   62  372  -50.00000  -65.30371  30.6%   145 2359s
 61369 27720     cutoff   87       -50.00000  -65.16613  30.3%   146 2373s
 62416 27837  -55.58324   65  386  -50.00000  -64.85655  29.7%   147 2388s
 63153 27876  -54.02893   51  344  -50.00000  -64.73234  29.5%   147 2408s
 64207 27934     cutoff   76       -50.00000  -64.59060  29.2%   147 2423s
 65360 28085  -51.00907   77  341  -50.00000  -64.34139  28.7%   148 2438s
 66541 28234     cutoff   59       -50.00000  -64.16447  28.3%   149 2454s
 67807 28391     cutoff   75       -50.00000  -63.96040  27.9%   149 2471s
 68992 28377     cutoff   55       -50.00000  -63.72779  27.5%   150 2488s
 70233 28431  -55.74960   58  330  -50.00000  -63.63054  27.3%   152 2504s
 71609 28568  -56.30042   64  365  -50.00000  -63.27330  26.5%   152 2521s
 72924 28692  -59.64046   67  397  -50.00000  -63.13186  26.3%   153 2547s
 73522 28652  -58.64046   68  399  -50.00000  -63.09006  26.2%   153 2563s
 74727 28704 infeasible   93       -50.00000  -63.00778  26.0%   154 2579s
 76002 28734  -59.48589   69  350  -50.00000  -62.66402  25.3%   155 2596s
 77294 28739 infeasible   44       -50.00000  -62.48219  25.0%   156 2614s
 78639 28837  -52.48655   87  338  -50.00000  -62.30225  24.6%   157 2635s
 79899 28883  -51.02645   85  327  -50.00000  -62.18475  24.4%   157 2652s
 81045 28848  -55.00415   65  396  -50.00000  -62.01009  24.0%   158 2670s
 82301 28864  -56.30244   58  379  -50.00000  -61.82746  23.7%   159 2686s
 83444 28826     cutoff   73       -50.00000  -61.65540  23.3%   160 2732s
 84769 28863     cutoff   55       -50.00000  -61.49739  23.0%   161 2749s
 86189 28927     cutoff   60       -50.00000  -61.40161  22.8%   161 2765s
 87429 28898  -59.60838   63  395  -50.00000  -61.30716  22.6%   162 2782s
 88723 28899     cutoff   62       -50.00000  -61.11338  22.2%   163 2798s
 89900 28831  -51.55261   67  344  -50.00000  -61.03235  22.1%   163 2815s
 91074 28745  -51.41192   69  334  -50.00000  -60.87894  21.8%   164 2833s
 92297 28751  -55.09203   60  449  -50.00000  -60.72709  21.5%   165 2849s
 93574 28712  -51.62548   59  361  -50.00000  -60.60819  21.2%   165 2866s
 94723 28719     cutoff   73       -50.00000  -60.48498  21.0%   166 2884s
 95734 28655     cutoff   72       -50.00000  -60.36612  20.7%   167 2901s
 96970 28528     cutoff   62       -50.00000  -60.22627  20.5%   168 2925s
 98187 28504     cutoff   64       -50.00000  -60.11148  20.2%   168 2942s
 99258 28508  -52.81968   89  374  -50.00000  -59.98969  20.0%   169 2960s
 100321 28416 infeasible  115       -50.00000  -59.97013  19.9%   170 2977s
 101363 28288  -52.61852   88  342  -50.00000  -59.83509  19.7%   171 2996s
 102420 28166  -53.08688   71  340  -50.00000  -59.71647  19.4%   172 3021s
 103661 28011  -54.55641   77  320  -50.00000  -59.59939  19.2%   172 3039s
 104913 27904     cutoff   67       -50.00000  -59.51143  19.0%   173 3056s
 106211 27819     cutoff   58       -50.00000  -59.40266  18.8%   174 3078s
 107389 28001  -51.40818   82  341  -50.00000  -59.28229  18.6%   174 3097s
 108435 28215  -55.78181   49  381  -50.00000  -59.21296  18.4%   175 3115s
 109691 28545  -58.80360   62  369  -50.00000  -59.12459  18.2%   175 3135s
 110802 28772     cutoff   67       -50.00000  -59.04480  18.1%   176 3155s
 111792 28955     cutoff   75       -50.00000  -59.00971  18.0%   177 3173s
 112860 29108  -56.76417   67  375  -50.00000  -58.88702  17.8%   178 3191s
 114082 29375  -55.71122   67  302  -50.00000  -58.78149  17.6%   178 3209s
 115167 29517  -55.03606   56  383  -50.00000  -58.69319  17.4%   179 3229s
 116310 29703  -57.68536   64  342  -50.00000  -58.57421  17.1%   180 3247s
 117413 29872     cutoff   57       -50.00000  -58.48043  17.0%   180 3265s
 118510 30012  -52.43016   57  352  -50.00000  -58.37237  16.7%   181 3283s
 119745 30223  -52.32263   61  359  -50.00000  -58.28170  16.6%   182 3304s
 120427 30270  -55.00423   60  386  -50.00000  -58.23187  16.5%   182 3322s
 121611 30474  -56.83658   57  394  -50.00000  -58.14059  16.3%   183 3346s
 122934 30767     cutoff   72       -50.00000  -58.07014  16.1%   183 3373s
 124015 30894  -56.57131   63  338  -50.00000  -58.00000  16.0%   184 3392s
 125140 31033 infeasible   76       -50.00000  -57.89859  15.8%   185 3410s
 126211 31161     cutoff   67       -50.00000  -57.80723  15.6%   185 3430s
 127230 31247  -55.87172   72  383  -50.00000  -57.72663  15.5%   186 3451s
 128425 31385  -51.65536   83  331  -50.00000  -57.66707  15.3%   187 3479s
 129551 31533     cutoff   63       -50.00000  -57.58521  15.2%   187 3499s
 130629 31611     cutoff   64       -50.00000  -57.53834  15.1%   187 3542s
 131781 31748     cutoff   54       -50.00000  -57.45053  14.9%   188 3568s
 132833 31777     cutoff   48       -50.00000  -57.35972  14.7%   189 3600s
 134008 31885     cutoff   67       -50.00000  -57.28525  14.6%   189 3630s
 135142 31996     cutoff   58       -50.00000  -57.21716  14.4%   190 3663s
 136230 32049     cutoff   60       -50.00000  -57.16022  14.3%   190 3684s
 137283 32100     cutoff   51       -50.00000  -57.09047  14.2%   191 3702s
 138425 32207  -54.10623   55  324  -50.00000  -57.01744  14.0%   191 3719s
 139364 32191     cutoff   59       -50.00000  -56.94651  13.9%   192 3737s
 140442 32242  -53.76890   62  316  -50.00000  -56.87702  13.8%   192 3755s
 141385 32362     cutoff   62       -50.00000  -56.81744  13.6%   193 3782s
 141766 32209  -52.18481   56  323  -50.00000  -56.79849  13.6%   193 3800s
 142686 32171     cutoff   69       -50.00000  -56.73945  13.5%   194 3820s
 143669 32163  -54.33202   65  370  -50.00000  -56.68278  13.4%   194 3842s
 144775 32203  -52.80137   66  388  -50.00000  -56.62004  13.2%   195 3865s
 145897 32231     cutoff   70       -50.00000  -56.57629  13.2%   195 3884s
 146913 32274     cutoff   69       -50.00000  -56.50154  13.0%   195 3910s
 147948 32324  -55.94555   73  383  -50.00000  -56.45969  12.9%   196 3930s
 148853 32320  -51.47906   51  288  -50.00000  -56.38795  12.8%   196 3952s
 149901 32325     cutoff   42       -50.00000  -56.36267  12.7%   197 3970s
 150740 32259     cutoff   59       -50.00000  -56.29487  12.6%   197 3990s
 151926 32300     cutoff   68       -50.00000  -56.23677  12.5%   198 4007s
 152863 32262     cutoff   66       -50.00000  -56.18103  12.4%   198 4025s
 153888 32306  -54.08442   73  346  -50.00000  -56.12436  12.2%   198 4045s
 154789 32279     cutoff   66       -50.00000  -56.08119  12.2%   199 4063s
 155756 32337  -52.67103   62  338  -50.00000  -56.02016  12.0%   199 4090s
 156847 32331 infeasible   87       -50.00000  -56.00000  12.0%   200 4108s
 157858 32309     cutoff   74       -50.00000  -55.93107  11.9%   200 4140s
 158842 32277  -51.82836   64  359  -50.00000  -55.89180  11.8%   201 4159s
 159656 32226  -52.90949   63  321  -50.00000  -55.84385  11.7%   201 4177s
 160630 32179     cutoff   66       -50.00000  -55.79481  11.6%   202 4198s
 161419 32070     cutoff   46       -50.00000  -55.75096  11.5%   202 4217s
 162365 32020  -55.35751   75  362  -50.00000  -55.70555  11.4%   203 4234s
 162927 31854     cutoff   70       -50.00000  -55.65955  11.3%   203 4252s
 163877 31786     cutoff   69       -50.00000  -55.61686  11.2%   204 4273s
 164508 31633     cutoff   73       -50.00000  -55.58731  11.2%   204 4290s
 165360 31559  -52.23259   59  376  -50.00000  -55.52927  11.1%   204 4305s
 166022 31415 infeasible   60       -50.00000  -55.48645  11.0%   205 4320s
 166872 31333     cutoff   76       -50.00000  -55.44322  10.9%   205 4339s
 167552 31170  -51.79114   60  317  -50.00000  -55.40083  10.8%   206 4356s
 168291 31033  -52.24365   61  235  -50.00000  -55.35758  10.7%   206 4377s
 169051 30984     cutoff   75       -50.00000  -55.31987  10.6%   207 4425s
 169570 30810  -52.71001   67  412  -50.00000  -55.29999  10.6%   207 4444s
 170331 30672     cutoff   77       -50.00000  -55.24138  10.5%   208 4462s
 171056 30507     cutoff   73       -50.00000  -55.20159  10.4%   208 4478s
 171784 30374  -53.94294   51  230  -50.00000  -55.16206  10.3%   209 4501s
 172665 30277 infeasible   72       -50.00000  -55.13069  10.3%   209 4521s
 173425 30153  -51.23156   72  427  -50.00000  -55.09395  10.2%   209 4541s
 174204 30029     cutoff   73       -50.00000  -55.05439  10.1%   210 4566s
 174893 29864     cutoff   71       -50.00000  -55.01721  10.0%   210 4587s
 175490 29691 infeasible   92       -50.00000  -54.98076  10.0%   211 4604s
 176166 29563     cutoff   69       -50.00000  -54.94155  9.88%   211 4620s
 176843 29392  -51.35850   61  265  -50.00000  -54.90794  9.82%   211 4640s
 177469 29220     cutoff   56       -50.00000  -54.87317  9.75%   212 4656s
 178139 29076  -52.30679   78  375  -50.00000  -54.83411  9.67%   212 4672s
 178845 28939  -54.64857   62  372  -50.00000  -54.80341  9.61%   213 4733s
 179596 28789     cutoff   63       -50.00000  -54.77733  9.55%   213 4755s
 180229 28618     cutoff   55       -50.00000  -54.74041  9.48%   213 4772s
 180971 28484  -52.07451   70  330  -50.00000  -54.70579  9.41%   214 4787s
 181600 28301  -51.95655   66  390  -50.00000  -54.67272  9.35%   214 4800s
 182263 28223  -51.48380   60  330  -50.00000  -54.63945  9.28%   214 4827s
 182705 28023     cutoff   55       -50.00000  -54.63113  9.26%   215 4841s
 183366 27847     cutoff   81       -50.00000  -54.58897  9.18%   215 4859s
 184079 27691     cutoff   56       -50.00000  -54.55551  9.11%   215 4886s
 184806 27626     cutoff   73       -50.00000  -54.52430  9.05%   216 4933s
 185184 27387     cutoff   65       -50.00000  -54.51963  9.04%   216 4951s
 185812 27201     cutoff   63       -50.00000  -54.47309  8.95%   216 4964s
 186435 27014     cutoff   70       -50.00000  -54.44599  8.89%   217 4982s
 187234 26880  -53.87259   52  341  -50.00000  -54.41467  8.83%   217 4999s
 187831 26685     cutoff   58       -50.00000  -54.38137  8.76%   217 5014s
 188472 26496  -51.45925   70  337  -50.00000  -54.35341  8.71%   218 5034s
 189089 26313     cutoff   56       -50.00000  -54.32281  8.65%   218 5051s
 189825 26169  -51.30822   55  314  -50.00000  -54.29462  8.59%   218 5062s
 190394 25990     cutoff   65       -50.00000  -54.26578  8.53%   219 5075s
 191050 25804     cutoff   58       -50.00000  -54.23417  8.47%   219 5088s
 191641 25609     cutoff   56       -50.00000  -54.20752  8.42%   219 5104s
 192320 25453     cutoff   61       -50.00000  -54.17891  8.36%   219 5120s
 192921 25254     cutoff   58       -50.00000  -54.15178  8.30%   220 5135s
 193459 25042     cutoff   61       -50.00000  -54.12136  8.24%   220 5155s
 194071 24853     cutoff   49       -50.00000  -54.09641  8.19%   220 5168s
 194663 24662     cutoff   66       -50.00000  -54.07076  8.14%   221 5181s
 195206 24447     cutoff   64       -50.00000  -54.04462  8.09%   221 5193s
 195822 24249  -52.46987   53  201  -50.00000  -54.01517  8.03%   221 5209s
 196410 24051  -53.01444   61  301  -50.00000  -53.98819  7.98%   221 5222s
 196999 23870     cutoff   44       -50.00000  -53.95927  7.92%   222 5242s
 197591 23661     cutoff   70       -50.00000  -53.93427  7.87%   222 5263s
 198223 23452  -52.96858   72  338  -50.00000  -53.90876  7.82%   222 5285s
 198867 23265  -51.97709   68  392  -50.00000  -53.88211  7.76%   223 5297s
 199440 23053     cutoff   58       -50.00000  -53.85984  7.72%   223 5312s
 200115 22876     cutoff   71       -50.00000  -53.83436  7.67%   223 5324s
 200724 22670     cutoff   57       -50.00000  -53.80735  7.61%   223 5338s
 201328 22459     cutoff   70       -50.00000  -53.78461  7.57%   224 5351s
 201907 22260     cutoff   61       -50.00000  -53.76021  7.52%   224 5364s
 202470 22045     cutoff   64       -50.00000  -53.73533  7.47%   224 5380s
 203050 21838     cutoff   64       -50.00000  -53.71290  7.43%   224 5391s
 203594 21631     cutoff   68       -50.00000  -53.69092  7.38%   225 5402s
 204212 21433  -51.07272   60  356  -50.00000  -53.66990  7.34%   225 5417s
 204830 21230     cutoff   46       -50.00000  -53.64681  7.29%   225 5431s
 205396 21011     cutoff   63       -50.00000  -53.62511  7.25%   225 5445s
 205956 20798     cutoff   51       -50.00000  -53.60211  7.20%   226 5457s
 206505 20579  -52.44837   61  343  -50.00000  -53.57886  7.16%   226 5470s
 207156 20372     cutoff   58       -50.00000  -53.55374  7.11%   226 5484s
 207692 20164     cutoff   68       -50.00000  -53.53020  7.06%   226 5495s
 208289 19966     cutoff   59       -50.00000  -53.50682  7.01%   226 5507s
 208867 19751     cutoff   64       -50.00000  -53.48528  6.97%   227 5526s
 209471 19549     cutoff   67       -50.00000  -53.46505  6.93%   227 5539s
 210009 19334     cutoff   61       -50.00000  -53.44293  6.89%   227 5558s
 210545 19112 infeasible   74       -50.00000  -53.42135  6.84%   227 5576s
 211092 18903     cutoff   71       -50.00000  -53.39861  6.80%   228 5592s
 211605 18674  -51.60012   84  335  -50.00000  -53.37754  6.76%   228 5604s
 212115 18449     cutoff   74       -50.00000  -53.35523  6.71%   228 5619s
 212650 18236     cutoff   56       -50.00000  -53.33385  6.67%   228 5636s
 213145 18011  -53.24768   59  321  -50.00000  -53.31191  6.62%   229 5648s
 213661 17776     cutoff   58       -50.00000  -53.29070  6.58%   229 5659s
 214188 17543     cutoff   69       -50.00000  -53.27123  6.54%   229 5670s
 214751 17341  -51.35402   61  344  -50.00000  -53.25153  6.50%   229 5685s
 215321 17127  -52.27393   72  367  -50.00000  -53.23048  6.46%   229 5700s
 215839 16924     cutoff   67       -50.00000  -53.21065  6.42%   229 5709s
 216297 16690  -51.59025   60  239  -50.00000  -53.19019  6.38%   230 5724s
 216866 16500  -51.39219   77  335  -50.00000  -53.17299  6.35%   230 5754s
 217286 16275  -51.92380   69  428  -50.00000  -53.16894  6.34%   230 5764s
 217788 16044     cutoff   67       -50.00000  -53.13377  6.27%   230 5775s
 218281 15813     cutoff   70       -50.00000  -53.11367  6.23%   230 5786s
 218765 15575  -52.77263   75  368  -50.00000  -53.09234  6.18%   231 5795s
 219207 15370     cutoff   62       -50.00000  -53.07328  6.15%   231 5840s
 219646 15131  -51.91214   77  305  -50.00000  -53.06455  6.13%   231 5852s
 220161 14904     cutoff   61       -50.00000  -53.03521  6.07%   231 5866s
 220712 14674     cutoff   83       -50.00000  -53.01353  6.03%   231 5879s
 221198 14440  -52.73888   63  282  -50.00000  -52.99432  5.99%   231 5892s
 221728 14202     cutoff   68       -50.00000  -52.97650  5.95%   232 5909s
 222298 13987     cutoff   75       -50.00000  -52.95778  5.92%   232 5921s
 222800 13757  -51.98148   58  357  -50.00000  -52.93944  5.88%   232 5934s
 223293 13522     cutoff   73       -50.00000  -52.92113  5.84%   232 5954s
 223733 13283     cutoff   61       -50.00000  -52.90345  5.81%   232 5968s
 224190 13047     cutoff   44       -50.00000  -52.88306  5.77%   232 5982s
 224627 12814     cutoff   64       -50.00000  -52.86560  5.73%   233 5992s
 225142 12576     cutoff   74       -50.00000  -52.84504  5.69%   233 6003s
 225610 12331  -52.06406   74  363  -50.00000  -52.82618  5.65%   233 6013s
 226070 12120     cutoff   72       -50.00000  -52.80855  5.62%   233 6062s
 226488 11881  -51.40474   85  336  -50.00000  -52.80073  5.60%   233 6073s
 226961 11647     cutoff   52       -50.00000  -52.77678  5.55%   233 6083s
 227388 11401     cutoff   73       -50.00000  -52.75887  5.52%   234 6099s
 227858 11163     cutoff   72       -50.00000  -52.74165  5.48%   234 6113s
 228327 10923 infeasible   74       -50.00000  -52.72382  5.45%   234 6127s
 228753 10685  -52.58786   84  377  -50.00000  -52.70600  5.41%   234 6141s
 229165 10439     cutoff   62       -50.00000  -52.69008  5.38%   234 6150s
 229557 10194     cutoff   69       -50.00000  -52.67277  5.35%   235 6161s
 229971  9954     cutoff   47       -50.00000  -52.65628  5.31%   235 6172s
 230461  9717  -51.10707   60  334  -50.00000  -52.63796  5.28%   235 6181s
 230902  9481  -52.44848   81  370  -50.00000  -52.62007  5.24%   235 6191s
 231318  9235     cutoff   64       -50.00000  -52.60403  5.21%   235 6199s
 231761  8993     cutoff   55       -50.00000  -52.58703  5.17%   235 6209s
 232246  8754     cutoff   68       -50.00000  -52.56923  5.14%   235 6217s
 232687  8511     cutoff   78       -50.00000  -52.55155  5.10%   236 6227s
 233137  8267     cutoff   70       -50.00000  -52.53353  5.07%   236 6236s
 233571  8035  -51.78437   65  299  -50.00000  -52.51583  5.03%   236 6247s
 234050  7790     cutoff   56       -50.00000  -52.49758  5.00%   236 6261s
 234546  7557     cutoff   73       -50.00000  -52.47919  4.96%   236 6270s
 234981  7309     cutoff   69       -50.00000  -52.46048  4.92%   236 6283s
 235423  7074     cutoff   56       -50.00000  -52.43991  4.88%   236 6296s
 235824  6830     cutoff   76       -50.00000  -52.41948  4.84%   237 6308s
 236288  6586     cutoff   54       -50.00000  -52.40014  4.80%   237 6322s
 236671  6336  -52.00082   58  292  -50.00000  -52.37958  4.76%   237 6336s
 237058  6086     cutoff   79       -50.00000  -52.35602  4.71%   237 6350s
 237483  5839     cutoff   51       -50.00000  -52.33565  4.67%   237 6364s
 237964  5609  -52.05905   65  350  -50.00000  -52.31521  4.63%   237 6377s
 238410  5367     cutoff   86       -50.00000  -52.29352  4.59%   237 6385s
 238837  5120     cutoff   71       -50.00000  -52.27045  4.54%   237 6400s
 239227  4872     cutoff   69       -50.00000  -52.24547  4.49%   237 6418s
 239638  4624     cutoff   82       -50.00000  -52.22116  4.44%   238 6430s
 240068  4375     cutoff   65       -50.00000  -52.19390  4.39%   238 6440s
 240450  4128     cutoff   81       -50.00000  -52.16866  4.34%   238 6453s
 240887  3880     cutoff   80       -50.00000  -52.14158  4.28%   238 6467s
 241263  3628     cutoff   74       -50.00000  -52.11429  4.23%   238 6481s
 241662  3377  -51.63338   74  326  -50.00000  -52.08463  4.17%   238 6494s
 242100  3129     cutoff   74       -50.00000  -52.05505  4.11%   238 6506s
 242487  2878     cutoff   70       -50.00000  -52.02494  4.05%   238 6523s
 242846  2626     cutoff   66       -50.00000  -51.99268  3.99%   239 6535s
 243237  2375     cutoff   63       -50.00000  -51.95526  3.91%   239 6543s
 243630  2125  -51.25957   66  307  -50.00000  -51.92011  3.84%   239 6550s
 243988  1873     cutoff   82       -50.00000  -51.87415  3.75%   239 6558s
 244377  1622     cutoff   73       -50.00000  -51.83426  3.67%   239 6567s
 244784  1375 infeasible   54       -50.00000  -51.78460  3.57%   239 6576s
 245139  1123     cutoff   59       -50.00000  -51.72883  3.46%   239 6581s
 245466   871     cutoff   90       -50.00000  -51.66362  3.33%   239 6589s
 245796   620     cutoff   75       -50.00000  -51.58629  3.17%   239 6597s
 246093   368     cutoff   50       -50.00000  -51.47002  2.94%   239 6602s
 246404   116     cutoff   71       -50.00000  -51.30468  2.61%   239 6605s

Cutting planes:
  Gomory: 101
  Cover: 3
  Clique: 13
  MIR: 44
  Flow cover: 58
  GUB cover: 1757
  Inf proof: 16
  Zero half: 257

Explored 246789 nodes (58907466 simplex iterations) in 6610.70 seconds
Thread count was 12 (of 40 available processors)

Solution count 10: -50 -49 -47 ... -32

Optimal solution found (tolerance 1.00e-04)
Best objective -5.000000000000e+01, best bound -5.000000000000e+01, gap 0.0000%

Number of covered targets:	50
Total library size:		7372800
Probability on target:		0.00001

Writing output...
